#! /usr/local/bin/vvp
:ivl_version "10.2 (stable)" "(v10_2)";
:ivl_delay_selection "TYPICAL";
:vpi_time_precision + 0;
:vpi_module "system";
:vpi_module "vhdl_sys";
:vpi_module "v2005_math";
:vpi_module "va_math";
S_0x564ef933f5a0 .scope module, "memory" "memory" 2 1;
 .timescale 0 0;
    .port_info 0 /INPUT 5 "address"
    .port_info 1 /OUTPUT 16 "out"
    .port_info 2 /INPUT 1 "read"
o0x7f429124c018 .functor BUFZ 5, C4<zzzzz>; HiZ drive
v0x564ef933f770_0 .net "address", 4 0, o0x7f429124c018;  0 drivers
v0x564ef93630d0 .array "memory", 0 255, 15 0;
v0x564ef93659a0_0 .var "out", 15 0;
o0x7f429124f078 .functor BUFZ 1, C4<z>; HiZ drive
v0x564ef9365a60_0 .net "read", 0 0, o0x7f429124f078;  0 drivers
v0x564ef93630d0_0 .array/port v0x564ef93630d0, 0;
v0x564ef93630d0_1 .array/port v0x564ef93630d0, 1;
E_0x564ef92e7a70/0 .event edge, v0x564ef9365a60_0, v0x564ef933f770_0, v0x564ef93630d0_0, v0x564ef93630d0_1;
v0x564ef93630d0_2 .array/port v0x564ef93630d0, 2;
v0x564ef93630d0_3 .array/port v0x564ef93630d0, 3;
v0x564ef93630d0_4 .array/port v0x564ef93630d0, 4;
v0x564ef93630d0_5 .array/port v0x564ef93630d0, 5;
E_0x564ef92e7a70/1 .event edge, v0x564ef93630d0_2, v0x564ef93630d0_3, v0x564ef93630d0_4, v0x564ef93630d0_5;
v0x564ef93630d0_6 .array/port v0x564ef93630d0, 6;
v0x564ef93630d0_7 .array/port v0x564ef93630d0, 7;
v0x564ef93630d0_8 .array/port v0x564ef93630d0, 8;
v0x564ef93630d0_9 .array/port v0x564ef93630d0, 9;
E_0x564ef92e7a70/2 .event edge, v0x564ef93630d0_6, v0x564ef93630d0_7, v0x564ef93630d0_8, v0x564ef93630d0_9;
v0x564ef93630d0_10 .array/port v0x564ef93630d0, 10;
v0x564ef93630d0_11 .array/port v0x564ef93630d0, 11;
v0x564ef93630d0_12 .array/port v0x564ef93630d0, 12;
v0x564ef93630d0_13 .array/port v0x564ef93630d0, 13;
E_0x564ef92e7a70/3 .event edge, v0x564ef93630d0_10, v0x564ef93630d0_11, v0x564ef93630d0_12, v0x564ef93630d0_13;
v0x564ef93630d0_14 .array/port v0x564ef93630d0, 14;
v0x564ef93630d0_15 .array/port v0x564ef93630d0, 15;
v0x564ef93630d0_16 .array/port v0x564ef93630d0, 16;
v0x564ef93630d0_17 .array/port v0x564ef93630d0, 17;
E_0x564ef92e7a70/4 .event edge, v0x564ef93630d0_14, v0x564ef93630d0_15, v0x564ef93630d0_16, v0x564ef93630d0_17;
v0x564ef93630d0_18 .array/port v0x564ef93630d0, 18;
v0x564ef93630d0_19 .array/port v0x564ef93630d0, 19;
v0x564ef93630d0_20 .array/port v0x564ef93630d0, 20;
v0x564ef93630d0_21 .array/port v0x564ef93630d0, 21;
E_0x564ef92e7a70/5 .event edge, v0x564ef93630d0_18, v0x564ef93630d0_19, v0x564ef93630d0_20, v0x564ef93630d0_21;
v0x564ef93630d0_22 .array/port v0x564ef93630d0, 22;
v0x564ef93630d0_23 .array/port v0x564ef93630d0, 23;
v0x564ef93630d0_24 .array/port v0x564ef93630d0, 24;
v0x564ef93630d0_25 .array/port v0x564ef93630d0, 25;
E_0x564ef92e7a70/6 .event edge, v0x564ef93630d0_22, v0x564ef93630d0_23, v0x564ef93630d0_24, v0x564ef93630d0_25;
v0x564ef93630d0_26 .array/port v0x564ef93630d0, 26;
v0x564ef93630d0_27 .array/port v0x564ef93630d0, 27;
v0x564ef93630d0_28 .array/port v0x564ef93630d0, 28;
v0x564ef93630d0_29 .array/port v0x564ef93630d0, 29;
E_0x564ef92e7a70/7 .event edge, v0x564ef93630d0_26, v0x564ef93630d0_27, v0x564ef93630d0_28, v0x564ef93630d0_29;
v0x564ef93630d0_30 .array/port v0x564ef93630d0, 30;
v0x564ef93630d0_31 .array/port v0x564ef93630d0, 31;
v0x564ef93630d0_32 .array/port v0x564ef93630d0, 32;
v0x564ef93630d0_33 .array/port v0x564ef93630d0, 33;
E_0x564ef92e7a70/8 .event edge, v0x564ef93630d0_30, v0x564ef93630d0_31, v0x564ef93630d0_32, v0x564ef93630d0_33;
v0x564ef93630d0_34 .array/port v0x564ef93630d0, 34;
v0x564ef93630d0_35 .array/port v0x564ef93630d0, 35;
v0x564ef93630d0_36 .array/port v0x564ef93630d0, 36;
v0x564ef93630d0_37 .array/port v0x564ef93630d0, 37;
E_0x564ef92e7a70/9 .event edge, v0x564ef93630d0_34, v0x564ef93630d0_35, v0x564ef93630d0_36, v0x564ef93630d0_37;
v0x564ef93630d0_38 .array/port v0x564ef93630d0, 38;
v0x564ef93630d0_39 .array/port v0x564ef93630d0, 39;
v0x564ef93630d0_40 .array/port v0x564ef93630d0, 40;
v0x564ef93630d0_41 .array/port v0x564ef93630d0, 41;
E_0x564ef92e7a70/10 .event edge, v0x564ef93630d0_38, v0x564ef93630d0_39, v0x564ef93630d0_40, v0x564ef93630d0_41;
v0x564ef93630d0_42 .array/port v0x564ef93630d0, 42;
v0x564ef93630d0_43 .array/port v0x564ef93630d0, 43;
v0x564ef93630d0_44 .array/port v0x564ef93630d0, 44;
v0x564ef93630d0_45 .array/port v0x564ef93630d0, 45;
E_0x564ef92e7a70/11 .event edge, v0x564ef93630d0_42, v0x564ef93630d0_43, v0x564ef93630d0_44, v0x564ef93630d0_45;
v0x564ef93630d0_46 .array/port v0x564ef93630d0, 46;
v0x564ef93630d0_47 .array/port v0x564ef93630d0, 47;
v0x564ef93630d0_48 .array/port v0x564ef93630d0, 48;
v0x564ef93630d0_49 .array/port v0x564ef93630d0, 49;
E_0x564ef92e7a70/12 .event edge, v0x564ef93630d0_46, v0x564ef93630d0_47, v0x564ef93630d0_48, v0x564ef93630d0_49;
v0x564ef93630d0_50 .array/port v0x564ef93630d0, 50;
v0x564ef93630d0_51 .array/port v0x564ef93630d0, 51;
v0x564ef93630d0_52 .array/port v0x564ef93630d0, 52;
v0x564ef93630d0_53 .array/port v0x564ef93630d0, 53;
E_0x564ef92e7a70/13 .event edge, v0x564ef93630d0_50, v0x564ef93630d0_51, v0x564ef93630d0_52, v0x564ef93630d0_53;
v0x564ef93630d0_54 .array/port v0x564ef93630d0, 54;
v0x564ef93630d0_55 .array/port v0x564ef93630d0, 55;
v0x564ef93630d0_56 .array/port v0x564ef93630d0, 56;
v0x564ef93630d0_57 .array/port v0x564ef93630d0, 57;
E_0x564ef92e7a70/14 .event edge, v0x564ef93630d0_54, v0x564ef93630d0_55, v0x564ef93630d0_56, v0x564ef93630d0_57;
v0x564ef93630d0_58 .array/port v0x564ef93630d0, 58;
v0x564ef93630d0_59 .array/port v0x564ef93630d0, 59;
v0x564ef93630d0_60 .array/port v0x564ef93630d0, 60;
v0x564ef93630d0_61 .array/port v0x564ef93630d0, 61;
E_0x564ef92e7a70/15 .event edge, v0x564ef93630d0_58, v0x564ef93630d0_59, v0x564ef93630d0_60, v0x564ef93630d0_61;
v0x564ef93630d0_62 .array/port v0x564ef93630d0, 62;
v0x564ef93630d0_63 .array/port v0x564ef93630d0, 63;
v0x564ef93630d0_64 .array/port v0x564ef93630d0, 64;
v0x564ef93630d0_65 .array/port v0x564ef93630d0, 65;
E_0x564ef92e7a70/16 .event edge, v0x564ef93630d0_62, v0x564ef93630d0_63, v0x564ef93630d0_64, v0x564ef93630d0_65;
v0x564ef93630d0_66 .array/port v0x564ef93630d0, 66;
v0x564ef93630d0_67 .array/port v0x564ef93630d0, 67;
v0x564ef93630d0_68 .array/port v0x564ef93630d0, 68;
v0x564ef93630d0_69 .array/port v0x564ef93630d0, 69;
E_0x564ef92e7a70/17 .event edge, v0x564ef93630d0_66, v0x564ef93630d0_67, v0x564ef93630d0_68, v0x564ef93630d0_69;
v0x564ef93630d0_70 .array/port v0x564ef93630d0, 70;
v0x564ef93630d0_71 .array/port v0x564ef93630d0, 71;
v0x564ef93630d0_72 .array/port v0x564ef93630d0, 72;
v0x564ef93630d0_73 .array/port v0x564ef93630d0, 73;
E_0x564ef92e7a70/18 .event edge, v0x564ef93630d0_70, v0x564ef93630d0_71, v0x564ef93630d0_72, v0x564ef93630d0_73;
v0x564ef93630d0_74 .array/port v0x564ef93630d0, 74;
v0x564ef93630d0_75 .array/port v0x564ef93630d0, 75;
v0x564ef93630d0_76 .array/port v0x564ef93630d0, 76;
v0x564ef93630d0_77 .array/port v0x564ef93630d0, 77;
E_0x564ef92e7a70/19 .event edge, v0x564ef93630d0_74, v0x564ef93630d0_75, v0x564ef93630d0_76, v0x564ef93630d0_77;
v0x564ef93630d0_78 .array/port v0x564ef93630d0, 78;
v0x564ef93630d0_79 .array/port v0x564ef93630d0, 79;
v0x564ef93630d0_80 .array/port v0x564ef93630d0, 80;
v0x564ef93630d0_81 .array/port v0x564ef93630d0, 81;
E_0x564ef92e7a70/20 .event edge, v0x564ef93630d0_78, v0x564ef93630d0_79, v0x564ef93630d0_80, v0x564ef93630d0_81;
v0x564ef93630d0_82 .array/port v0x564ef93630d0, 82;
v0x564ef93630d0_83 .array/port v0x564ef93630d0, 83;
v0x564ef93630d0_84 .array/port v0x564ef93630d0, 84;
v0x564ef93630d0_85 .array/port v0x564ef93630d0, 85;
E_0x564ef92e7a70/21 .event edge, v0x564ef93630d0_82, v0x564ef93630d0_83, v0x564ef93630d0_84, v0x564ef93630d0_85;
v0x564ef93630d0_86 .array/port v0x564ef93630d0, 86;
v0x564ef93630d0_87 .array/port v0x564ef93630d0, 87;
v0x564ef93630d0_88 .array/port v0x564ef93630d0, 88;
v0x564ef93630d0_89 .array/port v0x564ef93630d0, 89;
E_0x564ef92e7a70/22 .event edge, v0x564ef93630d0_86, v0x564ef93630d0_87, v0x564ef93630d0_88, v0x564ef93630d0_89;
v0x564ef93630d0_90 .array/port v0x564ef93630d0, 90;
v0x564ef93630d0_91 .array/port v0x564ef93630d0, 91;
v0x564ef93630d0_92 .array/port v0x564ef93630d0, 92;
v0x564ef93630d0_93 .array/port v0x564ef93630d0, 93;
E_0x564ef92e7a70/23 .event edge, v0x564ef93630d0_90, v0x564ef93630d0_91, v0x564ef93630d0_92, v0x564ef93630d0_93;
v0x564ef93630d0_94 .array/port v0x564ef93630d0, 94;
v0x564ef93630d0_95 .array/port v0x564ef93630d0, 95;
v0x564ef93630d0_96 .array/port v0x564ef93630d0, 96;
v0x564ef93630d0_97 .array/port v0x564ef93630d0, 97;
E_0x564ef92e7a70/24 .event edge, v0x564ef93630d0_94, v0x564ef93630d0_95, v0x564ef93630d0_96, v0x564ef93630d0_97;
v0x564ef93630d0_98 .array/port v0x564ef93630d0, 98;
v0x564ef93630d0_99 .array/port v0x564ef93630d0, 99;
v0x564ef93630d0_100 .array/port v0x564ef93630d0, 100;
v0x564ef93630d0_101 .array/port v0x564ef93630d0, 101;
E_0x564ef92e7a70/25 .event edge, v0x564ef93630d0_98, v0x564ef93630d0_99, v0x564ef93630d0_100, v0x564ef93630d0_101;
v0x564ef93630d0_102 .array/port v0x564ef93630d0, 102;
v0x564ef93630d0_103 .array/port v0x564ef93630d0, 103;
v0x564ef93630d0_104 .array/port v0x564ef93630d0, 104;
v0x564ef93630d0_105 .array/port v0x564ef93630d0, 105;
E_0x564ef92e7a70/26 .event edge, v0x564ef93630d0_102, v0x564ef93630d0_103, v0x564ef93630d0_104, v0x564ef93630d0_105;
v0x564ef93630d0_106 .array/port v0x564ef93630d0, 106;
v0x564ef93630d0_107 .array/port v0x564ef93630d0, 107;
v0x564ef93630d0_108 .array/port v0x564ef93630d0, 108;
v0x564ef93630d0_109 .array/port v0x564ef93630d0, 109;
E_0x564ef92e7a70/27 .event edge, v0x564ef93630d0_106, v0x564ef93630d0_107, v0x564ef93630d0_108, v0x564ef93630d0_109;
v0x564ef93630d0_110 .array/port v0x564ef93630d0, 110;
v0x564ef93630d0_111 .array/port v0x564ef93630d0, 111;
v0x564ef93630d0_112 .array/port v0x564ef93630d0, 112;
v0x564ef93630d0_113 .array/port v0x564ef93630d0, 113;
E_0x564ef92e7a70/28 .event edge, v0x564ef93630d0_110, v0x564ef93630d0_111, v0x564ef93630d0_112, v0x564ef93630d0_113;
v0x564ef93630d0_114 .array/port v0x564ef93630d0, 114;
v0x564ef93630d0_115 .array/port v0x564ef93630d0, 115;
v0x564ef93630d0_116 .array/port v0x564ef93630d0, 116;
v0x564ef93630d0_117 .array/port v0x564ef93630d0, 117;
E_0x564ef92e7a70/29 .event edge, v0x564ef93630d0_114, v0x564ef93630d0_115, v0x564ef93630d0_116, v0x564ef93630d0_117;
v0x564ef93630d0_118 .array/port v0x564ef93630d0, 118;
v0x564ef93630d0_119 .array/port v0x564ef93630d0, 119;
v0x564ef93630d0_120 .array/port v0x564ef93630d0, 120;
v0x564ef93630d0_121 .array/port v0x564ef93630d0, 121;
E_0x564ef92e7a70/30 .event edge, v0x564ef93630d0_118, v0x564ef93630d0_119, v0x564ef93630d0_120, v0x564ef93630d0_121;
v0x564ef93630d0_122 .array/port v0x564ef93630d0, 122;
v0x564ef93630d0_123 .array/port v0x564ef93630d0, 123;
v0x564ef93630d0_124 .array/port v0x564ef93630d0, 124;
v0x564ef93630d0_125 .array/port v0x564ef93630d0, 125;
E_0x564ef92e7a70/31 .event edge, v0x564ef93630d0_122, v0x564ef93630d0_123, v0x564ef93630d0_124, v0x564ef93630d0_125;
v0x564ef93630d0_126 .array/port v0x564ef93630d0, 126;
v0x564ef93630d0_127 .array/port v0x564ef93630d0, 127;
v0x564ef93630d0_128 .array/port v0x564ef93630d0, 128;
v0x564ef93630d0_129 .array/port v0x564ef93630d0, 129;
E_0x564ef92e7a70/32 .event edge, v0x564ef93630d0_126, v0x564ef93630d0_127, v0x564ef93630d0_128, v0x564ef93630d0_129;
v0x564ef93630d0_130 .array/port v0x564ef93630d0, 130;
v0x564ef93630d0_131 .array/port v0x564ef93630d0, 131;
v0x564ef93630d0_132 .array/port v0x564ef93630d0, 132;
v0x564ef93630d0_133 .array/port v0x564ef93630d0, 133;
E_0x564ef92e7a70/33 .event edge, v0x564ef93630d0_130, v0x564ef93630d0_131, v0x564ef93630d0_132, v0x564ef93630d0_133;
v0x564ef93630d0_134 .array/port v0x564ef93630d0, 134;
v0x564ef93630d0_135 .array/port v0x564ef93630d0, 135;
v0x564ef93630d0_136 .array/port v0x564ef93630d0, 136;
v0x564ef93630d0_137 .array/port v0x564ef93630d0, 137;
E_0x564ef92e7a70/34 .event edge, v0x564ef93630d0_134, v0x564ef93630d0_135, v0x564ef93630d0_136, v0x564ef93630d0_137;
v0x564ef93630d0_138 .array/port v0x564ef93630d0, 138;
v0x564ef93630d0_139 .array/port v0x564ef93630d0, 139;
v0x564ef93630d0_140 .array/port v0x564ef93630d0, 140;
v0x564ef93630d0_141 .array/port v0x564ef93630d0, 141;
E_0x564ef92e7a70/35 .event edge, v0x564ef93630d0_138, v0x564ef93630d0_139, v0x564ef93630d0_140, v0x564ef93630d0_141;
v0x564ef93630d0_142 .array/port v0x564ef93630d0, 142;
v0x564ef93630d0_143 .array/port v0x564ef93630d0, 143;
v0x564ef93630d0_144 .array/port v0x564ef93630d0, 144;
v0x564ef93630d0_145 .array/port v0x564ef93630d0, 145;
E_0x564ef92e7a70/36 .event edge, v0x564ef93630d0_142, v0x564ef93630d0_143, v0x564ef93630d0_144, v0x564ef93630d0_145;
v0x564ef93630d0_146 .array/port v0x564ef93630d0, 146;
v0x564ef93630d0_147 .array/port v0x564ef93630d0, 147;
v0x564ef93630d0_148 .array/port v0x564ef93630d0, 148;
v0x564ef93630d0_149 .array/port v0x564ef93630d0, 149;
E_0x564ef92e7a70/37 .event edge, v0x564ef93630d0_146, v0x564ef93630d0_147, v0x564ef93630d0_148, v0x564ef93630d0_149;
v0x564ef93630d0_150 .array/port v0x564ef93630d0, 150;
v0x564ef93630d0_151 .array/port v0x564ef93630d0, 151;
v0x564ef93630d0_152 .array/port v0x564ef93630d0, 152;
v0x564ef93630d0_153 .array/port v0x564ef93630d0, 153;
E_0x564ef92e7a70/38 .event edge, v0x564ef93630d0_150, v0x564ef93630d0_151, v0x564ef93630d0_152, v0x564ef93630d0_153;
v0x564ef93630d0_154 .array/port v0x564ef93630d0, 154;
v0x564ef93630d0_155 .array/port v0x564ef93630d0, 155;
v0x564ef93630d0_156 .array/port v0x564ef93630d0, 156;
v0x564ef93630d0_157 .array/port v0x564ef93630d0, 157;
E_0x564ef92e7a70/39 .event edge, v0x564ef93630d0_154, v0x564ef93630d0_155, v0x564ef93630d0_156, v0x564ef93630d0_157;
v0x564ef93630d0_158 .array/port v0x564ef93630d0, 158;
v0x564ef93630d0_159 .array/port v0x564ef93630d0, 159;
v0x564ef93630d0_160 .array/port v0x564ef93630d0, 160;
v0x564ef93630d0_161 .array/port v0x564ef93630d0, 161;
E_0x564ef92e7a70/40 .event edge, v0x564ef93630d0_158, v0x564ef93630d0_159, v0x564ef93630d0_160, v0x564ef93630d0_161;
v0x564ef93630d0_162 .array/port v0x564ef93630d0, 162;
v0x564ef93630d0_163 .array/port v0x564ef93630d0, 163;
v0x564ef93630d0_164 .array/port v0x564ef93630d0, 164;
v0x564ef93630d0_165 .array/port v0x564ef93630d0, 165;
E_0x564ef92e7a70/41 .event edge, v0x564ef93630d0_162, v0x564ef93630d0_163, v0x564ef93630d0_164, v0x564ef93630d0_165;
v0x564ef93630d0_166 .array/port v0x564ef93630d0, 166;
v0x564ef93630d0_167 .array/port v0x564ef93630d0, 167;
v0x564ef93630d0_168 .array/port v0x564ef93630d0, 168;
v0x564ef93630d0_169 .array/port v0x564ef93630d0, 169;
E_0x564ef92e7a70/42 .event edge, v0x564ef93630d0_166, v0x564ef93630d0_167, v0x564ef93630d0_168, v0x564ef93630d0_169;
v0x564ef93630d0_170 .array/port v0x564ef93630d0, 170;
v0x564ef93630d0_171 .array/port v0x564ef93630d0, 171;
v0x564ef93630d0_172 .array/port v0x564ef93630d0, 172;
v0x564ef93630d0_173 .array/port v0x564ef93630d0, 173;
E_0x564ef92e7a70/43 .event edge, v0x564ef93630d0_170, v0x564ef93630d0_171, v0x564ef93630d0_172, v0x564ef93630d0_173;
v0x564ef93630d0_174 .array/port v0x564ef93630d0, 174;
v0x564ef93630d0_175 .array/port v0x564ef93630d0, 175;
v0x564ef93630d0_176 .array/port v0x564ef93630d0, 176;
v0x564ef93630d0_177 .array/port v0x564ef93630d0, 177;
E_0x564ef92e7a70/44 .event edge, v0x564ef93630d0_174, v0x564ef93630d0_175, v0x564ef93630d0_176, v0x564ef93630d0_177;
v0x564ef93630d0_178 .array/port v0x564ef93630d0, 178;
v0x564ef93630d0_179 .array/port v0x564ef93630d0, 179;
v0x564ef93630d0_180 .array/port v0x564ef93630d0, 180;
v0x564ef93630d0_181 .array/port v0x564ef93630d0, 181;
E_0x564ef92e7a70/45 .event edge, v0x564ef93630d0_178, v0x564ef93630d0_179, v0x564ef93630d0_180, v0x564ef93630d0_181;
v0x564ef93630d0_182 .array/port v0x564ef93630d0, 182;
v0x564ef93630d0_183 .array/port v0x564ef93630d0, 183;
v0x564ef93630d0_184 .array/port v0x564ef93630d0, 184;
v0x564ef93630d0_185 .array/port v0x564ef93630d0, 185;
E_0x564ef92e7a70/46 .event edge, v0x564ef93630d0_182, v0x564ef93630d0_183, v0x564ef93630d0_184, v0x564ef93630d0_185;
v0x564ef93630d0_186 .array/port v0x564ef93630d0, 186;
v0x564ef93630d0_187 .array/port v0x564ef93630d0, 187;
v0x564ef93630d0_188 .array/port v0x564ef93630d0, 188;
v0x564ef93630d0_189 .array/port v0x564ef93630d0, 189;
E_0x564ef92e7a70/47 .event edge, v0x564ef93630d0_186, v0x564ef93630d0_187, v0x564ef93630d0_188, v0x564ef93630d0_189;
v0x564ef93630d0_190 .array/port v0x564ef93630d0, 190;
v0x564ef93630d0_191 .array/port v0x564ef93630d0, 191;
v0x564ef93630d0_192 .array/port v0x564ef93630d0, 192;
v0x564ef93630d0_193 .array/port v0x564ef93630d0, 193;
E_0x564ef92e7a70/48 .event edge, v0x564ef93630d0_190, v0x564ef93630d0_191, v0x564ef93630d0_192, v0x564ef93630d0_193;
v0x564ef93630d0_194 .array/port v0x564ef93630d0, 194;
v0x564ef93630d0_195 .array/port v0x564ef93630d0, 195;
v0x564ef93630d0_196 .array/port v0x564ef93630d0, 196;
v0x564ef93630d0_197 .array/port v0x564ef93630d0, 197;
E_0x564ef92e7a70/49 .event edge, v0x564ef93630d0_194, v0x564ef93630d0_195, v0x564ef93630d0_196, v0x564ef93630d0_197;
v0x564ef93630d0_198 .array/port v0x564ef93630d0, 198;
v0x564ef93630d0_199 .array/port v0x564ef93630d0, 199;
v0x564ef93630d0_200 .array/port v0x564ef93630d0, 200;
v0x564ef93630d0_201 .array/port v0x564ef93630d0, 201;
E_0x564ef92e7a70/50 .event edge, v0x564ef93630d0_198, v0x564ef93630d0_199, v0x564ef93630d0_200, v0x564ef93630d0_201;
v0x564ef93630d0_202 .array/port v0x564ef93630d0, 202;
v0x564ef93630d0_203 .array/port v0x564ef93630d0, 203;
v0x564ef93630d0_204 .array/port v0x564ef93630d0, 204;
v0x564ef93630d0_205 .array/port v0x564ef93630d0, 205;
E_0x564ef92e7a70/51 .event edge, v0x564ef93630d0_202, v0x564ef93630d0_203, v0x564ef93630d0_204, v0x564ef93630d0_205;
v0x564ef93630d0_206 .array/port v0x564ef93630d0, 206;
v0x564ef93630d0_207 .array/port v0x564ef93630d0, 207;
v0x564ef93630d0_208 .array/port v0x564ef93630d0, 208;
v0x564ef93630d0_209 .array/port v0x564ef93630d0, 209;
E_0x564ef92e7a70/52 .event edge, v0x564ef93630d0_206, v0x564ef93630d0_207, v0x564ef93630d0_208, v0x564ef93630d0_209;
v0x564ef93630d0_210 .array/port v0x564ef93630d0, 210;
v0x564ef93630d0_211 .array/port v0x564ef93630d0, 211;
v0x564ef93630d0_212 .array/port v0x564ef93630d0, 212;
v0x564ef93630d0_213 .array/port v0x564ef93630d0, 213;
E_0x564ef92e7a70/53 .event edge, v0x564ef93630d0_210, v0x564ef93630d0_211, v0x564ef93630d0_212, v0x564ef93630d0_213;
v0x564ef93630d0_214 .array/port v0x564ef93630d0, 214;
v0x564ef93630d0_215 .array/port v0x564ef93630d0, 215;
v0x564ef93630d0_216 .array/port v0x564ef93630d0, 216;
v0x564ef93630d0_217 .array/port v0x564ef93630d0, 217;
E_0x564ef92e7a70/54 .event edge, v0x564ef93630d0_214, v0x564ef93630d0_215, v0x564ef93630d0_216, v0x564ef93630d0_217;
v0x564ef93630d0_218 .array/port v0x564ef93630d0, 218;
v0x564ef93630d0_219 .array/port v0x564ef93630d0, 219;
v0x564ef93630d0_220 .array/port v0x564ef93630d0, 220;
v0x564ef93630d0_221 .array/port v0x564ef93630d0, 221;
E_0x564ef92e7a70/55 .event edge, v0x564ef93630d0_218, v0x564ef93630d0_219, v0x564ef93630d0_220, v0x564ef93630d0_221;
v0x564ef93630d0_222 .array/port v0x564ef93630d0, 222;
v0x564ef93630d0_223 .array/port v0x564ef93630d0, 223;
v0x564ef93630d0_224 .array/port v0x564ef93630d0, 224;
v0x564ef93630d0_225 .array/port v0x564ef93630d0, 225;
E_0x564ef92e7a70/56 .event edge, v0x564ef93630d0_222, v0x564ef93630d0_223, v0x564ef93630d0_224, v0x564ef93630d0_225;
v0x564ef93630d0_226 .array/port v0x564ef93630d0, 226;
v0x564ef93630d0_227 .array/port v0x564ef93630d0, 227;
v0x564ef93630d0_228 .array/port v0x564ef93630d0, 228;
v0x564ef93630d0_229 .array/port v0x564ef93630d0, 229;
E_0x564ef92e7a70/57 .event edge, v0x564ef93630d0_226, v0x564ef93630d0_227, v0x564ef93630d0_228, v0x564ef93630d0_229;
v0x564ef93630d0_230 .array/port v0x564ef93630d0, 230;
v0x564ef93630d0_231 .array/port v0x564ef93630d0, 231;
v0x564ef93630d0_232 .array/port v0x564ef93630d0, 232;
v0x564ef93630d0_233 .array/port v0x564ef93630d0, 233;
E_0x564ef92e7a70/58 .event edge, v0x564ef93630d0_230, v0x564ef93630d0_231, v0x564ef93630d0_232, v0x564ef93630d0_233;
v0x564ef93630d0_234 .array/port v0x564ef93630d0, 234;
v0x564ef93630d0_235 .array/port v0x564ef93630d0, 235;
v0x564ef93630d0_236 .array/port v0x564ef93630d0, 236;
v0x564ef93630d0_237 .array/port v0x564ef93630d0, 237;
E_0x564ef92e7a70/59 .event edge, v0x564ef93630d0_234, v0x564ef93630d0_235, v0x564ef93630d0_236, v0x564ef93630d0_237;
v0x564ef93630d0_238 .array/port v0x564ef93630d0, 238;
v0x564ef93630d0_239 .array/port v0x564ef93630d0, 239;
v0x564ef93630d0_240 .array/port v0x564ef93630d0, 240;
v0x564ef93630d0_241 .array/port v0x564ef93630d0, 241;
E_0x564ef92e7a70/60 .event edge, v0x564ef93630d0_238, v0x564ef93630d0_239, v0x564ef93630d0_240, v0x564ef93630d0_241;
v0x564ef93630d0_242 .array/port v0x564ef93630d0, 242;
v0x564ef93630d0_243 .array/port v0x564ef93630d0, 243;
v0x564ef93630d0_244 .array/port v0x564ef93630d0, 244;
v0x564ef93630d0_245 .array/port v0x564ef93630d0, 245;
E_0x564ef92e7a70/61 .event edge, v0x564ef93630d0_242, v0x564ef93630d0_243, v0x564ef93630d0_244, v0x564ef93630d0_245;
v0x564ef93630d0_246 .array/port v0x564ef93630d0, 246;
v0x564ef93630d0_247 .array/port v0x564ef93630d0, 247;
v0x564ef93630d0_248 .array/port v0x564ef93630d0, 248;
v0x564ef93630d0_249 .array/port v0x564ef93630d0, 249;
E_0x564ef92e7a70/62 .event edge, v0x564ef93630d0_246, v0x564ef93630d0_247, v0x564ef93630d0_248, v0x564ef93630d0_249;
v0x564ef93630d0_250 .array/port v0x564ef93630d0, 250;
v0x564ef93630d0_251 .array/port v0x564ef93630d0, 251;
v0x564ef93630d0_252 .array/port v0x564ef93630d0, 252;
v0x564ef93630d0_253 .array/port v0x564ef93630d0, 253;
E_0x564ef92e7a70/63 .event edge, v0x564ef93630d0_250, v0x564ef93630d0_251, v0x564ef93630d0_252, v0x564ef93630d0_253;
v0x564ef93630d0_254 .array/port v0x564ef93630d0, 254;
v0x564ef93630d0_255 .array/port v0x564ef93630d0, 255;
E_0x564ef92e7a70/64 .event edge, v0x564ef93630d0_254, v0x564ef93630d0_255, v0x564ef93659a0_0;
E_0x564ef92e7a70 .event/or E_0x564ef92e7a70/0, E_0x564ef92e7a70/1, E_0x564ef92e7a70/2, E_0x564ef92e7a70/3, E_0x564ef92e7a70/4, E_0x564ef92e7a70/5, E_0x564ef92e7a70/6, E_0x564ef92e7a70/7, E_0x564ef92e7a70/8, E_0x564ef92e7a70/9, E_0x564ef92e7a70/10, E_0x564ef92e7a70/11, E_0x564ef92e7a70/12, E_0x564ef92e7a70/13, E_0x564ef92e7a70/14, E_0x564ef92e7a70/15, E_0x564ef92e7a70/16, E_0x564ef92e7a70/17, E_0x564ef92e7a70/18, E_0x564ef92e7a70/19, E_0x564ef92e7a70/20, E_0x564ef92e7a70/21, E_0x564ef92e7a70/22, E_0x564ef92e7a70/23, E_0x564ef92e7a70/24, E_0x564ef92e7a70/25, E_0x564ef92e7a70/26, E_0x564ef92e7a70/27, E_0x564ef92e7a70/28, E_0x564ef92e7a70/29, E_0x564ef92e7a70/30, E_0x564ef92e7a70/31, E_0x564ef92e7a70/32, E_0x564ef92e7a70/33, E_0x564ef92e7a70/34, E_0x564ef92e7a70/35, E_0x564ef92e7a70/36, E_0x564ef92e7a70/37, E_0x564ef92e7a70/38, E_0x564ef92e7a70/39, E_0x564ef92e7a70/40, E_0x564ef92e7a70/41, E_0x564ef92e7a70/42, E_0x564ef92e7a70/43, E_0x564ef92e7a70/44, E_0x564ef92e7a70/45, E_0x564ef92e7a70/46, E_0x564ef92e7a70/47, E_0x564ef92e7a70/48, E_0x564ef92e7a70/49, E_0x564ef92e7a70/50, E_0x564ef92e7a70/51, E_0x564ef92e7a70/52, E_0x564ef92e7a70/53, E_0x564ef92e7a70/54, E_0x564ef92e7a70/55, E_0x564ef92e7a70/56, E_0x564ef92e7a70/57, E_0x564ef92e7a70/58, E_0x564ef92e7a70/59, E_0x564ef92e7a70/60, E_0x564ef92e7a70/61, E_0x564ef92e7a70/62, E_0x564ef92e7a70/63, E_0x564ef92e7a70/64;
    .scope S_0x564ef933f5a0;
T_0 ;
    %pushi/vec4 0, 0, 16;
    %ix/load 4, 0, 0;
    %flag_set/imm 4, 0;
    %store/vec4a v0x564ef93630d0, 4, 0;
    %pushi/vec4 1, 0, 16;
    %ix/load 4, 1, 0;
    %flag_set/imm 4, 0;
    %store/vec4a v0x564ef93630d0, 4, 0;
    %pushi/vec4 2, 0, 16;
    %ix/load 4, 2, 0;
    %flag_set/imm 4, 0;
    %store/vec4a v0x564ef93630d0, 4, 0;
    %pushi/vec4 3, 0, 16;
    %ix/load 4, 3, 0;
    %flag_set/imm 4, 0;
    %store/vec4a v0x564ef93630d0, 4, 0;
    %pushi/vec4 4, 0, 16;
    %ix/load 4, 4, 0;
    %flag_set/imm 4, 0;
    %store/vec4a v0x564ef93630d0, 4, 0;
    %pushi/vec4 5, 0, 16;
    %ix/load 4, 5, 0;
    %flag_set/imm 4, 0;
    %store/vec4a v0x564ef93630d0, 4, 0;
    %pushi/vec4 6, 0, 16;
    %ix/load 4, 6, 0;
    %flag_set/imm 4, 0;
    %store/vec4a v0x564ef93630d0, 4, 0;
    %pushi/vec4 7, 0, 16;
    %ix/load 4, 7, 0;
    %flag_set/imm 4, 0;
    %store/vec4a v0x564ef93630d0, 4, 0;
    %pushi/vec4 8, 0, 16;
    %ix/load 4, 8, 0;
    %flag_set/imm 4, 0;
    %store/vec4a v0x564ef93630d0, 4, 0;
    %pushi/vec4 9, 0, 16;
    %ix/load 4, 9, 0;
    %flag_set/imm 4, 0;
    %store/vec4a v0x564ef93630d0, 4, 0;
    %pushi/vec4 10, 0, 16;
    %ix/load 4, 10, 0;
    %flag_set/imm 4, 0;
    %store/vec4a v0x564ef93630d0, 4, 0;
    %pushi/vec4 11, 0, 16;
    %ix/load 4, 11, 0;
    %flag_set/imm 4, 0;
    %store/vec4a v0x564ef93630d0, 4, 0;
    %pushi/vec4 12, 0, 16;
    %ix/load 4, 12, 0;
    %flag_set/imm 4, 0;
    %store/vec4a v0x564ef93630d0, 4, 0;
    %pushi/vec4 13, 0, 16;
    %ix/load 4, 13, 0;
    %flag_set/imm 4, 0;
    %store/vec4a v0x564ef93630d0, 4, 0;
    %pushi/vec4 14, 0, 16;
    %ix/load 4, 14, 0;
    %flag_set/imm 4, 0;
    %store/vec4a v0x564ef93630d0, 4, 0;
    %pushi/vec4 15, 0, 16;
    %ix/load 4, 15, 0;
    %flag_set/imm 4, 0;
    %store/vec4a v0x564ef93630d0, 4, 0;
    %pushi/vec4 16, 0, 16;
    %ix/load 4, 16, 0;
    %flag_set/imm 4, 0;
    %store/vec4a v0x564ef93630d0, 4, 0;
    %pushi/vec4 17, 0, 16;
    %ix/load 4, 17, 0;
    %flag_set/imm 4, 0;
    %store/vec4a v0x564ef93630d0, 4, 0;
    %pushi/vec4 18, 0, 16;
    %ix/load 4, 18, 0;
    %flag_set/imm 4, 0;
    %store/vec4a v0x564ef93630d0, 4, 0;
    %pushi/vec4 19, 0, 16;
    %ix/load 4, 19, 0;
    %flag_set/imm 4, 0;
    %store/vec4a v0x564ef93630d0, 4, 0;
    %pushi/vec4 20, 0, 16;
    %ix/load 4, 20, 0;
    %flag_set/imm 4, 0;
    %store/vec4a v0x564ef93630d0, 4, 0;
    %pushi/vec4 21, 0, 16;
    %ix/load 4, 21, 0;
    %flag_set/imm 4, 0;
    %store/vec4a v0x564ef93630d0, 4, 0;
    %pushi/vec4 22, 0, 16;
    %ix/load 4, 22, 0;
    %flag_set/imm 4, 0;
    %store/vec4a v0x564ef93630d0, 4, 0;
    %pushi/vec4 23, 0, 16;
    %ix/load 4, 23, 0;
    %flag_set/imm 4, 0;
    %store/vec4a v0x564ef93630d0, 4, 0;
    %pushi/vec4 24, 0, 16;
    %ix/load 4, 24, 0;
    %flag_set/imm 4, 0;
    %store/vec4a v0x564ef93630d0, 4, 0;
    %pushi/vec4 25, 0, 16;
    %ix/load 4, 25, 0;
    %flag_set/imm 4, 0;
    %store/vec4a v0x564ef93630d0, 4, 0;
    %pushi/vec4 26, 0, 16;
    %ix/load 4, 26, 0;
    %flag_set/imm 4, 0;
    %store/vec4a v0x564ef93630d0, 4, 0;
    %pushi/vec4 27, 0, 16;
    %ix/load 4, 27, 0;
    %flag_set/imm 4, 0;
    %store/vec4a v0x564ef93630d0, 4, 0;
    %pushi/vec4 28, 0, 16;
    %ix/load 4, 28, 0;
    %flag_set/imm 4, 0;
    %store/vec4a v0x564ef93630d0, 4, 0;
    %pushi/vec4 29, 0, 16;
    %ix/load 4, 29, 0;
    %flag_set/imm 4, 0;
    %store/vec4a v0x564ef93630d0, 4, 0;
    %pushi/vec4 30, 0, 16;
    %ix/load 4, 30, 0;
    %flag_set/imm 4, 0;
    %store/vec4a v0x564ef93630d0, 4, 0;
    %pushi/vec4 31, 0, 16;
    %ix/load 4, 31, 0;
    %flag_set/imm 4, 0;
    %store/vec4a v0x564ef93630d0, 4, 0;
    %pushi/vec4 32, 0, 16;
    %ix/load 4, 32, 0;
    %flag_set/imm 4, 0;
    %store/vec4a v0x564ef93630d0, 4, 0;
    %pushi/vec4 33, 0, 16;
    %ix/load 4, 33, 0;
    %flag_set/imm 4, 0;
    %store/vec4a v0x564ef93630d0, 4, 0;
    %pushi/vec4 34, 0, 16;
    %ix/load 4, 34, 0;
    %flag_set/imm 4, 0;
    %store/vec4a v0x564ef93630d0, 4, 0;
    %pushi/vec4 35, 0, 16;
    %ix/load 4, 35, 0;
    %flag_set/imm 4, 0;
    %store/vec4a v0x564ef93630d0, 4, 0;
    %pushi/vec4 36, 0, 16;
    %ix/load 4, 36, 0;
    %flag_set/imm 4, 0;
    %store/vec4a v0x564ef93630d0, 4, 0;
    %pushi/vec4 37, 0, 16;
    %ix/load 4, 37, 0;
    %flag_set/imm 4, 0;
    %store/vec4a v0x564ef93630d0, 4, 0;
    %pushi/vec4 38, 0, 16;
    %ix/load 4, 38, 0;
    %flag_set/imm 4, 0;
    %store/vec4a v0x564ef93630d0, 4, 0;
    %pushi/vec4 39, 0, 16;
    %ix/load 4, 39, 0;
    %flag_set/imm 4, 0;
    %store/vec4a v0x564ef93630d0, 4, 0;
    %pushi/vec4 40, 0, 16;
    %ix/load 4, 40, 0;
    %flag_set/imm 4, 0;
    %store/vec4a v0x564ef93630d0, 4, 0;
    %pushi/vec4 41, 0, 16;
    %ix/load 4, 41, 0;
    %flag_set/imm 4, 0;
    %store/vec4a v0x564ef93630d0, 4, 0;
    %pushi/vec4 42, 0, 16;
    %ix/load 4, 42, 0;
    %flag_set/imm 4, 0;
    %store/vec4a v0x564ef93630d0, 4, 0;
    %pushi/vec4 43, 0, 16;
    %ix/load 4, 43, 0;
    %flag_set/imm 4, 0;
    %store/vec4a v0x564ef93630d0, 4, 0;
    %pushi/vec4 44, 0, 16;
    %ix/load 4, 44, 0;
    %flag_set/imm 4, 0;
    %store/vec4a v0x564ef93630d0, 4, 0;
    %pushi/vec4 45, 0, 16;
    %ix/load 4, 45, 0;
    %flag_set/imm 4, 0;
    %store/vec4a v0x564ef93630d0, 4, 0;
    %pushi/vec4 46, 0, 16;
    %ix/load 4, 46, 0;
    %flag_set/imm 4, 0;
    %store/vec4a v0x564ef93630d0, 4, 0;
    %pushi/vec4 47, 0, 16;
    %ix/load 4, 47, 0;
    %flag_set/imm 4, 0;
    %store/vec4a v0x564ef93630d0, 4, 0;
    %pushi/vec4 48, 0, 16;
    %ix/load 4, 48, 0;
    %flag_set/imm 4, 0;
    %store/vec4a v0x564ef93630d0, 4, 0;
    %pushi/vec4 49, 0, 16;
    %ix/load 4, 49, 0;
    %flag_set/imm 4, 0;
    %store/vec4a v0x564ef93630d0, 4, 0;
    %pushi/vec4 50, 0, 16;
    %ix/load 4, 50, 0;
    %flag_set/imm 4, 0;
    %store/vec4a v0x564ef93630d0, 4, 0;
    %pushi/vec4 51, 0, 16;
    %ix/load 4, 51, 0;
    %flag_set/imm 4, 0;
    %store/vec4a v0x564ef93630d0, 4, 0;
    %pushi/vec4 52, 0, 16;
    %ix/load 4, 52, 0;
    %flag_set/imm 4, 0;
    %store/vec4a v0x564ef93630d0, 4, 0;
    %pushi/vec4 53, 0, 16;
    %ix/load 4, 53, 0;
    %flag_set/imm 4, 0;
    %store/vec4a v0x564ef93630d0, 4, 0;
    %pushi/vec4 54, 0, 16;
    %ix/load 4, 54, 0;
    %flag_set/imm 4, 0;
    %store/vec4a v0x564ef93630d0, 4, 0;
    %pushi/vec4 55, 0, 16;
    %ix/load 4, 55, 0;
    %flag_set/imm 4, 0;
    %store/vec4a v0x564ef93630d0, 4, 0;
    %pushi/vec4 56, 0, 16;
    %ix/load 4, 56, 0;
    %flag_set/imm 4, 0;
    %store/vec4a v0x564ef93630d0, 4, 0;
    %pushi/vec4 57, 0, 16;
    %ix/load 4, 57, 0;
    %flag_set/imm 4, 0;
    %store/vec4a v0x564ef93630d0, 4, 0;
    %pushi/vec4 58, 0, 16;
    %ix/load 4, 58, 0;
    %flag_set/imm 4, 0;
    %store/vec4a v0x564ef93630d0, 4, 0;
    %pushi/vec4 59, 0, 16;
    %ix/load 4, 59, 0;
    %flag_set/imm 4, 0;
    %store/vec4a v0x564ef93630d0, 4, 0;
    %pushi/vec4 60, 0, 16;
    %ix/load 4, 60, 0;
    %flag_set/imm 4, 0;
    %store/vec4a v0x564ef93630d0, 4, 0;
    %pushi/vec4 61, 0, 16;
    %ix/load 4, 61, 0;
    %flag_set/imm 4, 0;
    %store/vec4a v0x564ef93630d0, 4, 0;
    %pushi/vec4 62, 0, 16;
    %ix/load 4, 62, 0;
    %flag_set/imm 4, 0;
    %store/vec4a v0x564ef93630d0, 4, 0;
    %pushi/vec4 63, 0, 16;
    %ix/load 4, 63, 0;
    %flag_set/imm 4, 0;
    %store/vec4a v0x564ef93630d0, 4, 0;
    %pushi/vec4 64, 0, 16;
    %ix/load 4, 64, 0;
    %flag_set/imm 4, 0;
    %store/vec4a v0x564ef93630d0, 4, 0;
    %pushi/vec4 65, 0, 16;
    %ix/load 4, 65, 0;
    %flag_set/imm 4, 0;
    %store/vec4a v0x564ef93630d0, 4, 0;
    %pushi/vec4 66, 0, 16;
    %ix/load 4, 66, 0;
    %flag_set/imm 4, 0;
    %store/vec4a v0x564ef93630d0, 4, 0;
    %pushi/vec4 67, 0, 16;
    %ix/load 4, 67, 0;
    %flag_set/imm 4, 0;
    %store/vec4a v0x564ef93630d0, 4, 0;
    %pushi/vec4 68, 0, 16;
    %ix/load 4, 68, 0;
    %flag_set/imm 4, 0;
    %store/vec4a v0x564ef93630d0, 4, 0;
    %pushi/vec4 69, 0, 16;
    %ix/load 4, 69, 0;
    %flag_set/imm 4, 0;
    %store/vec4a v0x564ef93630d0, 4, 0;
    %pushi/vec4 70, 0, 16;
    %ix/load 4, 70, 0;
    %flag_set/imm 4, 0;
    %store/vec4a v0x564ef93630d0, 4, 0;
    %pushi/vec4 71, 0, 16;
    %ix/load 4, 71, 0;
    %flag_set/imm 4, 0;
    %store/vec4a v0x564ef93630d0, 4, 0;
    %pushi/vec4 72, 0, 16;
    %ix/load 4, 72, 0;
    %flag_set/imm 4, 0;
    %store/vec4a v0x564ef93630d0, 4, 0;
    %pushi/vec4 73, 0, 16;
    %ix/load 4, 73, 0;
    %flag_set/imm 4, 0;
    %store/vec4a v0x564ef93630d0, 4, 0;
    %pushi/vec4 74, 0, 16;
    %ix/load 4, 74, 0;
    %flag_set/imm 4, 0;
    %store/vec4a v0x564ef93630d0, 4, 0;
    %pushi/vec4 75, 0, 16;
    %ix/load 4, 75, 0;
    %flag_set/imm 4, 0;
    %store/vec4a v0x564ef93630d0, 4, 0;
    %pushi/vec4 76, 0, 16;
    %ix/load 4, 76, 0;
    %flag_set/imm 4, 0;
    %store/vec4a v0x564ef93630d0, 4, 0;
    %pushi/vec4 77, 0, 16;
    %ix/load 4, 77, 0;
    %flag_set/imm 4, 0;
    %store/vec4a v0x564ef93630d0, 4, 0;
    %pushi/vec4 78, 0, 16;
    %ix/load 4, 78, 0;
    %flag_set/imm 4, 0;
    %store/vec4a v0x564ef93630d0, 4, 0;
    %pushi/vec4 79, 0, 16;
    %ix/load 4, 79, 0;
    %flag_set/imm 4, 0;
    %store/vec4a v0x564ef93630d0, 4, 0;
    %pushi/vec4 80, 0, 16;
    %ix/load 4, 80, 0;
    %flag_set/imm 4, 0;
    %store/vec4a v0x564ef93630d0, 4, 0;
    %pushi/vec4 81, 0, 16;
    %ix/load 4, 81, 0;
    %flag_set/imm 4, 0;
    %store/vec4a v0x564ef93630d0, 4, 0;
    %pushi/vec4 82, 0, 16;
    %ix/load 4, 82, 0;
    %flag_set/imm 4, 0;
    %store/vec4a v0x564ef93630d0, 4, 0;
    %pushi/vec4 83, 0, 16;
    %ix/load 4, 83, 0;
    %flag_set/imm 4, 0;
    %store/vec4a v0x564ef93630d0, 4, 0;
    %pushi/vec4 84, 0, 16;
    %ix/load 4, 84, 0;
    %flag_set/imm 4, 0;
    %store/vec4a v0x564ef93630d0, 4, 0;
    %pushi/vec4 85, 0, 16;
    %ix/load 4, 85, 0;
    %flag_set/imm 4, 0;
    %store/vec4a v0x564ef93630d0, 4, 0;
    %pushi/vec4 86, 0, 16;
    %ix/load 4, 86, 0;
    %flag_set/imm 4, 0;
    %store/vec4a v0x564ef93630d0, 4, 0;
    %pushi/vec4 87, 0, 16;
    %ix/load 4, 87, 0;
    %flag_set/imm 4, 0;
    %store/vec4a v0x564ef93630d0, 4, 0;
    %pushi/vec4 88, 0, 16;
    %ix/load 4, 88, 0;
    %flag_set/imm 4, 0;
    %store/vec4a v0x564ef93630d0, 4, 0;
    %pushi/vec4 89, 0, 16;
    %ix/load 4, 89, 0;
    %flag_set/imm 4, 0;
    %store/vec4a v0x564ef93630d0, 4, 0;
    %pushi/vec4 90, 0, 16;
    %ix/load 4, 90, 0;
    %flag_set/imm 4, 0;
    %store/vec4a v0x564ef93630d0, 4, 0;
    %pushi/vec4 91, 0, 16;
    %ix/load 4, 91, 0;
    %flag_set/imm 4, 0;
    %store/vec4a v0x564ef93630d0, 4, 0;
    %pushi/vec4 92, 0, 16;
    %ix/load 4, 92, 0;
    %flag_set/imm 4, 0;
    %store/vec4a v0x564ef93630d0, 4, 0;
    %pushi/vec4 93, 0, 16;
    %ix/load 4, 93, 0;
    %flag_set/imm 4, 0;
    %store/vec4a v0x564ef93630d0, 4, 0;
    %pushi/vec4 94, 0, 16;
    %ix/load 4, 94, 0;
    %flag_set/imm 4, 0;
    %store/vec4a v0x564ef93630d0, 4, 0;
    %pushi/vec4 95, 0, 16;
    %ix/load 4, 95, 0;
    %flag_set/imm 4, 0;
    %store/vec4a v0x564ef93630d0, 4, 0;
    %pushi/vec4 96, 0, 16;
    %ix/load 4, 96, 0;
    %flag_set/imm 4, 0;
    %store/vec4a v0x564ef93630d0, 4, 0;
    %pushi/vec4 97, 0, 16;
    %ix/load 4, 97, 0;
    %flag_set/imm 4, 0;
    %store/vec4a v0x564ef93630d0, 4, 0;
    %pushi/vec4 98, 0, 16;
    %ix/load 4, 98, 0;
    %flag_set/imm 4, 0;
    %store/vec4a v0x564ef93630d0, 4, 0;
    %pushi/vec4 99, 0, 16;
    %ix/load 4, 99, 0;
    %flag_set/imm 4, 0;
    %store/vec4a v0x564ef93630d0, 4, 0;
    %pushi/vec4 100, 0, 16;
    %ix/load 4, 100, 0;
    %flag_set/imm 4, 0;
    %store/vec4a v0x564ef93630d0, 4, 0;
    %pushi/vec4 101, 0, 16;
    %ix/load 4, 101, 0;
    %flag_set/imm 4, 0;
    %store/vec4a v0x564ef93630d0, 4, 0;
    %pushi/vec4 102, 0, 16;
    %ix/load 4, 102, 0;
    %flag_set/imm 4, 0;
    %store/vec4a v0x564ef93630d0, 4, 0;
    %pushi/vec4 103, 0, 16;
    %ix/load 4, 103, 0;
    %flag_set/imm 4, 0;
    %store/vec4a v0x564ef93630d0, 4, 0;
    %pushi/vec4 104, 0, 16;
    %ix/load 4, 104, 0;
    %flag_set/imm 4, 0;
    %store/vec4a v0x564ef93630d0, 4, 0;
    %pushi/vec4 105, 0, 16;
    %ix/load 4, 105, 0;
    %flag_set/imm 4, 0;
    %store/vec4a v0x564ef93630d0, 4, 0;
    %pushi/vec4 106, 0, 16;
    %ix/load 4, 106, 0;
    %flag_set/imm 4, 0;
    %store/vec4a v0x564ef93630d0, 4, 0;
    %pushi/vec4 107, 0, 16;
    %ix/load 4, 107, 0;
    %flag_set/imm 4, 0;
    %store/vec4a v0x564ef93630d0, 4, 0;
    %pushi/vec4 108, 0, 16;
    %ix/load 4, 108, 0;
    %flag_set/imm 4, 0;
    %store/vec4a v0x564ef93630d0, 4, 0;
    %pushi/vec4 109, 0, 16;
    %ix/load 4, 109, 0;
    %flag_set/imm 4, 0;
    %store/vec4a v0x564ef93630d0, 4, 0;
    %pushi/vec4 110, 0, 16;
    %ix/load 4, 110, 0;
    %flag_set/imm 4, 0;
    %store/vec4a v0x564ef93630d0, 4, 0;
    %pushi/vec4 111, 0, 16;
    %ix/load 4, 111, 0;
    %flag_set/imm 4, 0;
    %store/vec4a v0x564ef93630d0, 4, 0;
    %pushi/vec4 112, 0, 16;
    %ix/load 4, 112, 0;
    %flag_set/imm 4, 0;
    %store/vec4a v0x564ef93630d0, 4, 0;
    %pushi/vec4 113, 0, 16;
    %ix/load 4, 113, 0;
    %flag_set/imm 4, 0;
    %store/vec4a v0x564ef93630d0, 4, 0;
    %pushi/vec4 114, 0, 16;
    %ix/load 4, 114, 0;
    %flag_set/imm 4, 0;
    %store/vec4a v0x564ef93630d0, 4, 0;
    %pushi/vec4 115, 0, 16;
    %ix/load 4, 115, 0;
    %flag_set/imm 4, 0;
    %store/vec4a v0x564ef93630d0, 4, 0;
    %pushi/vec4 116, 0, 16;
    %ix/load 4, 116, 0;
    %flag_set/imm 4, 0;
    %store/vec4a v0x564ef93630d0, 4, 0;
    %pushi/vec4 117, 0, 16;
    %ix/load 4, 117, 0;
    %flag_set/imm 4, 0;
    %store/vec4a v0x564ef93630d0, 4, 0;
    %pushi/vec4 118, 0, 16;
    %ix/load 4, 118, 0;
    %flag_set/imm 4, 0;
    %store/vec4a v0x564ef93630d0, 4, 0;
    %pushi/vec4 119, 0, 16;
    %ix/load 4, 119, 0;
    %flag_set/imm 4, 0;
    %store/vec4a v0x564ef93630d0, 4, 0;
    %pushi/vec4 120, 0, 16;
    %ix/load 4, 120, 0;
    %flag_set/imm 4, 0;
    %store/vec4a v0x564ef93630d0, 4, 0;
    %pushi/vec4 121, 0, 16;
    %ix/load 4, 121, 0;
    %flag_set/imm 4, 0;
    %store/vec4a v0x564ef93630d0, 4, 0;
    %pushi/vec4 122, 0, 16;
    %ix/load 4, 122, 0;
    %flag_set/imm 4, 0;
    %store/vec4a v0x564ef93630d0, 4, 0;
    %pushi/vec4 123, 0, 16;
    %ix/load 4, 123, 0;
    %flag_set/imm 4, 0;
    %store/vec4a v0x564ef93630d0, 4, 0;
    %pushi/vec4 124, 0, 16;
    %ix/load 4, 124, 0;
    %flag_set/imm 4, 0;
    %store/vec4a v0x564ef93630d0, 4, 0;
    %pushi/vec4 125, 0, 16;
    %ix/load 4, 125, 0;
    %flag_set/imm 4, 0;
    %store/vec4a v0x564ef93630d0, 4, 0;
    %pushi/vec4 126, 0, 16;
    %ix/load 4, 126, 0;
    %flag_set/imm 4, 0;
    %store/vec4a v0x564ef93630d0, 4, 0;
    %pushi/vec4 127, 0, 16;
    %ix/load 4, 127, 0;
    %flag_set/imm 4, 0;
    %store/vec4a v0x564ef93630d0, 4, 0;
    %pushi/vec4 128, 0, 16;
    %ix/load 4, 128, 0;
    %flag_set/imm 4, 0;
    %store/vec4a v0x564ef93630d0, 4, 0;
    %pushi/vec4 129, 0, 16;
    %ix/load 4, 129, 0;
    %flag_set/imm 4, 0;
    %store/vec4a v0x564ef93630d0, 4, 0;
    %pushi/vec4 130, 0, 16;
    %ix/load 4, 130, 0;
    %flag_set/imm 4, 0;
    %store/vec4a v0x564ef93630d0, 4, 0;
    %pushi/vec4 131, 0, 16;
    %ix/load 4, 131, 0;
    %flag_set/imm 4, 0;
    %store/vec4a v0x564ef93630d0, 4, 0;
    %pushi/vec4 132, 0, 16;
    %ix/load 4, 132, 0;
    %flag_set/imm 4, 0;
    %store/vec4a v0x564ef93630d0, 4, 0;
    %pushi/vec4 133, 0, 16;
    %ix/load 4, 133, 0;
    %flag_set/imm 4, 0;
    %store/vec4a v0x564ef93630d0, 4, 0;
    %pushi/vec4 134, 0, 16;
    %ix/load 4, 134, 0;
    %flag_set/imm 4, 0;
    %store/vec4a v0x564ef93630d0, 4, 0;
    %pushi/vec4 135, 0, 16;
    %ix/load 4, 135, 0;
    %flag_set/imm 4, 0;
    %store/vec4a v0x564ef93630d0, 4, 0;
    %pushi/vec4 136, 0, 16;
    %ix/load 4, 136, 0;
    %flag_set/imm 4, 0;
    %store/vec4a v0x564ef93630d0, 4, 0;
    %pushi/vec4 137, 0, 16;
    %ix/load 4, 137, 0;
    %flag_set/imm 4, 0;
    %store/vec4a v0x564ef93630d0, 4, 0;
    %pushi/vec4 138, 0, 16;
    %ix/load 4, 138, 0;
    %flag_set/imm 4, 0;
    %store/vec4a v0x564ef93630d0, 4, 0;
    %pushi/vec4 139, 0, 16;
    %ix/load 4, 139, 0;
    %flag_set/imm 4, 0;
    %store/vec4a v0x564ef93630d0, 4, 0;
    %pushi/vec4 140, 0, 16;
    %ix/load 4, 140, 0;
    %flag_set/imm 4, 0;
    %store/vec4a v0x564ef93630d0, 4, 0;
    %pushi/vec4 141, 0, 16;
    %ix/load 4, 141, 0;
    %flag_set/imm 4, 0;
    %store/vec4a v0x564ef93630d0, 4, 0;
    %pushi/vec4 142, 0, 16;
    %ix/load 4, 142, 0;
    %flag_set/imm 4, 0;
    %store/vec4a v0x564ef93630d0, 4, 0;
    %pushi/vec4 143, 0, 16;
    %ix/load 4, 143, 0;
    %flag_set/imm 4, 0;
    %store/vec4a v0x564ef93630d0, 4, 0;
    %pushi/vec4 144, 0, 16;
    %ix/load 4, 144, 0;
    %flag_set/imm 4, 0;
    %store/vec4a v0x564ef93630d0, 4, 0;
    %pushi/vec4 145, 0, 16;
    %ix/load 4, 145, 0;
    %flag_set/imm 4, 0;
    %store/vec4a v0x564ef93630d0, 4, 0;
    %pushi/vec4 146, 0, 16;
    %ix/load 4, 146, 0;
    %flag_set/imm 4, 0;
    %store/vec4a v0x564ef93630d0, 4, 0;
    %pushi/vec4 147, 0, 16;
    %ix/load 4, 147, 0;
    %flag_set/imm 4, 0;
    %store/vec4a v0x564ef93630d0, 4, 0;
    %pushi/vec4 148, 0, 16;
    %ix/load 4, 148, 0;
    %flag_set/imm 4, 0;
    %store/vec4a v0x564ef93630d0, 4, 0;
    %pushi/vec4 149, 0, 16;
    %ix/load 4, 149, 0;
    %flag_set/imm 4, 0;
    %store/vec4a v0x564ef93630d0, 4, 0;
    %pushi/vec4 150, 0, 16;
    %ix/load 4, 150, 0;
    %flag_set/imm 4, 0;
    %store/vec4a v0x564ef93630d0, 4, 0;
    %pushi/vec4 151, 0, 16;
    %ix/load 4, 151, 0;
    %flag_set/imm 4, 0;
    %store/vec4a v0x564ef93630d0, 4, 0;
    %pushi/vec4 152, 0, 16;
    %ix/load 4, 152, 0;
    %flag_set/imm 4, 0;
    %store/vec4a v0x564ef93630d0, 4, 0;
    %pushi/vec4 153, 0, 16;
    %ix/load 4, 153, 0;
    %flag_set/imm 4, 0;
    %store/vec4a v0x564ef93630d0, 4, 0;
    %pushi/vec4 154, 0, 16;
    %ix/load 4, 154, 0;
    %flag_set/imm 4, 0;
    %store/vec4a v0x564ef93630d0, 4, 0;
    %pushi/vec4 155, 0, 16;
    %ix/load 4, 155, 0;
    %flag_set/imm 4, 0;
    %store/vec4a v0x564ef93630d0, 4, 0;
    %pushi/vec4 156, 0, 16;
    %ix/load 4, 156, 0;
    %flag_set/imm 4, 0;
    %store/vec4a v0x564ef93630d0, 4, 0;
    %pushi/vec4 157, 0, 16;
    %ix/load 4, 157, 0;
    %flag_set/imm 4, 0;
    %store/vec4a v0x564ef93630d0, 4, 0;
    %pushi/vec4 158, 0, 16;
    %ix/load 4, 158, 0;
    %flag_set/imm 4, 0;
    %store/vec4a v0x564ef93630d0, 4, 0;
    %pushi/vec4 159, 0, 16;
    %ix/load 4, 159, 0;
    %flag_set/imm 4, 0;
    %store/vec4a v0x564ef93630d0, 4, 0;
    %pushi/vec4 160, 0, 16;
    %ix/load 4, 160, 0;
    %flag_set/imm 4, 0;
    %store/vec4a v0x564ef93630d0, 4, 0;
    %pushi/vec4 161, 0, 16;
    %ix/load 4, 161, 0;
    %flag_set/imm 4, 0;
    %store/vec4a v0x564ef93630d0, 4, 0;
    %pushi/vec4 162, 0, 16;
    %ix/load 4, 162, 0;
    %flag_set/imm 4, 0;
    %store/vec4a v0x564ef93630d0, 4, 0;
    %pushi/vec4 163, 0, 16;
    %ix/load 4, 163, 0;
    %flag_set/imm 4, 0;
    %store/vec4a v0x564ef93630d0, 4, 0;
    %pushi/vec4 164, 0, 16;
    %ix/load 4, 164, 0;
    %flag_set/imm 4, 0;
    %store/vec4a v0x564ef93630d0, 4, 0;
    %pushi/vec4 165, 0, 16;
    %ix/load 4, 165, 0;
    %flag_set/imm 4, 0;
    %store/vec4a v0x564ef93630d0, 4, 0;
    %pushi/vec4 166, 0, 16;
    %ix/load 4, 166, 0;
    %flag_set/imm 4, 0;
    %store/vec4a v0x564ef93630d0, 4, 0;
    %pushi/vec4 167, 0, 16;
    %ix/load 4, 167, 0;
    %flag_set/imm 4, 0;
    %store/vec4a v0x564ef93630d0, 4, 0;
    %pushi/vec4 168, 0, 16;
    %ix/load 4, 168, 0;
    %flag_set/imm 4, 0;
    %store/vec4a v0x564ef93630d0, 4, 0;
    %pushi/vec4 169, 0, 16;
    %ix/load 4, 169, 0;
    %flag_set/imm 4, 0;
    %store/vec4a v0x564ef93630d0, 4, 0;
    %pushi/vec4 170, 0, 16;
    %ix/load 4, 170, 0;
    %flag_set/imm 4, 0;
    %store/vec4a v0x564ef93630d0, 4, 0;
    %pushi/vec4 171, 0, 16;
    %ix/load 4, 171, 0;
    %flag_set/imm 4, 0;
    %store/vec4a v0x564ef93630d0, 4, 0;
    %pushi/vec4 172, 0, 16;
    %ix/load 4, 172, 0;
    %flag_set/imm 4, 0;
    %store/vec4a v0x564ef93630d0, 4, 0;
    %pushi/vec4 173, 0, 16;
    %ix/load 4, 173, 0;
    %flag_set/imm 4, 0;
    %store/vec4a v0x564ef93630d0, 4, 0;
    %pushi/vec4 174, 0, 16;
    %ix/load 4, 174, 0;
    %flag_set/imm 4, 0;
    %store/vec4a v0x564ef93630d0, 4, 0;
    %pushi/vec4 175, 0, 16;
    %ix/load 4, 175, 0;
    %flag_set/imm 4, 0;
    %store/vec4a v0x564ef93630d0, 4, 0;
    %pushi/vec4 176, 0, 16;
    %ix/load 4, 176, 0;
    %flag_set/imm 4, 0;
    %store/vec4a v0x564ef93630d0, 4, 0;
    %pushi/vec4 177, 0, 16;
    %ix/load 4, 177, 0;
    %flag_set/imm 4, 0;
    %store/vec4a v0x564ef93630d0, 4, 0;
    %pushi/vec4 178, 0, 16;
    %ix/load 4, 178, 0;
    %flag_set/imm 4, 0;
    %store/vec4a v0x564ef93630d0, 4, 0;
    %pushi/vec4 179, 0, 16;
    %ix/load 4, 179, 0;
    %flag_set/imm 4, 0;
    %store/vec4a v0x564ef93630d0, 4, 0;
    %pushi/vec4 180, 0, 16;
    %ix/load 4, 180, 0;
    %flag_set/imm 4, 0;
    %store/vec4a v0x564ef93630d0, 4, 0;
    %pushi/vec4 181, 0, 16;
    %ix/load 4, 181, 0;
    %flag_set/imm 4, 0;
    %store/vec4a v0x564ef93630d0, 4, 0;
    %pushi/vec4 182, 0, 16;
    %ix/load 4, 182, 0;
    %flag_set/imm 4, 0;
    %store/vec4a v0x564ef93630d0, 4, 0;
    %pushi/vec4 183, 0, 16;
    %ix/load 4, 183, 0;
    %flag_set/imm 4, 0;
    %store/vec4a v0x564ef93630d0, 4, 0;
    %pushi/vec4 184, 0, 16;
    %ix/load 4, 184, 0;
    %flag_set/imm 4, 0;
    %store/vec4a v0x564ef93630d0, 4, 0;
    %pushi/vec4 185, 0, 16;
    %ix/load 4, 185, 0;
    %flag_set/imm 4, 0;
    %store/vec4a v0x564ef93630d0, 4, 0;
    %pushi/vec4 186, 0, 16;
    %ix/load 4, 186, 0;
    %flag_set/imm 4, 0;
    %store/vec4a v0x564ef93630d0, 4, 0;
    %pushi/vec4 187, 0, 16;
    %ix/load 4, 187, 0;
    %flag_set/imm 4, 0;
    %store/vec4a v0x564ef93630d0, 4, 0;
    %pushi/vec4 188, 0, 16;
    %ix/load 4, 188, 0;
    %flag_set/imm 4, 0;
    %store/vec4a v0x564ef93630d0, 4, 0;
    %pushi/vec4 189, 0, 16;
    %ix/load 4, 189, 0;
    %flag_set/imm 4, 0;
    %store/vec4a v0x564ef93630d0, 4, 0;
    %pushi/vec4 190, 0, 16;
    %ix/load 4, 190, 0;
    %flag_set/imm 4, 0;
    %store/vec4a v0x564ef93630d0, 4, 0;
    %pushi/vec4 191, 0, 16;
    %ix/load 4, 191, 0;
    %flag_set/imm 4, 0;
    %store/vec4a v0x564ef93630d0, 4, 0;
    %pushi/vec4 192, 0, 16;
    %ix/load 4, 192, 0;
    %flag_set/imm 4, 0;
    %store/vec4a v0x564ef93630d0, 4, 0;
    %pushi/vec4 193, 0, 16;
    %ix/load 4, 193, 0;
    %flag_set/imm 4, 0;
    %store/vec4a v0x564ef93630d0, 4, 0;
    %pushi/vec4 194, 0, 16;
    %ix/load 4, 194, 0;
    %flag_set/imm 4, 0;
    %store/vec4a v0x564ef93630d0, 4, 0;
    %pushi/vec4 195, 0, 16;
    %ix/load 4, 195, 0;
    %flag_set/imm 4, 0;
    %store/vec4a v0x564ef93630d0, 4, 0;
    %pushi/vec4 196, 0, 16;
    %ix/load 4, 196, 0;
    %flag_set/imm 4, 0;
    %store/vec4a v0x564ef93630d0, 4, 0;
    %pushi/vec4 197, 0, 16;
    %ix/load 4, 197, 0;
    %flag_set/imm 4, 0;
    %store/vec4a v0x564ef93630d0, 4, 0;
    %pushi/vec4 198, 0, 16;
    %ix/load 4, 198, 0;
    %flag_set/imm 4, 0;
    %store/vec4a v0x564ef93630d0, 4, 0;
    %pushi/vec4 199, 0, 16;
    %ix/load 4, 199, 0;
    %flag_set/imm 4, 0;
    %store/vec4a v0x564ef93630d0, 4, 0;
    %pushi/vec4 200, 0, 16;
    %ix/load 4, 200, 0;
    %flag_set/imm 4, 0;
    %store/vec4a v0x564ef93630d0, 4, 0;
    %pushi/vec4 201, 0, 16;
    %ix/load 4, 201, 0;
    %flag_set/imm 4, 0;
    %store/vec4a v0x564ef93630d0, 4, 0;
    %pushi/vec4 202, 0, 16;
    %ix/load 4, 202, 0;
    %flag_set/imm 4, 0;
    %store/vec4a v0x564ef93630d0, 4, 0;
    %pushi/vec4 203, 0, 16;
    %ix/load 4, 203, 0;
    %flag_set/imm 4, 0;
    %store/vec4a v0x564ef93630d0, 4, 0;
    %pushi/vec4 204, 0, 16;
    %ix/load 4, 204, 0;
    %flag_set/imm 4, 0;
    %store/vec4a v0x564ef93630d0, 4, 0;
    %pushi/vec4 205, 0, 16;
    %ix/load 4, 205, 0;
    %flag_set/imm 4, 0;
    %store/vec4a v0x564ef93630d0, 4, 0;
    %pushi/vec4 206, 0, 16;
    %ix/load 4, 206, 0;
    %flag_set/imm 4, 0;
    %store/vec4a v0x564ef93630d0, 4, 0;
    %pushi/vec4 207, 0, 16;
    %ix/load 4, 207, 0;
    %flag_set/imm 4, 0;
    %store/vec4a v0x564ef93630d0, 4, 0;
    %pushi/vec4 208, 0, 16;
    %ix/load 4, 208, 0;
    %flag_set/imm 4, 0;
    %store/vec4a v0x564ef93630d0, 4, 0;
    %pushi/vec4 209, 0, 16;
    %ix/load 4, 209, 0;
    %flag_set/imm 4, 0;
    %store/vec4a v0x564ef93630d0, 4, 0;
    %pushi/vec4 210, 0, 16;
    %ix/load 4, 210, 0;
    %flag_set/imm 4, 0;
    %store/vec4a v0x564ef93630d0, 4, 0;
    %pushi/vec4 211, 0, 16;
    %ix/load 4, 211, 0;
    %flag_set/imm 4, 0;
    %store/vec4a v0x564ef93630d0, 4, 0;
    %pushi/vec4 212, 0, 16;
    %ix/load 4, 212, 0;
    %flag_set/imm 4, 0;
    %store/vec4a v0x564ef93630d0, 4, 0;
    %pushi/vec4 213, 0, 16;
    %ix/load 4, 213, 0;
    %flag_set/imm 4, 0;
    %store/vec4a v0x564ef93630d0, 4, 0;
    %pushi/vec4 214, 0, 16;
    %ix/load 4, 214, 0;
    %flag_set/imm 4, 0;
    %store/vec4a v0x564ef93630d0, 4, 0;
    %pushi/vec4 215, 0, 16;
    %ix/load 4, 215, 0;
    %flag_set/imm 4, 0;
    %store/vec4a v0x564ef93630d0, 4, 0;
    %pushi/vec4 216, 0, 16;
    %ix/load 4, 216, 0;
    %flag_set/imm 4, 0;
    %store/vec4a v0x564ef93630d0, 4, 0;
    %pushi/vec4 217, 0, 16;
    %ix/load 4, 217, 0;
    %flag_set/imm 4, 0;
    %store/vec4a v0x564ef93630d0, 4, 0;
    %pushi/vec4 218, 0, 16;
    %ix/load 4, 218, 0;
    %flag_set/imm 4, 0;
    %store/vec4a v0x564ef93630d0, 4, 0;
    %pushi/vec4 219, 0, 16;
    %ix/load 4, 219, 0;
    %flag_set/imm 4, 0;
    %store/vec4a v0x564ef93630d0, 4, 0;
    %pushi/vec4 220, 0, 16;
    %ix/load 4, 220, 0;
    %flag_set/imm 4, 0;
    %store/vec4a v0x564ef93630d0, 4, 0;
    %pushi/vec4 221, 0, 16;
    %ix/load 4, 221, 0;
    %flag_set/imm 4, 0;
    %store/vec4a v0x564ef93630d0, 4, 0;
    %pushi/vec4 222, 0, 16;
    %ix/load 4, 222, 0;
    %flag_set/imm 4, 0;
    %store/vec4a v0x564ef93630d0, 4, 0;
    %pushi/vec4 223, 0, 16;
    %ix/load 4, 223, 0;
    %flag_set/imm 4, 0;
    %store/vec4a v0x564ef93630d0, 4, 0;
    %pushi/vec4 224, 0, 16;
    %ix/load 4, 224, 0;
    %flag_set/imm 4, 0;
    %store/vec4a v0x564ef93630d0, 4, 0;
    %pushi/vec4 225, 0, 16;
    %ix/load 4, 225, 0;
    %flag_set/imm 4, 0;
    %store/vec4a v0x564ef93630d0, 4, 0;
    %pushi/vec4 226, 0, 16;
    %ix/load 4, 226, 0;
    %flag_set/imm 4, 0;
    %store/vec4a v0x564ef93630d0, 4, 0;
    %pushi/vec4 227, 0, 16;
    %ix/load 4, 227, 0;
    %flag_set/imm 4, 0;
    %store/vec4a v0x564ef93630d0, 4, 0;
    %pushi/vec4 228, 0, 16;
    %ix/load 4, 228, 0;
    %flag_set/imm 4, 0;
    %store/vec4a v0x564ef93630d0, 4, 0;
    %pushi/vec4 229, 0, 16;
    %ix/load 4, 229, 0;
    %flag_set/imm 4, 0;
    %store/vec4a v0x564ef93630d0, 4, 0;
    %pushi/vec4 230, 0, 16;
    %ix/load 4, 230, 0;
    %flag_set/imm 4, 0;
    %store/vec4a v0x564ef93630d0, 4, 0;
    %pushi/vec4 231, 0, 16;
    %ix/load 4, 231, 0;
    %flag_set/imm 4, 0;
    %store/vec4a v0x564ef93630d0, 4, 0;
    %pushi/vec4 232, 0, 16;
    %ix/load 4, 232, 0;
    %flag_set/imm 4, 0;
    %store/vec4a v0x564ef93630d0, 4, 0;
    %pushi/vec4 233, 0, 16;
    %ix/load 4, 233, 0;
    %flag_set/imm 4, 0;
    %store/vec4a v0x564ef93630d0, 4, 0;
    %pushi/vec4 234, 0, 16;
    %ix/load 4, 234, 0;
    %flag_set/imm 4, 0;
    %store/vec4a v0x564ef93630d0, 4, 0;
    %pushi/vec4 235, 0, 16;
    %ix/load 4, 235, 0;
    %flag_set/imm 4, 0;
    %store/vec4a v0x564ef93630d0, 4, 0;
    %pushi/vec4 236, 0, 16;
    %ix/load 4, 236, 0;
    %flag_set/imm 4, 0;
    %store/vec4a v0x564ef93630d0, 4, 0;
    %pushi/vec4 237, 0, 16;
    %ix/load 4, 237, 0;
    %flag_set/imm 4, 0;
    %store/vec4a v0x564ef93630d0, 4, 0;
    %pushi/vec4 238, 0, 16;
    %ix/load 4, 238, 0;
    %flag_set/imm 4, 0;
    %store/vec4a v0x564ef93630d0, 4, 0;
    %pushi/vec4 239, 0, 16;
    %ix/load 4, 239, 0;
    %flag_set/imm 4, 0;
    %store/vec4a v0x564ef93630d0, 4, 0;
    %pushi/vec4 240, 0, 16;
    %ix/load 4, 240, 0;
    %flag_set/imm 4, 0;
    %store/vec4a v0x564ef93630d0, 4, 0;
    %pushi/vec4 241, 0, 16;
    %ix/load 4, 241, 0;
    %flag_set/imm 4, 0;
    %store/vec4a v0x564ef93630d0, 4, 0;
    %pushi/vec4 242, 0, 16;
    %ix/load 4, 242, 0;
    %flag_set/imm 4, 0;
    %store/vec4a v0x564ef93630d0, 4, 0;
    %pushi/vec4 243, 0, 16;
    %ix/load 4, 243, 0;
    %flag_set/imm 4, 0;
    %store/vec4a v0x564ef93630d0, 4, 0;
    %pushi/vec4 244, 0, 16;
    %ix/load 4, 244, 0;
    %flag_set/imm 4, 0;
    %store/vec4a v0x564ef93630d0, 4, 0;
    %pushi/vec4 245, 0, 16;
    %ix/load 4, 245, 0;
    %flag_set/imm 4, 0;
    %store/vec4a v0x564ef93630d0, 4, 0;
    %pushi/vec4 246, 0, 16;
    %ix/load 4, 246, 0;
    %flag_set/imm 4, 0;
    %store/vec4a v0x564ef93630d0, 4, 0;
    %pushi/vec4 247, 0, 16;
    %ix/load 4, 247, 0;
    %flag_set/imm 4, 0;
    %store/vec4a v0x564ef93630d0, 4, 0;
    %pushi/vec4 248, 0, 16;
    %ix/load 4, 248, 0;
    %flag_set/imm 4, 0;
    %store/vec4a v0x564ef93630d0, 4, 0;
    %pushi/vec4 249, 0, 16;
    %ix/load 4, 249, 0;
    %flag_set/imm 4, 0;
    %store/vec4a v0x564ef93630d0, 4, 0;
    %pushi/vec4 250, 0, 16;
    %ix/load 4, 250, 0;
    %flag_set/imm 4, 0;
    %store/vec4a v0x564ef93630d0, 4, 0;
    %pushi/vec4 251, 0, 16;
    %ix/load 4, 251, 0;
    %flag_set/imm 4, 0;
    %store/vec4a v0x564ef93630d0, 4, 0;
    %pushi/vec4 252, 0, 16;
    %ix/load 4, 252, 0;
    %flag_set/imm 4, 0;
    %store/vec4a v0x564ef93630d0, 4, 0;
    %pushi/vec4 253, 0, 16;
    %ix/load 4, 253, 0;
    %flag_set/imm 4, 0;
    %store/vec4a v0x564ef93630d0, 4, 0;
    %pushi/vec4 254, 0, 16;
    %ix/load 4, 254, 0;
    %flag_set/imm 4, 0;
    %store/vec4a v0x564ef93630d0, 4, 0;
    %pushi/vec4 255, 0, 16;
    %ix/load 4, 255, 0;
    %flag_set/imm 4, 0;
    %store/vec4a v0x564ef93630d0, 4, 0;
    %end;
    .thread T_0;
    .scope S_0x564ef933f5a0;
T_1 ;
    %wait E_0x564ef92e7a70;
    %load/vec4 v0x564ef9365a60_0;
    %flag_set/vec4 8;
    %jmp/0xz  T_1.0, 8;
    %load/vec4 v0x564ef933f770_0;
    %pad/u 10;
    %ix/vec4 4;
    %load/vec4a v0x564ef93630d0, 4;
    %store/vec4 v0x564ef93659a0_0, 0, 16;
    %jmp T_1.1;
T_1.0 ;
    %load/vec4 v0x564ef93659a0_0;
    %load/vec4 v0x564ef933f770_0;
    %pad/u 10;
    %ix/vec4 4;
    %store/vec4a v0x564ef93630d0, 4, 0;
    %load/vec4 v0x564ef933f770_0;
    %pad/u 10;
    %ix/vec4 4;
    %load/vec4a v0x564ef93630d0, 4;
    %store/vec4 v0x564ef93659a0_0, 0, 16;
T_1.1 ;
    %jmp T_1;
    .thread T_1, $push;
# The file index is used to find the file name in the following table.
:file_names 3;
    "N/A";
    "<interactive>";
    "data_mem.v";
