#! /usr/local/bin/vvp
:ivl_version "10.2 (stable)" "(v10_2)";
:ivl_delay_selection "TYPICAL";
:vpi_time_precision + 0;
:vpi_module "system";
:vpi_module "vhdl_sys";
:vpi_module "v2005_math";
:vpi_module "va_math";
S_0x55d91fb0f9a0 .scope module, "tb" "tb" 2 2;
 .timescale 0 0;
v0x55d91fb33650_0 .var "a", 15 0;
v0x55d91fb33740_0 .net "out", 15 0, L_0x55d91fb438c0;  1 drivers
S_0x55d91fb0fb20 .scope module, "nott" "negative" 2 5, 3 1 0, S_0x55d91fb0f9a0;
 .timescale 0 0;
    .port_info 0 /INPUT 16 "A"
    .port_info 1 /OUTPUT 16 "reverted"
L_0x55d91fb11e40 .functor NOT 16, v0x55d91fb33650_0, C4<0000000000000000>, C4<0000000000000000>, C4<0000000000000000>;
v0x55d91fada0c0_0 .net "A", 15 0, v0x55d91fb33650_0;  1 drivers
v0x55d91fb33370_0 .net *"_s0", 15 0, L_0x55d91fb11e40;  1 drivers
L_0x7f985031f018 .functor BUFT 1, C4<0000000000000001>, C4<0>, C4<0>, C4<0>;
v0x55d91fb33450_0 .net/2u *"_s2", 15 0, L_0x7f985031f018;  1 drivers
v0x55d91fb33510_0 .net "reverted", 15 0, L_0x55d91fb438c0;  alias, 1 drivers
L_0x55d91fb438c0 .arith/sum 16, L_0x55d91fb11e40, L_0x7f985031f018;
    .scope S_0x55d91fb0f9a0;
T_0 ;
    %pushi/vec4 0, 0, 16;
    %store/vec4 v0x55d91fb33650_0, 0, 16;
    %delay 100, 0;
    %pushi/vec4 14, 0, 16;
    %store/vec4 v0x55d91fb33650_0, 0, 16;
    %delay 200, 0;
    %pushi/vec4 3, 0, 16;
    %store/vec4 v0x55d91fb33650_0, 0, 16;
    %delay 300, 0;
    %end;
    .thread T_0;
    .scope S_0x55d91fb0f9a0;
T_1 ;
    %vpi_call 2 13 "$monitor", "A= %b :: Output= %b", v0x55d91fb33650_0, v0x55d91fb33740_0 {0 0 0};
    %end;
    .thread T_1;
# The file index is used to find the file name in the following table.
:file_names 4;
    "N/A";
    "<interactive>";
    "testbench.v";
    "./negate.v";
