#! /usr/local/bin/vvp
:ivl_version "10.2 (stable)" "(v10_2)";
:ivl_delay_selection "TYPICAL";
:vpi_time_precision + 0;
:vpi_module "system";
:vpi_module "vhdl_sys";
:vpi_module "v2005_math";
:vpi_module "va_math";
S_0x5636bac038e0 .scope module, "tb" "tb" 2 2;
 .timescale 0 0;
v0x5636bac26b30_0 .var "a", 15 0;
v0x5636bac26bf0_0 .net "out", 15 0, L_0x5636bac26cc0;  1 drivers
S_0x5636bac03a60 .scope module, "nott" "reverse" 2 5, 3 1 0, S_0x5636bac038e0;
 .timescale 0 0;
    .port_info 0 /INPUT 16 "A"
    .port_info 1 /OUTPUT 16 "reverted"
L_0x5636bac26cc0 .functor NOT 16, v0x5636bac26b30_0, C4<0000000000000000>, C4<0000000000000000>, C4<0000000000000000>;
v0x5636babce0c0_0 .net "A", 15 0, v0x5636bac26b30_0;  1 drivers
v0x5636bac269f0_0 .net "reverted", 15 0, L_0x5636bac26cc0;  alias, 1 drivers
    .scope S_0x5636bac038e0;
T_0 ;
    %pushi/vec4 0, 0, 16;
    %store/vec4 v0x5636bac26b30_0, 0, 16;
    %delay 100, 0;
    %pushi/vec4 14, 0, 16;
    %store/vec4 v0x5636bac26b30_0, 0, 16;
    %delay 200, 0;
    %pushi/vec4 3, 0, 16;
    %store/vec4 v0x5636bac26b30_0, 0, 16;
    %delay 300, 0;
    %end;
    .thread T_0;
    .scope S_0x5636bac038e0;
T_1 ;
    %vpi_call 2 13 "$monitor", "A= %b :: Output= %b", v0x5636bac26b30_0, v0x5636bac26bf0_0 {0 0 0};
    %end;
    .thread T_1;
# The file index is used to find the file name in the following table.
:file_names 4;
    "N/A";
    "<interactive>";
    "testbench.v";
    "./not.v";
