#! /usr/local/bin/vvp
:ivl_version "10.2 (stable)" "(v10_2)";
:ivl_delay_selection "TYPICAL";
:vpi_time_precision + 0;
:vpi_module "system";
:vpi_module "vhdl_sys";
:vpi_module "v2005_math";
:vpi_module "va_math";
S_0x5652256caf10 .scope module, "mux21_tb" "mux21_tb" 2 3;
 .timescale 0 0;
v0x56522573bc50_0 .var "in", 15 0;
v0x56522573bd10_0 .net "out", 15 0, L_0x56522574e490;  1 drivers
v0x56522573bde0_0 .var "shft", 3 0;
S_0x5652256cab30 .scope module, "mod0" "barrel_right" 2 9, 3 2 0, S_0x5652256caf10;
 .timescale 0 0;
    .port_info 0 /INPUT 16 "in"
    .port_info 1 /INPUT 4 "shft"
    .port_info 2 /OUTPUT 16 "out"
v0x56522573b640_0 .net "in", 15 0, v0x56522573bc50_0;  1 drivers
v0x56522573b740_0 .net "l1", 15 0, L_0x56522573fea0;  1 drivers
v0x56522573b820_0 .net "l2", 15 0, L_0x565225746000;  1 drivers
v0x56522573b8e0_0 .net "l3", 15 0, L_0x56522574c0c0;  1 drivers
v0x56522573b9c0_0 .net "out", 15 0, L_0x56522574e490;  alias, 1 drivers
v0x56522573baf0_0 .net "shft", 3 0, v0x56522573bde0_0;  1 drivers
L_0x56522573bee0 .part v0x56522573bde0_0, 0, 1;
L_0x56522573c000 .part v0x56522573bc50_0, 1, 1;
L_0x56522573c0f0 .part v0x56522573bc50_0, 0, 1;
L_0x56522573c190 .part v0x56522573bde0_0, 0, 1;
L_0x56522573c290 .part v0x56522573bc50_0, 2, 1;
L_0x56522573c360 .part v0x56522573bc50_0, 1, 1;
L_0x56522573c470 .part v0x56522573bde0_0, 0, 1;
L_0x56522573c5a0 .part v0x56522573bc50_0, 3, 1;
L_0x56522573c6c0 .part v0x56522573bc50_0, 2, 1;
L_0x56522573c790 .part v0x56522573bde0_0, 0, 1;
L_0x56522573c8c0 .part v0x56522573bc50_0, 4, 1;
L_0x56522573c990 .part v0x56522573bc50_0, 3, 1;
L_0x56522573cad0 .part v0x56522573bde0_0, 0, 1;
L_0x56522573cba0 .part v0x56522573bc50_0, 5, 1;
L_0x56522573ccf0 .part v0x56522573bc50_0, 4, 1;
L_0x56522573cdc0 .part v0x56522573bde0_0, 0, 1;
L_0x56522573cf20 .part v0x56522573bc50_0, 6, 1;
L_0x56522573cff0 .part v0x56522573bc50_0, 5, 1;
L_0x56522573d160 .part v0x56522573bde0_0, 0, 1;
L_0x56522573d230 .part v0x56522573bc50_0, 7, 1;
L_0x56522573d0c0 .part v0x56522573bc50_0, 6, 1;
L_0x56522573d3e0 .part v0x56522573bde0_0, 0, 1;
L_0x56522573d570 .part v0x56522573bc50_0, 8, 1;
L_0x56522573d850 .part v0x56522573bc50_0, 7, 1;
L_0x56522573d9f0 .part v0x56522573bde0_0, 0, 1;
L_0x56522573dac0 .part v0x56522573bc50_0, 9, 1;
L_0x56522573dc70 .part v0x56522573bc50_0, 8, 1;
L_0x56522573dd40 .part v0x56522573bde0_0, 0, 1;
L_0x56522573df00 .part v0x56522573bc50_0, 10, 1;
L_0x56522573dfd0 .part v0x56522573bc50_0, 9, 1;
L_0x56522573e1a0 .part v0x56522573bde0_0, 0, 1;
L_0x56522573e270 .part v0x56522573bc50_0, 11, 1;
L_0x56522573e450 .part v0x56522573bc50_0, 10, 1;
L_0x56522573e520 .part v0x56522573bde0_0, 0, 1;
L_0x56522573e710 .part v0x56522573bc50_0, 12, 1;
L_0x56522573e7e0 .part v0x56522573bc50_0, 11, 1;
L_0x56522573e5f0 .part v0x56522573bde0_0, 0, 1;
L_0x56522573e9e0 .part v0x56522573bc50_0, 13, 1;
L_0x56522573ebc0 .part v0x56522573bc50_0, 12, 1;
L_0x56522573ec90 .part v0x56522573bde0_0, 0, 1;
L_0x56522573eeb0 .part v0x56522573bc50_0, 14, 1;
L_0x56522573ef80 .part v0x56522573bc50_0, 13, 1;
L_0x56522573f1b0 .part v0x56522573bde0_0, 0, 1;
L_0x56522573f490 .part v0x56522573bc50_0, 15, 1;
L_0x56522573f6d0 .part v0x56522573bc50_0, 14, 1;
L_0x56522573f7a0 .part v0x56522573bde0_0, 0, 1;
L_0x56522573f9f0 .part v0x56522573bc50_0, 15, 1;
LS_0x56522573fea0_0_0 .concat8 [ 1 1 1 1], v0x56522570b000_0, v0x5652256b78e0_0, v0x565225726010_0, v0x56522572a8f0_0;
LS_0x56522573fea0_0_4 .concat8 [ 1 1 1 1], v0x56522572f3e0_0, v0x565225733cc0_0, v0x5652257385a0_0, v0x56522573a6c0_0;
LS_0x56522573fea0_0_8 .concat8 [ 1 1 1 1], v0x56522573ad60_0, v0x56522573b400_0, v0x5652257220f0_0, v0x5652257226e0_0;
LS_0x56522573fea0_0_12 .concat8 [ 1 1 1 1], v0x565225722d20_0, v0x5652257232e0_0, v0x565225723910_0, v0x565225723f40_0;
L_0x56522573fea0 .concat8 [ 4 4 4 4], LS_0x56522573fea0_0_0, LS_0x56522573fea0_0_4, LS_0x56522573fea0_0_8, LS_0x56522573fea0_0_12;
L_0x5652257401f0 .part v0x56522573bde0_0, 1, 1;
L_0x5652257402c0 .part L_0x56522573fea0, 2, 1;
L_0x565225740530 .part L_0x56522573fea0, 0, 1;
L_0x565225740600 .part v0x56522573bde0_0, 1, 1;
L_0x565225740880 .part L_0x56522573fea0, 3, 1;
L_0x565225740950 .part L_0x56522573fea0, 1, 1;
L_0x565225740be0 .part v0x56522573bde0_0, 1, 1;
L_0x565225740cb0 .part L_0x56522573fea0, 4, 1;
L_0x565225740f50 .part L_0x56522573fea0, 2, 1;
L_0x565225741020 .part v0x56522573bde0_0, 1, 1;
L_0x5652257412d0 .part L_0x56522573fea0, 5, 1;
L_0x5652257413a0 .part L_0x56522573fea0, 3, 1;
L_0x565225741660 .part v0x56522573bde0_0, 1, 1;
L_0x565225741730 .part L_0x56522573fea0, 6, 1;
L_0x565225741a00 .part L_0x56522573fea0, 4, 1;
L_0x565225741ad0 .part v0x56522573bde0_0, 1, 1;
L_0x565225741db0 .part L_0x56522573fea0, 7, 1;
L_0x565225741e80 .part L_0x56522573fea0, 5, 1;
L_0x565225742170 .part v0x56522573bde0_0, 1, 1;
L_0x565225742240 .part L_0x56522573fea0, 8, 1;
L_0x565225742540 .part L_0x56522573fea0, 6, 1;
L_0x565225742610 .part v0x56522573bde0_0, 1, 1;
L_0x565225742920 .part L_0x56522573fea0, 9, 1;
L_0x5652257429f0 .part L_0x56522573fea0, 7, 1;
L_0x565225742d10 .part v0x56522573bde0_0, 1, 1;
L_0x565225742de0 .part L_0x56522573fea0, 10, 1;
L_0x565225743110 .part L_0x56522573fea0, 8, 1;
L_0x5652257431e0 .part v0x56522573bde0_0, 1, 1;
L_0x565225743520 .part L_0x56522573fea0, 11, 1;
L_0x5652257435f0 .part L_0x56522573fea0, 9, 1;
L_0x565225743940 .part v0x56522573bde0_0, 1, 1;
L_0x565225743a10 .part L_0x56522573fea0, 12, 1;
L_0x565225743d70 .part L_0x56522573fea0, 10, 1;
L_0x565225743e40 .part v0x56522573bde0_0, 1, 1;
L_0x5652257441b0 .part L_0x56522573fea0, 13, 1;
L_0x565225744280 .part L_0x56522573fea0, 11, 1;
L_0x565225744600 .part v0x56522573bde0_0, 1, 1;
L_0x5652257446d0 .part L_0x56522573fea0, 14, 1;
L_0x565225744a60 .part L_0x56522573fea0, 12, 1;
L_0x565225744b30 .part v0x56522573bde0_0, 1, 1;
L_0x565225744ed0 .part L_0x56522573fea0, 15, 1;
L_0x565225744fa0 .part L_0x56522573fea0, 13, 1;
L_0x565225745350 .part v0x56522573bde0_0, 1, 1;
L_0x565225745830 .part L_0x56522573fea0, 14, 1;
L_0x565225745bc0 .part v0x56522573bde0_0, 1, 1;
L_0x565225745c60 .part L_0x56522573fea0, 15, 1;
LS_0x565225746000_0_0 .concat8 [ 1 1 1 1], v0x5652257245e0_0, v0x565225724c30_0, v0x5652257252d0_0, v0x565225725970_0;
LS_0x565225746000_0_4 .concat8 [ 1 1 1 1], v0x5652257266b0_0, v0x565225726d50_0, v0x5652257273f0_0, v0x565225727a90_0;
LS_0x565225746000_0_8 .concat8 [ 1 1 1 1], v0x565225728130_0, v0x5652257287d0_0, v0x565225728e70_0, v0x565225729510_0;
LS_0x565225746000_0_12 .concat8 [ 1 1 1 1], v0x565225729bb0_0, v0x56522572a250_0, v0x56522572af90_0, v0x56522572b630_0;
L_0x565225746000 .concat8 [ 4 4 4 4], LS_0x565225746000_0_0, LS_0x565225746000_0_4, LS_0x565225746000_0_8, LS_0x565225746000_0_12;
L_0x565225746250 .part v0x56522573bde0_0, 2, 1;
L_0x565225746630 .part L_0x565225746000, 4, 1;
L_0x565225746700 .part L_0x565225746000, 0, 1;
L_0x565225746af0 .part v0x56522573bde0_0, 2, 1;
L_0x565225746bc0 .part L_0x565225746000, 5, 1;
L_0x565225746fc0 .part L_0x565225746000, 1, 1;
L_0x565225747090 .part v0x56522573bde0_0, 2, 1;
L_0x5652257474a0 .part L_0x565225746000, 6, 1;
L_0x565225747570 .part L_0x565225746000, 2, 1;
L_0x565225747990 .part v0x56522573bde0_0, 2, 1;
L_0x565225747a60 .part L_0x565225746000, 7, 1;
L_0x565225747e90 .part L_0x565225746000, 3, 1;
L_0x565225747f60 .part v0x56522573bde0_0, 2, 1;
L_0x5652257483a0 .part L_0x565225746000, 8, 1;
L_0x565225748470 .part L_0x565225746000, 4, 1;
L_0x5652257488c0 .part v0x56522573bde0_0, 2, 1;
L_0x565225748990 .part L_0x565225746000, 9, 1;
L_0x565225748df0 .part L_0x565225746000, 5, 1;
L_0x565225748ec0 .part v0x56522573bde0_0, 2, 1;
L_0x565225749330 .part L_0x565225746000, 10, 1;
L_0x565225749400 .part L_0x565225746000, 6, 1;
L_0x565225749880 .part v0x56522573bde0_0, 2, 1;
L_0x565225749950 .part L_0x565225746000, 11, 1;
L_0x565225749de0 .part L_0x565225746000, 7, 1;
L_0x565225749eb0 .part v0x56522573bde0_0, 2, 1;
L_0x56522574a350 .part L_0x565225746000, 12, 1;
L_0x56522574a420 .part L_0x565225746000, 8, 1;
L_0x56522574a8d0 .part v0x56522573bde0_0, 2, 1;
L_0x56522574a9a0 .part L_0x565225746000, 13, 1;
L_0x56522574ae60 .part L_0x565225746000, 9, 1;
L_0x56522574af30 .part v0x56522573bde0_0, 2, 1;
L_0x56522574b400 .part L_0x565225746000, 14, 1;
L_0x56522574b4a0 .part L_0x565225746000, 10, 1;
L_0x56522574b950 .part v0x56522573bde0_0, 2, 1;
L_0x56522574b9f0 .part L_0x565225746000, 15, 1;
L_0x56522574beb0 .part L_0x565225746000, 11, 1;
L_0x56522574bf50 .part v0x56522573bde0_0, 2, 1;
L_0x56522574ba90 .part L_0x565225746000, 12, 1;
L_0x56522574bb60 .part v0x56522573bde0_0, 2, 1;
L_0x56522574bc60 .part L_0x565225746000, 13, 1;
L_0x56522574bd30 .part v0x56522573bde0_0, 2, 1;
L_0x56522574c440 .part L_0x565225746000, 14, 1;
L_0x56522574c4e0 .part v0x56522573bde0_0, 2, 1;
L_0x56522574bff0 .part L_0x565225746000, 15, 1;
LS_0x56522574c0c0_0_0 .concat8 [ 1 1 1 1], v0x56522572bcd0_0, v0x56522572c370_0, v0x56522572ca10_0, v0x56522572d0b0_0;
LS_0x56522574c0c0_0_4 .concat8 [ 1 1 1 1], v0x56522572d750_0, v0x56522572ddf0_0, v0x56522572e6a0_0, v0x56522572ed40_0;
LS_0x56522574c0c0_0_8 .concat8 [ 1 1 1 1], v0x56522572fa80_0, v0x565225730120_0, v0x5652257307c0_0, v0x565225730e60_0;
LS_0x56522574c0c0_0_12 .concat8 [ 1 1 1 1], v0x565225731500_0, v0x565225731ba0_0, v0x565225732240_0, v0x5652257328e0_0;
L_0x56522574c0c0 .concat8 [ 4 4 4 4], LS_0x56522574c0c0_0_0, LS_0x56522574c0c0_0_4, LS_0x56522574c0c0_0_8, LS_0x56522574c0c0_0_12;
L_0x56522574c9f0 .part v0x56522573bde0_0, 3, 1;
L_0x56522574ca90 .part L_0x56522574c0c0, 8, 1;
L_0x56522574c580 .part L_0x56522574c0c0, 0, 1;
L_0x56522574c620 .part v0x56522573bde0_0, 3, 1;
L_0x56522574c6f0 .part L_0x56522574c0c0, 9, 1;
L_0x56522574c850 .part L_0x56522574c0c0, 1, 1;
L_0x56522574c920 .part v0x56522573bde0_0, 3, 1;
L_0x56522574cfd0 .part L_0x56522574c0c0, 10, 1;
L_0x56522574cb30 .part L_0x56522574c0c0, 2, 1;
L_0x56522574cc00 .part v0x56522573bde0_0, 3, 1;
L_0x56522574ccd0 .part L_0x56522574c0c0, 11, 1;
L_0x56522574cda0 .part L_0x56522574c0c0, 3, 1;
L_0x56522574ce70 .part v0x56522573bde0_0, 3, 1;
L_0x56522574d540 .part L_0x56522574c0c0, 12, 1;
L_0x56522574d070 .part L_0x56522574c0c0, 4, 1;
L_0x56522574d140 .part v0x56522573bde0_0, 3, 1;
L_0x56522574d210 .part L_0x56522574c0c0, 13, 1;
L_0x56522574d2e0 .part L_0x56522574c0c0, 5, 1;
L_0x56522574d3b0 .part v0x56522573bde0_0, 3, 1;
L_0x56522574d480 .part L_0x56522574c0c0, 14, 1;
L_0x56522574daf0 .part L_0x56522574c0c0, 6, 1;
L_0x56522574db90 .part v0x56522573bde0_0, 3, 1;
L_0x56522574d5e0 .part L_0x56522574c0c0, 15, 1;
L_0x56522574d6b0 .part L_0x56522574c0c0, 7, 1;
L_0x56522574d780 .part v0x56522573bde0_0, 3, 1;
L_0x56522574d880 .part L_0x56522574c0c0, 8, 1;
L_0x56522574d950 .part v0x56522573bde0_0, 3, 1;
L_0x56522574da50 .part L_0x56522574c0c0, 9, 1;
L_0x56522574e180 .part v0x56522573bde0_0, 3, 1;
L_0x56522574e220 .part L_0x56522574c0c0, 10, 1;
L_0x56522574dc30 .part v0x56522573bde0_0, 3, 1;
L_0x56522574dd30 .part L_0x56522574c0c0, 11, 1;
L_0x56522574de00 .part v0x56522573bde0_0, 3, 1;
L_0x56522574df00 .part L_0x56522574c0c0, 12, 1;
L_0x56522574dfd0 .part v0x56522573bde0_0, 3, 1;
L_0x56522574e0d0 .part L_0x56522574c0c0, 13, 1;
L_0x56522574e850 .part v0x56522573bde0_0, 3, 1;
L_0x56522574f100 .part L_0x56522574c0c0, 14, 1;
L_0x56522574e2c0 .part v0x56522573bde0_0, 3, 1;
L_0x56522574e3c0 .part L_0x56522574c0c0, 15, 1;
LS_0x56522574e490_0_0 .concat8 [ 1 1 1 1], v0x565225732f80_0, v0x565225733620_0, v0x565225734360_0, v0x565225734a00_0;
LS_0x56522574e490_0_4 .concat8 [ 1 1 1 1], v0x5652257350a0_0, v0x565225735740_0, v0x565225735de0_0, v0x565225736480_0;
LS_0x56522574e490_0_8 .concat8 [ 1 1 1 1], v0x565225736b20_0, v0x5652257371c0_0, v0x565225737860_0, v0x565225737f00_0;
LS_0x56522574e490_0_12 .concat8 [ 1 1 1 1], v0x565225738c40_0, v0x5652257392e0_0, v0x565225739980_0, v0x56522573a020_0;
L_0x56522574e490 .concat8 [ 4 4 4 4], LS_0x56522574e490_0_0, LS_0x56522574e490_0_4, LS_0x56522574e490_0_8, LS_0x56522574e490_0_12;
S_0x5652256c9880 .scope module, "mod0" "mux21" 3 9, 4 1 0, S_0x5652256cab30;
 .timescale 0 0;
    .port_info 0 /INPUT 1 "select"
    .port_info 1 /INPUT 1 "in"
    .port_info 2 /INPUT 1 "in1"
    .port_info 3 /OUTPUT 1 "out"
v0x56522570e500_0 .net "in", 0 0, L_0x56522573c000;  1 drivers
v0x56522570ca80_0 .net "in1", 0 0, L_0x56522573c0f0;  1 drivers
v0x56522570b000_0 .var "out", 0 0;
v0x565225709580_0 .net "select", 0 0, L_0x56522573bee0;  1 drivers
E_0x56522566e630 .event edge, v0x56522570ca80_0, v0x56522570e500_0, v0x565225709580_0;
S_0x565225721980 .scope module, "mod1" "mux21" 3 10, 4 1 0, S_0x5652256cab30;
 .timescale 0 0;
    .port_info 0 /INPUT 1 "select"
    .port_info 1 /INPUT 1 "in"
    .port_info 2 /INPUT 1 "in1"
    .port_info 3 /OUTPUT 1 "out"
v0x565225707b00_0 .net "in", 0 0, L_0x56522573c290;  1 drivers
v0x565225706080_0 .net "in1", 0 0, L_0x56522573c360;  1 drivers
v0x5652256b78e0_0 .var "out", 0 0;
v0x565225721bf0_0 .net "select", 0 0, L_0x56522573c190;  1 drivers
E_0x56522566e760 .event edge, v0x565225706080_0, v0x565225707b00_0, v0x565225721bf0_0;
S_0x565225721d30 .scope module, "mod10" "mux21" 3 19, 4 1 0, S_0x5652256cab30;
 .timescale 0 0;
    .port_info 0 /INPUT 1 "select"
    .port_info 1 /INPUT 1 "in"
    .port_info 2 /INPUT 1 "in1"
    .port_info 3 /OUTPUT 1 "out"
v0x565225721f50_0 .net "in", 0 0, L_0x56522573e270;  1 drivers
v0x565225722030_0 .net "in1", 0 0, L_0x56522573e450;  1 drivers
v0x5652257220f0_0 .var "out", 0 0;
v0x5652257221c0_0 .net "select", 0 0, L_0x56522573e1a0;  1 drivers
E_0x56522566e2c0 .event edge, v0x565225722030_0, v0x565225721f50_0, v0x5652257221c0_0;
S_0x565225722330 .scope module, "mod11" "mux21" 3 20, 4 1 0, S_0x5652256cab30;
 .timescale 0 0;
    .port_info 0 /INPUT 1 "select"
    .port_info 1 /INPUT 1 "in"
    .port_info 2 /INPUT 1 "in1"
    .port_info 3 /OUTPUT 1 "out"
v0x565225722540_0 .net "in", 0 0, L_0x56522573e710;  1 drivers
v0x565225722620_0 .net "in1", 0 0, L_0x56522573e7e0;  1 drivers
v0x5652257226e0_0 .var "out", 0 0;
v0x5652257227b0_0 .net "select", 0 0, L_0x56522573e520;  1 drivers
E_0x56522566de40 .event edge, v0x565225722620_0, v0x565225722540_0, v0x5652257227b0_0;
S_0x565225722920 .scope module, "mod12" "mux21" 3 21, 4 1 0, S_0x5652256cab30;
 .timescale 0 0;
    .port_info 0 /INPUT 1 "select"
    .port_info 1 /INPUT 1 "in"
    .port_info 2 /INPUT 1 "in1"
    .port_info 3 /OUTPUT 1 "out"
v0x565225722b80_0 .net "in", 0 0, L_0x56522573e9e0;  1 drivers
v0x565225722c60_0 .net "in1", 0 0, L_0x56522573ebc0;  1 drivers
v0x565225722d20_0 .var "out", 0 0;
v0x565225722dc0_0 .net "select", 0 0, L_0x56522573e5f0;  1 drivers
E_0x5652257199e0 .event edge, v0x565225722c60_0, v0x565225722b80_0, v0x565225722dc0_0;
S_0x565225722f30 .scope module, "mod13" "mux21" 3 22, 4 1 0, S_0x5652256cab30;
 .timescale 0 0;
    .port_info 0 /INPUT 1 "select"
    .port_info 1 /INPUT 1 "in"
    .port_info 2 /INPUT 1 "in1"
    .port_info 3 /OUTPUT 1 "out"
v0x565225723140_0 .net "in", 0 0, L_0x56522573eeb0;  1 drivers
v0x565225723220_0 .net "in1", 0 0, L_0x56522573ef80;  1 drivers
v0x5652257232e0_0 .var "out", 0 0;
v0x5652257233b0_0 .net "select", 0 0, L_0x56522573ec90;  1 drivers
E_0x565225714cc0 .event edge, v0x565225723220_0, v0x565225723140_0, v0x5652257233b0_0;
S_0x565225723520 .scope module, "mod14" "mux21" 3 23, 4 1 0, S_0x5652256cab30;
 .timescale 0 0;
    .port_info 0 /INPUT 1 "select"
    .port_info 1 /INPUT 1 "in"
    .port_info 2 /INPUT 1 "in1"
    .port_info 3 /OUTPUT 1 "out"
v0x565225723770_0 .net "in", 0 0, L_0x56522573f490;  1 drivers
v0x565225723850_0 .net "in1", 0 0, L_0x56522573f6d0;  1 drivers
v0x565225723910_0 .var "out", 0 0;
v0x5652257239e0_0 .net "select", 0 0, L_0x56522573f1b0;  1 drivers
E_0x5652257236f0 .event edge, v0x565225723850_0, v0x565225723770_0, v0x5652257239e0_0;
S_0x565225723b50 .scope module, "mod15" "mux21" 3 24, 4 1 0, S_0x5652256cab30;
 .timescale 0 0;
    .port_info 0 /INPUT 1 "select"
    .port_info 1 /INPUT 1 "in"
    .port_info 2 /INPUT 1 "in1"
    .port_info 3 /OUTPUT 1 "out"
L_0x7fa7b31a6018 .functor BUFT 1, C4<0>, C4<0>, C4<0>, C4<0>;
v0x565225723da0_0 .net "in", 0 0, L_0x7fa7b31a6018;  1 drivers
v0x565225723e80_0 .net "in1", 0 0, L_0x56522573f9f0;  1 drivers
v0x565225723f40_0 .var "out", 0 0;
v0x565225724010_0 .net "select", 0 0, L_0x56522573f7a0;  1 drivers
E_0x565225723d20 .event edge, v0x565225723e80_0, v0x565225723da0_0, v0x565225724010_0;
S_0x565225724180 .scope module, "mod16" "mux21" 3 28, 4 1 0, S_0x5652256cab30;
 .timescale 0 0;
    .port_info 0 /INPUT 1 "select"
    .port_info 1 /INPUT 1 "in"
    .port_info 2 /INPUT 1 "in1"
    .port_info 3 /OUTPUT 1 "out"
v0x565225724440_0 .net "in", 0 0, L_0x5652257402c0;  1 drivers
v0x565225724520_0 .net "in1", 0 0, L_0x565225740530;  1 drivers
v0x5652257245e0_0 .var "out", 0 0;
v0x5652257246b0_0 .net "select", 0 0, L_0x5652257401f0;  1 drivers
E_0x5652257243c0 .event edge, v0x565225724520_0, v0x565225724440_0, v0x5652257246b0_0;
S_0x565225724820 .scope module, "mod17" "mux21" 3 29, 4 1 0, S_0x5652256cab30;
 .timescale 0 0;
    .port_info 0 /INPUT 1 "select"
    .port_info 1 /INPUT 1 "in"
    .port_info 2 /INPUT 1 "in1"
    .port_info 3 /OUTPUT 1 "out"
v0x565225724a90_0 .net "in", 0 0, L_0x565225740880;  1 drivers
v0x565225724b70_0 .net "in1", 0 0, L_0x565225740950;  1 drivers
v0x565225724c30_0 .var "out", 0 0;
v0x565225724d00_0 .net "select", 0 0, L_0x565225740600;  1 drivers
E_0x565225724a10 .event edge, v0x565225724b70_0, v0x565225724a90_0, v0x565225724d00_0;
S_0x565225724e70 .scope module, "mod18" "mux21" 3 30, 4 1 0, S_0x5652256cab30;
 .timescale 0 0;
    .port_info 0 /INPUT 1 "select"
    .port_info 1 /INPUT 1 "in"
    .port_info 2 /INPUT 1 "in1"
    .port_info 3 /OUTPUT 1 "out"
v0x565225725130_0 .net "in", 0 0, L_0x565225740cb0;  1 drivers
v0x565225725210_0 .net "in1", 0 0, L_0x565225740f50;  1 drivers
v0x5652257252d0_0 .var "out", 0 0;
v0x5652257253a0_0 .net "select", 0 0, L_0x565225740be0;  1 drivers
E_0x5652257250b0 .event edge, v0x565225725210_0, v0x565225725130_0, v0x5652257253a0_0;
S_0x565225725510 .scope module, "mod19" "mux21" 3 31, 4 1 0, S_0x5652256cab30;
 .timescale 0 0;
    .port_info 0 /INPUT 1 "select"
    .port_info 1 /INPUT 1 "in"
    .port_info 2 /INPUT 1 "in1"
    .port_info 3 /OUTPUT 1 "out"
v0x5652257257d0_0 .net "in", 0 0, L_0x5652257412d0;  1 drivers
v0x5652257258b0_0 .net "in1", 0 0, L_0x5652257413a0;  1 drivers
v0x565225725970_0 .var "out", 0 0;
v0x565225725a40_0 .net "select", 0 0, L_0x565225741020;  1 drivers
E_0x565225725750 .event edge, v0x5652257258b0_0, v0x5652257257d0_0, v0x565225725a40_0;
S_0x565225725bb0 .scope module, "mod2" "mux21" 3 11, 4 1 0, S_0x5652256cab30;
 .timescale 0 0;
    .port_info 0 /INPUT 1 "select"
    .port_info 1 /INPUT 1 "in"
    .port_info 2 /INPUT 1 "in1"
    .port_info 3 /OUTPUT 1 "out"
v0x565225725e70_0 .net "in", 0 0, L_0x56522573c5a0;  1 drivers
v0x565225725f50_0 .net "in1", 0 0, L_0x56522573c6c0;  1 drivers
v0x565225726010_0 .var "out", 0 0;
v0x5652257260e0_0 .net "select", 0 0, L_0x56522573c470;  1 drivers
E_0x565225725df0 .event edge, v0x565225725f50_0, v0x565225725e70_0, v0x5652257260e0_0;
S_0x565225726250 .scope module, "mod20" "mux21" 3 32, 4 1 0, S_0x5652256cab30;
 .timescale 0 0;
    .port_info 0 /INPUT 1 "select"
    .port_info 1 /INPUT 1 "in"
    .port_info 2 /INPUT 1 "in1"
    .port_info 3 /OUTPUT 1 "out"
v0x565225726510_0 .net "in", 0 0, L_0x565225741730;  1 drivers
v0x5652257265f0_0 .net "in1", 0 0, L_0x565225741a00;  1 drivers
v0x5652257266b0_0 .var "out", 0 0;
v0x565225726780_0 .net "select", 0 0, L_0x565225741660;  1 drivers
E_0x565225726490 .event edge, v0x5652257265f0_0, v0x565225726510_0, v0x565225726780_0;
S_0x5652257268f0 .scope module, "mod21" "mux21" 3 33, 4 1 0, S_0x5652256cab30;
 .timescale 0 0;
    .port_info 0 /INPUT 1 "select"
    .port_info 1 /INPUT 1 "in"
    .port_info 2 /INPUT 1 "in1"
    .port_info 3 /OUTPUT 1 "out"
v0x565225726bb0_0 .net "in", 0 0, L_0x565225741db0;  1 drivers
v0x565225726c90_0 .net "in1", 0 0, L_0x565225741e80;  1 drivers
v0x565225726d50_0 .var "out", 0 0;
v0x565225726e20_0 .net "select", 0 0, L_0x565225741ad0;  1 drivers
E_0x565225726b30 .event edge, v0x565225726c90_0, v0x565225726bb0_0, v0x565225726e20_0;
S_0x565225726f90 .scope module, "mod22" "mux21" 3 34, 4 1 0, S_0x5652256cab30;
 .timescale 0 0;
    .port_info 0 /INPUT 1 "select"
    .port_info 1 /INPUT 1 "in"
    .port_info 2 /INPUT 1 "in1"
    .port_info 3 /OUTPUT 1 "out"
v0x565225727250_0 .net "in", 0 0, L_0x565225742240;  1 drivers
v0x565225727330_0 .net "in1", 0 0, L_0x565225742540;  1 drivers
v0x5652257273f0_0 .var "out", 0 0;
v0x5652257274c0_0 .net "select", 0 0, L_0x565225742170;  1 drivers
E_0x5652257271d0 .event edge, v0x565225727330_0, v0x565225727250_0, v0x5652257274c0_0;
S_0x565225727630 .scope module, "mod23" "mux21" 3 35, 4 1 0, S_0x5652256cab30;
 .timescale 0 0;
    .port_info 0 /INPUT 1 "select"
    .port_info 1 /INPUT 1 "in"
    .port_info 2 /INPUT 1 "in1"
    .port_info 3 /OUTPUT 1 "out"
v0x5652257278f0_0 .net "in", 0 0, L_0x565225742920;  1 drivers
v0x5652257279d0_0 .net "in1", 0 0, L_0x5652257429f0;  1 drivers
v0x565225727a90_0 .var "out", 0 0;
v0x565225727b60_0 .net "select", 0 0, L_0x565225742610;  1 drivers
E_0x565225727870 .event edge, v0x5652257279d0_0, v0x5652257278f0_0, v0x565225727b60_0;
S_0x565225727cd0 .scope module, "mod24" "mux21" 3 36, 4 1 0, S_0x5652256cab30;
 .timescale 0 0;
    .port_info 0 /INPUT 1 "select"
    .port_info 1 /INPUT 1 "in"
    .port_info 2 /INPUT 1 "in1"
    .port_info 3 /OUTPUT 1 "out"
v0x565225727f90_0 .net "in", 0 0, L_0x565225742de0;  1 drivers
v0x565225728070_0 .net "in1", 0 0, L_0x565225743110;  1 drivers
v0x565225728130_0 .var "out", 0 0;
v0x565225728200_0 .net "select", 0 0, L_0x565225742d10;  1 drivers
E_0x565225727f10 .event edge, v0x565225728070_0, v0x565225727f90_0, v0x565225728200_0;
S_0x565225728370 .scope module, "mod25" "mux21" 3 37, 4 1 0, S_0x5652256cab30;
 .timescale 0 0;
    .port_info 0 /INPUT 1 "select"
    .port_info 1 /INPUT 1 "in"
    .port_info 2 /INPUT 1 "in1"
    .port_info 3 /OUTPUT 1 "out"
v0x565225728630_0 .net "in", 0 0, L_0x565225743520;  1 drivers
v0x565225728710_0 .net "in1", 0 0, L_0x5652257435f0;  1 drivers
v0x5652257287d0_0 .var "out", 0 0;
v0x5652257288a0_0 .net "select", 0 0, L_0x5652257431e0;  1 drivers
E_0x5652257285b0 .event edge, v0x565225728710_0, v0x565225728630_0, v0x5652257288a0_0;
S_0x565225728a10 .scope module, "mod26" "mux21" 3 38, 4 1 0, S_0x5652256cab30;
 .timescale 0 0;
    .port_info 0 /INPUT 1 "select"
    .port_info 1 /INPUT 1 "in"
    .port_info 2 /INPUT 1 "in1"
    .port_info 3 /OUTPUT 1 "out"
v0x565225728cd0_0 .net "in", 0 0, L_0x565225743a10;  1 drivers
v0x565225728db0_0 .net "in1", 0 0, L_0x565225743d70;  1 drivers
v0x565225728e70_0 .var "out", 0 0;
v0x565225728f40_0 .net "select", 0 0, L_0x565225743940;  1 drivers
E_0x565225728c50 .event edge, v0x565225728db0_0, v0x565225728cd0_0, v0x565225728f40_0;
S_0x5652257290b0 .scope module, "mod27" "mux21" 3 39, 4 1 0, S_0x5652256cab30;
 .timescale 0 0;
    .port_info 0 /INPUT 1 "select"
    .port_info 1 /INPUT 1 "in"
    .port_info 2 /INPUT 1 "in1"
    .port_info 3 /OUTPUT 1 "out"
v0x565225729370_0 .net "in", 0 0, L_0x5652257441b0;  1 drivers
v0x565225729450_0 .net "in1", 0 0, L_0x565225744280;  1 drivers
v0x565225729510_0 .var "out", 0 0;
v0x5652257295e0_0 .net "select", 0 0, L_0x565225743e40;  1 drivers
E_0x5652257292f0 .event edge, v0x565225729450_0, v0x565225729370_0, v0x5652257295e0_0;
S_0x565225729750 .scope module, "mod28" "mux21" 3 40, 4 1 0, S_0x5652256cab30;
 .timescale 0 0;
    .port_info 0 /INPUT 1 "select"
    .port_info 1 /INPUT 1 "in"
    .port_info 2 /INPUT 1 "in1"
    .port_info 3 /OUTPUT 1 "out"
v0x565225729a10_0 .net "in", 0 0, L_0x5652257446d0;  1 drivers
v0x565225729af0_0 .net "in1", 0 0, L_0x565225744a60;  1 drivers
v0x565225729bb0_0 .var "out", 0 0;
v0x565225729c80_0 .net "select", 0 0, L_0x565225744600;  1 drivers
E_0x565225729990 .event edge, v0x565225729af0_0, v0x565225729a10_0, v0x565225729c80_0;
S_0x565225729df0 .scope module, "mod29" "mux21" 3 41, 4 1 0, S_0x5652256cab30;
 .timescale 0 0;
    .port_info 0 /INPUT 1 "select"
    .port_info 1 /INPUT 1 "in"
    .port_info 2 /INPUT 1 "in1"
    .port_info 3 /OUTPUT 1 "out"
v0x56522572a0b0_0 .net "in", 0 0, L_0x565225744ed0;  1 drivers
v0x56522572a190_0 .net "in1", 0 0, L_0x565225744fa0;  1 drivers
v0x56522572a250_0 .var "out", 0 0;
v0x56522572a320_0 .net "select", 0 0, L_0x565225744b30;  1 drivers
E_0x56522572a030 .event edge, v0x56522572a190_0, v0x56522572a0b0_0, v0x56522572a320_0;
S_0x56522572a490 .scope module, "mod3" "mux21" 3 12, 4 1 0, S_0x5652256cab30;
 .timescale 0 0;
    .port_info 0 /INPUT 1 "select"
    .port_info 1 /INPUT 1 "in"
    .port_info 2 /INPUT 1 "in1"
    .port_info 3 /OUTPUT 1 "out"
v0x56522572a750_0 .net "in", 0 0, L_0x56522573c8c0;  1 drivers
v0x56522572a830_0 .net "in1", 0 0, L_0x56522573c990;  1 drivers
v0x56522572a8f0_0 .var "out", 0 0;
v0x56522572a9c0_0 .net "select", 0 0, L_0x56522573c790;  1 drivers
E_0x56522572a6d0 .event edge, v0x56522572a830_0, v0x56522572a750_0, v0x56522572a9c0_0;
S_0x56522572ab30 .scope module, "mod30" "mux21" 3 42, 4 1 0, S_0x5652256cab30;
 .timescale 0 0;
    .port_info 0 /INPUT 1 "select"
    .port_info 1 /INPUT 1 "in"
    .port_info 2 /INPUT 1 "in1"
    .port_info 3 /OUTPUT 1 "out"
L_0x7fa7b31a6060 .functor BUFT 1, C4<0>, C4<0>, C4<0>, C4<0>;
v0x56522572adf0_0 .net "in", 0 0, L_0x7fa7b31a6060;  1 drivers
v0x56522572aed0_0 .net "in1", 0 0, L_0x565225745830;  1 drivers
v0x56522572af90_0 .var "out", 0 0;
v0x56522572b060_0 .net "select", 0 0, L_0x565225745350;  1 drivers
E_0x56522572ad70 .event edge, v0x56522572aed0_0, v0x56522572adf0_0, v0x56522572b060_0;
S_0x56522572b1d0 .scope module, "mod31" "mux21" 3 43, 4 1 0, S_0x5652256cab30;
 .timescale 0 0;
    .port_info 0 /INPUT 1 "select"
    .port_info 1 /INPUT 1 "in"
    .port_info 2 /INPUT 1 "in1"
    .port_info 3 /OUTPUT 1 "out"
L_0x7fa7b31a60a8 .functor BUFT 1, C4<0>, C4<0>, C4<0>, C4<0>;
v0x56522572b490_0 .net "in", 0 0, L_0x7fa7b31a60a8;  1 drivers
v0x56522572b570_0 .net "in1", 0 0, L_0x565225745c60;  1 drivers
v0x56522572b630_0 .var "out", 0 0;
v0x56522572b700_0 .net "select", 0 0, L_0x565225745bc0;  1 drivers
E_0x56522572b410 .event edge, v0x56522572b570_0, v0x56522572b490_0, v0x56522572b700_0;
S_0x56522572b870 .scope module, "mod32" "mux21" 3 47, 4 1 0, S_0x5652256cab30;
 .timescale 0 0;
    .port_info 0 /INPUT 1 "select"
    .port_info 1 /INPUT 1 "in"
    .port_info 2 /INPUT 1 "in1"
    .port_info 3 /OUTPUT 1 "out"
v0x56522572bb30_0 .net "in", 0 0, L_0x565225746630;  1 drivers
v0x56522572bc10_0 .net "in1", 0 0, L_0x565225746700;  1 drivers
v0x56522572bcd0_0 .var "out", 0 0;
v0x56522572bda0_0 .net "select", 0 0, L_0x565225746250;  1 drivers
E_0x56522572bab0 .event edge, v0x56522572bc10_0, v0x56522572bb30_0, v0x56522572bda0_0;
S_0x56522572bf10 .scope module, "mod33" "mux21" 3 48, 4 1 0, S_0x5652256cab30;
 .timescale 0 0;
    .port_info 0 /INPUT 1 "select"
    .port_info 1 /INPUT 1 "in"
    .port_info 2 /INPUT 1 "in1"
    .port_info 3 /OUTPUT 1 "out"
v0x56522572c1d0_0 .net "in", 0 0, L_0x565225746bc0;  1 drivers
v0x56522572c2b0_0 .net "in1", 0 0, L_0x565225746fc0;  1 drivers
v0x56522572c370_0 .var "out", 0 0;
v0x56522572c440_0 .net "select", 0 0, L_0x565225746af0;  1 drivers
E_0x56522572c150 .event edge, v0x56522572c2b0_0, v0x56522572c1d0_0, v0x56522572c440_0;
S_0x56522572c5b0 .scope module, "mod34" "mux21" 3 49, 4 1 0, S_0x5652256cab30;
 .timescale 0 0;
    .port_info 0 /INPUT 1 "select"
    .port_info 1 /INPUT 1 "in"
    .port_info 2 /INPUT 1 "in1"
    .port_info 3 /OUTPUT 1 "out"
v0x56522572c870_0 .net "in", 0 0, L_0x5652257474a0;  1 drivers
v0x56522572c950_0 .net "in1", 0 0, L_0x565225747570;  1 drivers
v0x56522572ca10_0 .var "out", 0 0;
v0x56522572cae0_0 .net "select", 0 0, L_0x565225747090;  1 drivers
E_0x56522572c7f0 .event edge, v0x56522572c950_0, v0x56522572c870_0, v0x56522572cae0_0;
S_0x56522572cc50 .scope module, "mod35" "mux21" 3 50, 4 1 0, S_0x5652256cab30;
 .timescale 0 0;
    .port_info 0 /INPUT 1 "select"
    .port_info 1 /INPUT 1 "in"
    .port_info 2 /INPUT 1 "in1"
    .port_info 3 /OUTPUT 1 "out"
v0x56522572cf10_0 .net "in", 0 0, L_0x565225747a60;  1 drivers
v0x56522572cff0_0 .net "in1", 0 0, L_0x565225747e90;  1 drivers
v0x56522572d0b0_0 .var "out", 0 0;
v0x56522572d180_0 .net "select", 0 0, L_0x565225747990;  1 drivers
E_0x56522572ce90 .event edge, v0x56522572cff0_0, v0x56522572cf10_0, v0x56522572d180_0;
S_0x56522572d2f0 .scope module, "mod36" "mux21" 3 51, 4 1 0, S_0x5652256cab30;
 .timescale 0 0;
    .port_info 0 /INPUT 1 "select"
    .port_info 1 /INPUT 1 "in"
    .port_info 2 /INPUT 1 "in1"
    .port_info 3 /OUTPUT 1 "out"
v0x56522572d5b0_0 .net "in", 0 0, L_0x5652257483a0;  1 drivers
v0x56522572d690_0 .net "in1", 0 0, L_0x565225748470;  1 drivers
v0x56522572d750_0 .var "out", 0 0;
v0x56522572d820_0 .net "select", 0 0, L_0x565225747f60;  1 drivers
E_0x56522572d530 .event edge, v0x56522572d690_0, v0x56522572d5b0_0, v0x56522572d820_0;
S_0x56522572d990 .scope module, "mod37" "mux21" 3 52, 4 1 0, S_0x5652256cab30;
 .timescale 0 0;
    .port_info 0 /INPUT 1 "select"
    .port_info 1 /INPUT 1 "in"
    .port_info 2 /INPUT 1 "in1"
    .port_info 3 /OUTPUT 1 "out"
v0x56522572dc50_0 .net "in", 0 0, L_0x565225748990;  1 drivers
v0x56522572dd30_0 .net "in1", 0 0, L_0x565225748df0;  1 drivers
v0x56522572ddf0_0 .var "out", 0 0;
v0x56522572dec0_0 .net "select", 0 0, L_0x5652257488c0;  1 drivers
E_0x56522572dbd0 .event edge, v0x56522572dd30_0, v0x56522572dc50_0, v0x56522572dec0_0;
S_0x56522572e030 .scope module, "mod38" "mux21" 3 53, 4 1 0, S_0x5652256cab30;
 .timescale 0 0;
    .port_info 0 /INPUT 1 "select"
    .port_info 1 /INPUT 1 "in"
    .port_info 2 /INPUT 1 "in1"
    .port_info 3 /OUTPUT 1 "out"
v0x56522572e500_0 .net "in", 0 0, L_0x565225749330;  1 drivers
v0x56522572e5e0_0 .net "in1", 0 0, L_0x565225749400;  1 drivers
v0x56522572e6a0_0 .var "out", 0 0;
v0x56522572e770_0 .net "select", 0 0, L_0x565225748ec0;  1 drivers
E_0x56522572e480 .event edge, v0x56522572e5e0_0, v0x56522572e500_0, v0x56522572e770_0;
S_0x56522572e8e0 .scope module, "mod39" "mux21" 3 54, 4 1 0, S_0x5652256cab30;
 .timescale 0 0;
    .port_info 0 /INPUT 1 "select"
    .port_info 1 /INPUT 1 "in"
    .port_info 2 /INPUT 1 "in1"
    .port_info 3 /OUTPUT 1 "out"
v0x56522572eba0_0 .net "in", 0 0, L_0x565225749950;  1 drivers
v0x56522572ec80_0 .net "in1", 0 0, L_0x565225749de0;  1 drivers
v0x56522572ed40_0 .var "out", 0 0;
v0x56522572ee10_0 .net "select", 0 0, L_0x565225749880;  1 drivers
E_0x56522572eb20 .event edge, v0x56522572ec80_0, v0x56522572eba0_0, v0x56522572ee10_0;
S_0x56522572ef80 .scope module, "mod4" "mux21" 3 13, 4 1 0, S_0x5652256cab30;
 .timescale 0 0;
    .port_info 0 /INPUT 1 "select"
    .port_info 1 /INPUT 1 "in"
    .port_info 2 /INPUT 1 "in1"
    .port_info 3 /OUTPUT 1 "out"
v0x56522572f240_0 .net "in", 0 0, L_0x56522573cba0;  1 drivers
v0x56522572f320_0 .net "in1", 0 0, L_0x56522573ccf0;  1 drivers
v0x56522572f3e0_0 .var "out", 0 0;
v0x56522572f4b0_0 .net "select", 0 0, L_0x56522573cad0;  1 drivers
E_0x56522572f1c0 .event edge, v0x56522572f320_0, v0x56522572f240_0, v0x56522572f4b0_0;
S_0x56522572f620 .scope module, "mod40" "mux21" 3 55, 4 1 0, S_0x5652256cab30;
 .timescale 0 0;
    .port_info 0 /INPUT 1 "select"
    .port_info 1 /INPUT 1 "in"
    .port_info 2 /INPUT 1 "in1"
    .port_info 3 /OUTPUT 1 "out"
v0x56522572f8e0_0 .net "in", 0 0, L_0x56522574a350;  1 drivers
v0x56522572f9c0_0 .net "in1", 0 0, L_0x56522574a420;  1 drivers
v0x56522572fa80_0 .var "out", 0 0;
v0x56522572fb50_0 .net "select", 0 0, L_0x565225749eb0;  1 drivers
E_0x56522572f860 .event edge, v0x56522572f9c0_0, v0x56522572f8e0_0, v0x56522572fb50_0;
S_0x56522572fcc0 .scope module, "mod41" "mux21" 3 56, 4 1 0, S_0x5652256cab30;
 .timescale 0 0;
    .port_info 0 /INPUT 1 "select"
    .port_info 1 /INPUT 1 "in"
    .port_info 2 /INPUT 1 "in1"
    .port_info 3 /OUTPUT 1 "out"
v0x56522572ff80_0 .net "in", 0 0, L_0x56522574a9a0;  1 drivers
v0x565225730060_0 .net "in1", 0 0, L_0x56522574ae60;  1 drivers
v0x565225730120_0 .var "out", 0 0;
v0x5652257301f0_0 .net "select", 0 0, L_0x56522574a8d0;  1 drivers
E_0x56522572ff00 .event edge, v0x565225730060_0, v0x56522572ff80_0, v0x5652257301f0_0;
S_0x565225730360 .scope module, "mod42" "mux21" 3 57, 4 1 0, S_0x5652256cab30;
 .timescale 0 0;
    .port_info 0 /INPUT 1 "select"
    .port_info 1 /INPUT 1 "in"
    .port_info 2 /INPUT 1 "in1"
    .port_info 3 /OUTPUT 1 "out"
v0x565225730620_0 .net "in", 0 0, L_0x56522574b400;  1 drivers
v0x565225730700_0 .net "in1", 0 0, L_0x56522574b4a0;  1 drivers
v0x5652257307c0_0 .var "out", 0 0;
v0x565225730890_0 .net "select", 0 0, L_0x56522574af30;  1 drivers
E_0x5652257305a0 .event edge, v0x565225730700_0, v0x565225730620_0, v0x565225730890_0;
S_0x565225730a00 .scope module, "mod43" "mux21" 3 58, 4 1 0, S_0x5652256cab30;
 .timescale 0 0;
    .port_info 0 /INPUT 1 "select"
    .port_info 1 /INPUT 1 "in"
    .port_info 2 /INPUT 1 "in1"
    .port_info 3 /OUTPUT 1 "out"
v0x565225730cc0_0 .net "in", 0 0, L_0x56522574b9f0;  1 drivers
v0x565225730da0_0 .net "in1", 0 0, L_0x56522574beb0;  1 drivers
v0x565225730e60_0 .var "out", 0 0;
v0x565225730f30_0 .net "select", 0 0, L_0x56522574b950;  1 drivers
E_0x565225730c40 .event edge, v0x565225730da0_0, v0x565225730cc0_0, v0x565225730f30_0;
S_0x5652257310a0 .scope module, "mod44" "mux21" 3 59, 4 1 0, S_0x5652256cab30;
 .timescale 0 0;
    .port_info 0 /INPUT 1 "select"
    .port_info 1 /INPUT 1 "in"
    .port_info 2 /INPUT 1 "in1"
    .port_info 3 /OUTPUT 1 "out"
L_0x7fa7b31a60f0 .functor BUFT 1, C4<0>, C4<0>, C4<0>, C4<0>;
v0x565225731360_0 .net "in", 0 0, L_0x7fa7b31a60f0;  1 drivers
v0x565225731440_0 .net "in1", 0 0, L_0x56522574ba90;  1 drivers
v0x565225731500_0 .var "out", 0 0;
v0x5652257315d0_0 .net "select", 0 0, L_0x56522574bf50;  1 drivers
E_0x5652257312e0 .event edge, v0x565225731440_0, v0x565225731360_0, v0x5652257315d0_0;
S_0x565225731740 .scope module, "mod45" "mux21" 3 60, 4 1 0, S_0x5652256cab30;
 .timescale 0 0;
    .port_info 0 /INPUT 1 "select"
    .port_info 1 /INPUT 1 "in"
    .port_info 2 /INPUT 1 "in1"
    .port_info 3 /OUTPUT 1 "out"
L_0x7fa7b31a6138 .functor BUFT 1, C4<0>, C4<0>, C4<0>, C4<0>;
v0x565225731a00_0 .net "in", 0 0, L_0x7fa7b31a6138;  1 drivers
v0x565225731ae0_0 .net "in1", 0 0, L_0x56522574bc60;  1 drivers
v0x565225731ba0_0 .var "out", 0 0;
v0x565225731c70_0 .net "select", 0 0, L_0x56522574bb60;  1 drivers
E_0x565225731980 .event edge, v0x565225731ae0_0, v0x565225731a00_0, v0x565225731c70_0;
S_0x565225731de0 .scope module, "mod46" "mux21" 3 61, 4 1 0, S_0x5652256cab30;
 .timescale 0 0;
    .port_info 0 /INPUT 1 "select"
    .port_info 1 /INPUT 1 "in"
    .port_info 2 /INPUT 1 "in1"
    .port_info 3 /OUTPUT 1 "out"
L_0x7fa7b31a6180 .functor BUFT 1, C4<0>, C4<0>, C4<0>, C4<0>;
v0x5652257320a0_0 .net "in", 0 0, L_0x7fa7b31a6180;  1 drivers
v0x565225732180_0 .net "in1", 0 0, L_0x56522574c440;  1 drivers
v0x565225732240_0 .var "out", 0 0;
v0x565225732310_0 .net "select", 0 0, L_0x56522574bd30;  1 drivers
E_0x565225732020 .event edge, v0x565225732180_0, v0x5652257320a0_0, v0x565225732310_0;
S_0x565225732480 .scope module, "mod47" "mux21" 3 62, 4 1 0, S_0x5652256cab30;
 .timescale 0 0;
    .port_info 0 /INPUT 1 "select"
    .port_info 1 /INPUT 1 "in"
    .port_info 2 /INPUT 1 "in1"
    .port_info 3 /OUTPUT 1 "out"
L_0x7fa7b31a61c8 .functor BUFT 1, C4<0>, C4<0>, C4<0>, C4<0>;
v0x565225732740_0 .net "in", 0 0, L_0x7fa7b31a61c8;  1 drivers
v0x565225732820_0 .net "in1", 0 0, L_0x56522574bff0;  1 drivers
v0x5652257328e0_0 .var "out", 0 0;
v0x5652257329b0_0 .net "select", 0 0, L_0x56522574c4e0;  1 drivers
E_0x5652257326c0 .event edge, v0x565225732820_0, v0x565225732740_0, v0x5652257329b0_0;
S_0x565225732b20 .scope module, "mod48" "mux21" 3 65, 4 1 0, S_0x5652256cab30;
 .timescale 0 0;
    .port_info 0 /INPUT 1 "select"
    .port_info 1 /INPUT 1 "in"
    .port_info 2 /INPUT 1 "in1"
    .port_info 3 /OUTPUT 1 "out"
v0x565225732de0_0 .net "in", 0 0, L_0x56522574ca90;  1 drivers
v0x565225732ec0_0 .net "in1", 0 0, L_0x56522574c580;  1 drivers
v0x565225732f80_0 .var "out", 0 0;
v0x565225733050_0 .net "select", 0 0, L_0x56522574c9f0;  1 drivers
E_0x565225732d60 .event edge, v0x565225732ec0_0, v0x565225732de0_0, v0x565225733050_0;
S_0x5652257331c0 .scope module, "mod49" "mux21" 3 66, 4 1 0, S_0x5652256cab30;
 .timescale 0 0;
    .port_info 0 /INPUT 1 "select"
    .port_info 1 /INPUT 1 "in"
    .port_info 2 /INPUT 1 "in1"
    .port_info 3 /OUTPUT 1 "out"
v0x565225733480_0 .net "in", 0 0, L_0x56522574c6f0;  1 drivers
v0x565225733560_0 .net "in1", 0 0, L_0x56522574c850;  1 drivers
v0x565225733620_0 .var "out", 0 0;
v0x5652257336f0_0 .net "select", 0 0, L_0x56522574c620;  1 drivers
E_0x565225733400 .event edge, v0x565225733560_0, v0x565225733480_0, v0x5652257336f0_0;
S_0x565225733860 .scope module, "mod5" "mux21" 3 14, 4 1 0, S_0x5652256cab30;
 .timescale 0 0;
    .port_info 0 /INPUT 1 "select"
    .port_info 1 /INPUT 1 "in"
    .port_info 2 /INPUT 1 "in1"
    .port_info 3 /OUTPUT 1 "out"
v0x565225733b20_0 .net "in", 0 0, L_0x56522573cf20;  1 drivers
v0x565225733c00_0 .net "in1", 0 0, L_0x56522573cff0;  1 drivers
v0x565225733cc0_0 .var "out", 0 0;
v0x565225733d90_0 .net "select", 0 0, L_0x56522573cdc0;  1 drivers
E_0x565225733aa0 .event edge, v0x565225733c00_0, v0x565225733b20_0, v0x565225733d90_0;
S_0x565225733f00 .scope module, "mod50" "mux21" 3 67, 4 1 0, S_0x5652256cab30;
 .timescale 0 0;
    .port_info 0 /INPUT 1 "select"
    .port_info 1 /INPUT 1 "in"
    .port_info 2 /INPUT 1 "in1"
    .port_info 3 /OUTPUT 1 "out"
v0x5652257341c0_0 .net "in", 0 0, L_0x56522574cfd0;  1 drivers
v0x5652257342a0_0 .net "in1", 0 0, L_0x56522574cb30;  1 drivers
v0x565225734360_0 .var "out", 0 0;
v0x565225734430_0 .net "select", 0 0, L_0x56522574c920;  1 drivers
E_0x565225734140 .event edge, v0x5652257342a0_0, v0x5652257341c0_0, v0x565225734430_0;
S_0x5652257345a0 .scope module, "mod51" "mux21" 3 68, 4 1 0, S_0x5652256cab30;
 .timescale 0 0;
    .port_info 0 /INPUT 1 "select"
    .port_info 1 /INPUT 1 "in"
    .port_info 2 /INPUT 1 "in1"
    .port_info 3 /OUTPUT 1 "out"
v0x565225734860_0 .net "in", 0 0, L_0x56522574ccd0;  1 drivers
v0x565225734940_0 .net "in1", 0 0, L_0x56522574cda0;  1 drivers
v0x565225734a00_0 .var "out", 0 0;
v0x565225734ad0_0 .net "select", 0 0, L_0x56522574cc00;  1 drivers
E_0x5652257347e0 .event edge, v0x565225734940_0, v0x565225734860_0, v0x565225734ad0_0;
S_0x565225734c40 .scope module, "mod52" "mux21" 3 69, 4 1 0, S_0x5652256cab30;
 .timescale 0 0;
    .port_info 0 /INPUT 1 "select"
    .port_info 1 /INPUT 1 "in"
    .port_info 2 /INPUT 1 "in1"
    .port_info 3 /OUTPUT 1 "out"
v0x565225734f00_0 .net "in", 0 0, L_0x56522574d540;  1 drivers
v0x565225734fe0_0 .net "in1", 0 0, L_0x56522574d070;  1 drivers
v0x5652257350a0_0 .var "out", 0 0;
v0x565225735170_0 .net "select", 0 0, L_0x56522574ce70;  1 drivers
E_0x565225734e80 .event edge, v0x565225734fe0_0, v0x565225734f00_0, v0x565225735170_0;
S_0x5652257352e0 .scope module, "mod53" "mux21" 3 70, 4 1 0, S_0x5652256cab30;
 .timescale 0 0;
    .port_info 0 /INPUT 1 "select"
    .port_info 1 /INPUT 1 "in"
    .port_info 2 /INPUT 1 "in1"
    .port_info 3 /OUTPUT 1 "out"
v0x5652257355a0_0 .net "in", 0 0, L_0x56522574d210;  1 drivers
v0x565225735680_0 .net "in1", 0 0, L_0x56522574d2e0;  1 drivers
v0x565225735740_0 .var "out", 0 0;
v0x565225735810_0 .net "select", 0 0, L_0x56522574d140;  1 drivers
E_0x565225735520 .event edge, v0x565225735680_0, v0x5652257355a0_0, v0x565225735810_0;
S_0x565225735980 .scope module, "mod54" "mux21" 3 71, 4 1 0, S_0x5652256cab30;
 .timescale 0 0;
    .port_info 0 /INPUT 1 "select"
    .port_info 1 /INPUT 1 "in"
    .port_info 2 /INPUT 1 "in1"
    .port_info 3 /OUTPUT 1 "out"
v0x565225735c40_0 .net "in", 0 0, L_0x56522574d480;  1 drivers
v0x565225735d20_0 .net "in1", 0 0, L_0x56522574daf0;  1 drivers
v0x565225735de0_0 .var "out", 0 0;
v0x565225735eb0_0 .net "select", 0 0, L_0x56522574d3b0;  1 drivers
E_0x565225735bc0 .event edge, v0x565225735d20_0, v0x565225735c40_0, v0x565225735eb0_0;
S_0x565225736020 .scope module, "mod55" "mux21" 3 72, 4 1 0, S_0x5652256cab30;
 .timescale 0 0;
    .port_info 0 /INPUT 1 "select"
    .port_info 1 /INPUT 1 "in"
    .port_info 2 /INPUT 1 "in1"
    .port_info 3 /OUTPUT 1 "out"
v0x5652257362e0_0 .net "in", 0 0, L_0x56522574d5e0;  1 drivers
v0x5652257363c0_0 .net "in1", 0 0, L_0x56522574d6b0;  1 drivers
v0x565225736480_0 .var "out", 0 0;
v0x565225736550_0 .net "select", 0 0, L_0x56522574db90;  1 drivers
E_0x565225736260 .event edge, v0x5652257363c0_0, v0x5652257362e0_0, v0x565225736550_0;
S_0x5652257366c0 .scope module, "mod56" "mux21" 3 73, 4 1 0, S_0x5652256cab30;
 .timescale 0 0;
    .port_info 0 /INPUT 1 "select"
    .port_info 1 /INPUT 1 "in"
    .port_info 2 /INPUT 1 "in1"
    .port_info 3 /OUTPUT 1 "out"
L_0x7fa7b31a6210 .functor BUFT 1, C4<0>, C4<0>, C4<0>, C4<0>;
v0x565225736980_0 .net "in", 0 0, L_0x7fa7b31a6210;  1 drivers
v0x565225736a60_0 .net "in1", 0 0, L_0x56522574d880;  1 drivers
v0x565225736b20_0 .var "out", 0 0;
v0x565225736bf0_0 .net "select", 0 0, L_0x56522574d780;  1 drivers
E_0x565225736900 .event edge, v0x565225736a60_0, v0x565225736980_0, v0x565225736bf0_0;
S_0x565225736d60 .scope module, "mod57" "mux21" 3 74, 4 1 0, S_0x5652256cab30;
 .timescale 0 0;
    .port_info 0 /INPUT 1 "select"
    .port_info 1 /INPUT 1 "in"
    .port_info 2 /INPUT 1 "in1"
    .port_info 3 /OUTPUT 1 "out"
L_0x7fa7b31a6258 .functor BUFT 1, C4<0>, C4<0>, C4<0>, C4<0>;
v0x565225737020_0 .net "in", 0 0, L_0x7fa7b31a6258;  1 drivers
v0x565225737100_0 .net "in1", 0 0, L_0x56522574da50;  1 drivers
v0x5652257371c0_0 .var "out", 0 0;
v0x565225737290_0 .net "select", 0 0, L_0x56522574d950;  1 drivers
E_0x565225736fa0 .event edge, v0x565225737100_0, v0x565225737020_0, v0x565225737290_0;
S_0x565225737400 .scope module, "mod58" "mux21" 3 75, 4 1 0, S_0x5652256cab30;
 .timescale 0 0;
    .port_info 0 /INPUT 1 "select"
    .port_info 1 /INPUT 1 "in"
    .port_info 2 /INPUT 1 "in1"
    .port_info 3 /OUTPUT 1 "out"
L_0x7fa7b31a62a0 .functor BUFT 1, C4<0>, C4<0>, C4<0>, C4<0>;
v0x5652257376c0_0 .net "in", 0 0, L_0x7fa7b31a62a0;  1 drivers
v0x5652257377a0_0 .net "in1", 0 0, L_0x56522574e220;  1 drivers
v0x565225737860_0 .var "out", 0 0;
v0x565225737930_0 .net "select", 0 0, L_0x56522574e180;  1 drivers
E_0x565225737640 .event edge, v0x5652257377a0_0, v0x5652257376c0_0, v0x565225737930_0;
S_0x565225737aa0 .scope module, "mod59" "mux21" 3 76, 4 1 0, S_0x5652256cab30;
 .timescale 0 0;
    .port_info 0 /INPUT 1 "select"
    .port_info 1 /INPUT 1 "in"
    .port_info 2 /INPUT 1 "in1"
    .port_info 3 /OUTPUT 1 "out"
L_0x7fa7b31a62e8 .functor BUFT 1, C4<0>, C4<0>, C4<0>, C4<0>;
v0x565225737d60_0 .net "in", 0 0, L_0x7fa7b31a62e8;  1 drivers
v0x565225737e40_0 .net "in1", 0 0, L_0x56522574dd30;  1 drivers
v0x565225737f00_0 .var "out", 0 0;
v0x565225737fd0_0 .net "select", 0 0, L_0x56522574dc30;  1 drivers
E_0x565225737ce0 .event edge, v0x565225737e40_0, v0x565225737d60_0, v0x565225737fd0_0;
S_0x565225738140 .scope module, "mod6" "mux21" 3 15, 4 1 0, S_0x5652256cab30;
 .timescale 0 0;
    .port_info 0 /INPUT 1 "select"
    .port_info 1 /INPUT 1 "in"
    .port_info 2 /INPUT 1 "in1"
    .port_info 3 /OUTPUT 1 "out"
v0x565225738400_0 .net "in", 0 0, L_0x56522573d230;  1 drivers
v0x5652257384e0_0 .net "in1", 0 0, L_0x56522573d0c0;  1 drivers
v0x5652257385a0_0 .var "out", 0 0;
v0x565225738670_0 .net "select", 0 0, L_0x56522573d160;  1 drivers
E_0x565225738380 .event edge, v0x5652257384e0_0, v0x565225738400_0, v0x565225738670_0;
S_0x5652257387e0 .scope module, "mod60" "mux21" 3 77, 4 1 0, S_0x5652256cab30;
 .timescale 0 0;
    .port_info 0 /INPUT 1 "select"
    .port_info 1 /INPUT 1 "in"
    .port_info 2 /INPUT 1 "in1"
    .port_info 3 /OUTPUT 1 "out"
L_0x7fa7b31a6330 .functor BUFT 1, C4<0>, C4<0>, C4<0>, C4<0>;
v0x565225738aa0_0 .net "in", 0 0, L_0x7fa7b31a6330;  1 drivers
v0x565225738b80_0 .net "in1", 0 0, L_0x56522574df00;  1 drivers
v0x565225738c40_0 .var "out", 0 0;
v0x565225738d10_0 .net "select", 0 0, L_0x56522574de00;  1 drivers
E_0x565225738a20 .event edge, v0x565225738b80_0, v0x565225738aa0_0, v0x565225738d10_0;
S_0x565225738e80 .scope module, "mod61" "mux21" 3 78, 4 1 0, S_0x5652256cab30;
 .timescale 0 0;
    .port_info 0 /INPUT 1 "select"
    .port_info 1 /INPUT 1 "in"
    .port_info 2 /INPUT 1 "in1"
    .port_info 3 /OUTPUT 1 "out"
L_0x7fa7b31a6378 .functor BUFT 1, C4<0>, C4<0>, C4<0>, C4<0>;
v0x565225739140_0 .net "in", 0 0, L_0x7fa7b31a6378;  1 drivers
v0x565225739220_0 .net "in1", 0 0, L_0x56522574e0d0;  1 drivers
v0x5652257392e0_0 .var "out", 0 0;
v0x5652257393b0_0 .net "select", 0 0, L_0x56522574dfd0;  1 drivers
E_0x5652257390c0 .event edge, v0x565225739220_0, v0x565225739140_0, v0x5652257393b0_0;
S_0x565225739520 .scope module, "mod62" "mux21" 3 79, 4 1 0, S_0x5652256cab30;
 .timescale 0 0;
    .port_info 0 /INPUT 1 "select"
    .port_info 1 /INPUT 1 "in"
    .port_info 2 /INPUT 1 "in1"
    .port_info 3 /OUTPUT 1 "out"
L_0x7fa7b31a63c0 .functor BUFT 1, C4<0>, C4<0>, C4<0>, C4<0>;
v0x5652257397e0_0 .net "in", 0 0, L_0x7fa7b31a63c0;  1 drivers
v0x5652257398c0_0 .net "in1", 0 0, L_0x56522574f100;  1 drivers
v0x565225739980_0 .var "out", 0 0;
v0x565225739a50_0 .net "select", 0 0, L_0x56522574e850;  1 drivers
E_0x565225739760 .event edge, v0x5652257398c0_0, v0x5652257397e0_0, v0x565225739a50_0;
S_0x565225739bc0 .scope module, "mod63" "mux21" 3 80, 4 1 0, S_0x5652256cab30;
 .timescale 0 0;
    .port_info 0 /INPUT 1 "select"
    .port_info 1 /INPUT 1 "in"
    .port_info 2 /INPUT 1 "in1"
    .port_info 3 /OUTPUT 1 "out"
L_0x7fa7b31a6408 .functor BUFT 1, C4<0>, C4<0>, C4<0>, C4<0>;
v0x565225739e80_0 .net "in", 0 0, L_0x7fa7b31a6408;  1 drivers
v0x565225739f60_0 .net "in1", 0 0, L_0x56522574e3c0;  1 drivers
v0x56522573a020_0 .var "out", 0 0;
v0x56522573a0f0_0 .net "select", 0 0, L_0x56522574e2c0;  1 drivers
E_0x565225739e00 .event edge, v0x565225739f60_0, v0x565225739e80_0, v0x56522573a0f0_0;
S_0x56522573a260 .scope module, "mod7" "mux21" 3 16, 4 1 0, S_0x5652256cab30;
 .timescale 0 0;
    .port_info 0 /INPUT 1 "select"
    .port_info 1 /INPUT 1 "in"
    .port_info 2 /INPUT 1 "in1"
    .port_info 3 /OUTPUT 1 "out"
v0x56522573a520_0 .net "in", 0 0, L_0x56522573d570;  1 drivers
v0x56522573a600_0 .net "in1", 0 0, L_0x56522573d850;  1 drivers
v0x56522573a6c0_0 .var "out", 0 0;
v0x56522573a790_0 .net "select", 0 0, L_0x56522573d3e0;  1 drivers
E_0x56522573a4a0 .event edge, v0x56522573a600_0, v0x56522573a520_0, v0x56522573a790_0;
S_0x56522573a900 .scope module, "mod8" "mux21" 3 17, 4 1 0, S_0x5652256cab30;
 .timescale 0 0;
    .port_info 0 /INPUT 1 "select"
    .port_info 1 /INPUT 1 "in"
    .port_info 2 /INPUT 1 "in1"
    .port_info 3 /OUTPUT 1 "out"
v0x56522573abc0_0 .net "in", 0 0, L_0x56522573dac0;  1 drivers
v0x56522573aca0_0 .net "in1", 0 0, L_0x56522573dc70;  1 drivers
v0x56522573ad60_0 .var "out", 0 0;
v0x56522573ae30_0 .net "select", 0 0, L_0x56522573d9f0;  1 drivers
E_0x56522573ab40 .event edge, v0x56522573aca0_0, v0x56522573abc0_0, v0x56522573ae30_0;
S_0x56522573afa0 .scope module, "mod9" "mux21" 3 18, 4 1 0, S_0x5652256cab30;
 .timescale 0 0;
    .port_info 0 /INPUT 1 "select"
    .port_info 1 /INPUT 1 "in"
    .port_info 2 /INPUT 1 "in1"
    .port_info 3 /OUTPUT 1 "out"
v0x56522573b260_0 .net "in", 0 0, L_0x56522573df00;  1 drivers
v0x56522573b340_0 .net "in1", 0 0, L_0x56522573dfd0;  1 drivers
v0x56522573b400_0 .var "out", 0 0;
v0x56522573b4d0_0 .net "select", 0 0, L_0x56522573dd40;  1 drivers
E_0x56522573b1e0 .event edge, v0x56522573b340_0, v0x56522573b260_0, v0x56522573b4d0_0;
    .scope S_0x5652256c9880;
T_0 ;
    %wait E_0x56522566e630;
    %load/vec4 v0x565225709580_0;
    %pad/u 32;
    %cmpi/e 0, 0, 32;
    %jmp/0xz  T_0.0, 4;
    %load/vec4 v0x56522570ca80_0;
    %store/vec4 v0x56522570b000_0, 0, 1;
T_0.0 ;
    %load/vec4 v0x565225709580_0;
    %pad/u 32;
    %cmpi/e 1, 0, 32;
    %jmp/0xz  T_0.2, 4;
    %load/vec4 v0x56522570e500_0;
    %store/vec4 v0x56522570b000_0, 0, 1;
T_0.2 ;
    %jmp T_0;
    .thread T_0, $push;
    .scope S_0x565225721980;
T_1 ;
    %wait E_0x56522566e760;
    %load/vec4 v0x565225721bf0_0;
    %pad/u 32;
    %cmpi/e 0, 0, 32;
    %jmp/0xz  T_1.0, 4;
    %load/vec4 v0x565225706080_0;
    %store/vec4 v0x5652256b78e0_0, 0, 1;
T_1.0 ;
    %load/vec4 v0x565225721bf0_0;
    %pad/u 32;
    %cmpi/e 1, 0, 32;
    %jmp/0xz  T_1.2, 4;
    %load/vec4 v0x565225707b00_0;
    %store/vec4 v0x5652256b78e0_0, 0, 1;
T_1.2 ;
    %jmp T_1;
    .thread T_1, $push;
    .scope S_0x565225725bb0;
T_2 ;
    %wait E_0x565225725df0;
    %load/vec4 v0x5652257260e0_0;
    %pad/u 32;
    %cmpi/e 0, 0, 32;
    %jmp/0xz  T_2.0, 4;
    %load/vec4 v0x565225725f50_0;
    %store/vec4 v0x565225726010_0, 0, 1;
T_2.0 ;
    %load/vec4 v0x5652257260e0_0;
    %pad/u 32;
    %cmpi/e 1, 0, 32;
    %jmp/0xz  T_2.2, 4;
    %load/vec4 v0x565225725e70_0;
    %store/vec4 v0x565225726010_0, 0, 1;
T_2.2 ;
    %jmp T_2;
    .thread T_2, $push;
    .scope S_0x56522572a490;
T_3 ;
    %wait E_0x56522572a6d0;
    %load/vec4 v0x56522572a9c0_0;
    %pad/u 32;
    %cmpi/e 0, 0, 32;
    %jmp/0xz  T_3.0, 4;
    %load/vec4 v0x56522572a830_0;
    %store/vec4 v0x56522572a8f0_0, 0, 1;
T_3.0 ;
    %load/vec4 v0x56522572a9c0_0;
    %pad/u 32;
    %cmpi/e 1, 0, 32;
    %jmp/0xz  T_3.2, 4;
    %load/vec4 v0x56522572a750_0;
    %store/vec4 v0x56522572a8f0_0, 0, 1;
T_3.2 ;
    %jmp T_3;
    .thread T_3, $push;
    .scope S_0x56522572ef80;
T_4 ;
    %wait E_0x56522572f1c0;
    %load/vec4 v0x56522572f4b0_0;
    %pad/u 32;
    %cmpi/e 0, 0, 32;
    %jmp/0xz  T_4.0, 4;
    %load/vec4 v0x56522572f320_0;
    %store/vec4 v0x56522572f3e0_0, 0, 1;
T_4.0 ;
    %load/vec4 v0x56522572f4b0_0;
    %pad/u 32;
    %cmpi/e 1, 0, 32;
    %jmp/0xz  T_4.2, 4;
    %load/vec4 v0x56522572f240_0;
    %store/vec4 v0x56522572f3e0_0, 0, 1;
T_4.2 ;
    %jmp T_4;
    .thread T_4, $push;
    .scope S_0x565225733860;
T_5 ;
    %wait E_0x565225733aa0;
    %load/vec4 v0x565225733d90_0;
    %pad/u 32;
    %cmpi/e 0, 0, 32;
    %jmp/0xz  T_5.0, 4;
    %load/vec4 v0x565225733c00_0;
    %store/vec4 v0x565225733cc0_0, 0, 1;
T_5.0 ;
    %load/vec4 v0x565225733d90_0;
    %pad/u 32;
    %cmpi/e 1, 0, 32;
    %jmp/0xz  T_5.2, 4;
    %load/vec4 v0x565225733b20_0;
    %store/vec4 v0x565225733cc0_0, 0, 1;
T_5.2 ;
    %jmp T_5;
    .thread T_5, $push;
    .scope S_0x565225738140;
T_6 ;
    %wait E_0x565225738380;
    %load/vec4 v0x565225738670_0;
    %pad/u 32;
    %cmpi/e 0, 0, 32;
    %jmp/0xz  T_6.0, 4;
    %load/vec4 v0x5652257384e0_0;
    %store/vec4 v0x5652257385a0_0, 0, 1;
T_6.0 ;
    %load/vec4 v0x565225738670_0;
    %pad/u 32;
    %cmpi/e 1, 0, 32;
    %jmp/0xz  T_6.2, 4;
    %load/vec4 v0x565225738400_0;
    %store/vec4 v0x5652257385a0_0, 0, 1;
T_6.2 ;
    %jmp T_6;
    .thread T_6, $push;
    .scope S_0x56522573a260;
T_7 ;
    %wait E_0x56522573a4a0;
    %load/vec4 v0x56522573a790_0;
    %pad/u 32;
    %cmpi/e 0, 0, 32;
    %jmp/0xz  T_7.0, 4;
    %load/vec4 v0x56522573a600_0;
    %store/vec4 v0x56522573a6c0_0, 0, 1;
T_7.0 ;
    %load/vec4 v0x56522573a790_0;
    %pad/u 32;
    %cmpi/e 1, 0, 32;
    %jmp/0xz  T_7.2, 4;
    %load/vec4 v0x56522573a520_0;
    %store/vec4 v0x56522573a6c0_0, 0, 1;
T_7.2 ;
    %jmp T_7;
    .thread T_7, $push;
    .scope S_0x56522573a900;
T_8 ;
    %wait E_0x56522573ab40;
    %load/vec4 v0x56522573ae30_0;
    %pad/u 32;
    %cmpi/e 0, 0, 32;
    %jmp/0xz  T_8.0, 4;
    %load/vec4 v0x56522573aca0_0;
    %store/vec4 v0x56522573ad60_0, 0, 1;
T_8.0 ;
    %load/vec4 v0x56522573ae30_0;
    %pad/u 32;
    %cmpi/e 1, 0, 32;
    %jmp/0xz  T_8.2, 4;
    %load/vec4 v0x56522573abc0_0;
    %store/vec4 v0x56522573ad60_0, 0, 1;
T_8.2 ;
    %jmp T_8;
    .thread T_8, $push;
    .scope S_0x56522573afa0;
T_9 ;
    %wait E_0x56522573b1e0;
    %load/vec4 v0x56522573b4d0_0;
    %pad/u 32;
    %cmpi/e 0, 0, 32;
    %jmp/0xz  T_9.0, 4;
    %load/vec4 v0x56522573b340_0;
    %store/vec4 v0x56522573b400_0, 0, 1;
T_9.0 ;
    %load/vec4 v0x56522573b4d0_0;
    %pad/u 32;
    %cmpi/e 1, 0, 32;
    %jmp/0xz  T_9.2, 4;
    %load/vec4 v0x56522573b260_0;
    %store/vec4 v0x56522573b400_0, 0, 1;
T_9.2 ;
    %jmp T_9;
    .thread T_9, $push;
    .scope S_0x565225721d30;
T_10 ;
    %wait E_0x56522566e2c0;
    %load/vec4 v0x5652257221c0_0;
    %pad/u 32;
    %cmpi/e 0, 0, 32;
    %jmp/0xz  T_10.0, 4;
    %load/vec4 v0x565225722030_0;
    %store/vec4 v0x5652257220f0_0, 0, 1;
T_10.0 ;
    %load/vec4 v0x5652257221c0_0;
    %pad/u 32;
    %cmpi/e 1, 0, 32;
    %jmp/0xz  T_10.2, 4;
    %load/vec4 v0x565225721f50_0;
    %store/vec4 v0x5652257220f0_0, 0, 1;
T_10.2 ;
    %jmp T_10;
    .thread T_10, $push;
    .scope S_0x565225722330;
T_11 ;
    %wait E_0x56522566de40;
    %load/vec4 v0x5652257227b0_0;
    %pad/u 32;
    %cmpi/e 0, 0, 32;
    %jmp/0xz  T_11.0, 4;
    %load/vec4 v0x565225722620_0;
    %store/vec4 v0x5652257226e0_0, 0, 1;
T_11.0 ;
    %load/vec4 v0x5652257227b0_0;
    %pad/u 32;
    %cmpi/e 1, 0, 32;
    %jmp/0xz  T_11.2, 4;
    %load/vec4 v0x565225722540_0;
    %store/vec4 v0x5652257226e0_0, 0, 1;
T_11.2 ;
    %jmp T_11;
    .thread T_11, $push;
    .scope S_0x565225722920;
T_12 ;
    %wait E_0x5652257199e0;
    %load/vec4 v0x565225722dc0_0;
    %pad/u 32;
    %cmpi/e 0, 0, 32;
    %jmp/0xz  T_12.0, 4;
    %load/vec4 v0x565225722c60_0;
    %store/vec4 v0x565225722d20_0, 0, 1;
T_12.0 ;
    %load/vec4 v0x565225722dc0_0;
    %pad/u 32;
    %cmpi/e 1, 0, 32;
    %jmp/0xz  T_12.2, 4;
    %load/vec4 v0x565225722b80_0;
    %store/vec4 v0x565225722d20_0, 0, 1;
T_12.2 ;
    %jmp T_12;
    .thread T_12, $push;
    .scope S_0x565225722f30;
T_13 ;
    %wait E_0x565225714cc0;
    %load/vec4 v0x5652257233b0_0;
    %pad/u 32;
    %cmpi/e 0, 0, 32;
    %jmp/0xz  T_13.0, 4;
    %load/vec4 v0x565225723220_0;
    %store/vec4 v0x5652257232e0_0, 0, 1;
T_13.0 ;
    %load/vec4 v0x5652257233b0_0;
    %pad/u 32;
    %cmpi/e 1, 0, 32;
    %jmp/0xz  T_13.2, 4;
    %load/vec4 v0x565225723140_0;
    %store/vec4 v0x5652257232e0_0, 0, 1;
T_13.2 ;
    %jmp T_13;
    .thread T_13, $push;
    .scope S_0x565225723520;
T_14 ;
    %wait E_0x5652257236f0;
    %load/vec4 v0x5652257239e0_0;
    %pad/u 32;
    %cmpi/e 0, 0, 32;
    %jmp/0xz  T_14.0, 4;
    %load/vec4 v0x565225723850_0;
    %store/vec4 v0x565225723910_0, 0, 1;
T_14.0 ;
    %load/vec4 v0x5652257239e0_0;
    %pad/u 32;
    %cmpi/e 1, 0, 32;
    %jmp/0xz  T_14.2, 4;
    %load/vec4 v0x565225723770_0;
    %store/vec4 v0x565225723910_0, 0, 1;
T_14.2 ;
    %jmp T_14;
    .thread T_14, $push;
    .scope S_0x565225723b50;
T_15 ;
    %wait E_0x565225723d20;
    %load/vec4 v0x565225724010_0;
    %pad/u 32;
    %cmpi/e 0, 0, 32;
    %jmp/0xz  T_15.0, 4;
    %load/vec4 v0x565225723e80_0;
    %store/vec4 v0x565225723f40_0, 0, 1;
T_15.0 ;
    %load/vec4 v0x565225724010_0;
    %pad/u 32;
    %cmpi/e 1, 0, 32;
    %jmp/0xz  T_15.2, 4;
    %load/vec4 v0x565225723da0_0;
    %store/vec4 v0x565225723f40_0, 0, 1;
T_15.2 ;
    %jmp T_15;
    .thread T_15, $push;
    .scope S_0x565225724180;
T_16 ;
    %wait E_0x5652257243c0;
    %load/vec4 v0x5652257246b0_0;
    %pad/u 32;
    %cmpi/e 0, 0, 32;
    %jmp/0xz  T_16.0, 4;
    %load/vec4 v0x565225724520_0;
    %store/vec4 v0x5652257245e0_0, 0, 1;
T_16.0 ;
    %load/vec4 v0x5652257246b0_0;
    %pad/u 32;
    %cmpi/e 1, 0, 32;
    %jmp/0xz  T_16.2, 4;
    %load/vec4 v0x565225724440_0;
    %store/vec4 v0x5652257245e0_0, 0, 1;
T_16.2 ;
    %jmp T_16;
    .thread T_16, $push;
    .scope S_0x565225724820;
T_17 ;
    %wait E_0x565225724a10;
    %load/vec4 v0x565225724d00_0;
    %pad/u 32;
    %cmpi/e 0, 0, 32;
    %jmp/0xz  T_17.0, 4;
    %load/vec4 v0x565225724b70_0;
    %store/vec4 v0x565225724c30_0, 0, 1;
T_17.0 ;
    %load/vec4 v0x565225724d00_0;
    %pad/u 32;
    %cmpi/e 1, 0, 32;
    %jmp/0xz  T_17.2, 4;
    %load/vec4 v0x565225724a90_0;
    %store/vec4 v0x565225724c30_0, 0, 1;
T_17.2 ;
    %jmp T_17;
    .thread T_17, $push;
    .scope S_0x565225724e70;
T_18 ;
    %wait E_0x5652257250b0;
    %load/vec4 v0x5652257253a0_0;
    %pad/u 32;
    %cmpi/e 0, 0, 32;
    %jmp/0xz  T_18.0, 4;
    %load/vec4 v0x565225725210_0;
    %store/vec4 v0x5652257252d0_0, 0, 1;
T_18.0 ;
    %load/vec4 v0x5652257253a0_0;
    %pad/u 32;
    %cmpi/e 1, 0, 32;
    %jmp/0xz  T_18.2, 4;
    %load/vec4 v0x565225725130_0;
    %store/vec4 v0x5652257252d0_0, 0, 1;
T_18.2 ;
    %jmp T_18;
    .thread T_18, $push;
    .scope S_0x565225725510;
T_19 ;
    %wait E_0x565225725750;
    %load/vec4 v0x565225725a40_0;
    %pad/u 32;
    %cmpi/e 0, 0, 32;
    %jmp/0xz  T_19.0, 4;
    %load/vec4 v0x5652257258b0_0;
    %store/vec4 v0x565225725970_0, 0, 1;
T_19.0 ;
    %load/vec4 v0x565225725a40_0;
    %pad/u 32;
    %cmpi/e 1, 0, 32;
    %jmp/0xz  T_19.2, 4;
    %load/vec4 v0x5652257257d0_0;
    %store/vec4 v0x565225725970_0, 0, 1;
T_19.2 ;
    %jmp T_19;
    .thread T_19, $push;
    .scope S_0x565225726250;
T_20 ;
    %wait E_0x565225726490;
    %load/vec4 v0x565225726780_0;
    %pad/u 32;
    %cmpi/e 0, 0, 32;
    %jmp/0xz  T_20.0, 4;
    %load/vec4 v0x5652257265f0_0;
    %store/vec4 v0x5652257266b0_0, 0, 1;
T_20.0 ;
    %load/vec4 v0x565225726780_0;
    %pad/u 32;
    %cmpi/e 1, 0, 32;
    %jmp/0xz  T_20.2, 4;
    %load/vec4 v0x565225726510_0;
    %store/vec4 v0x5652257266b0_0, 0, 1;
T_20.2 ;
    %jmp T_20;
    .thread T_20, $push;
    .scope S_0x5652257268f0;
T_21 ;
    %wait E_0x565225726b30;
    %load/vec4 v0x565225726e20_0;
    %pad/u 32;
    %cmpi/e 0, 0, 32;
    %jmp/0xz  T_21.0, 4;
    %load/vec4 v0x565225726c90_0;
    %store/vec4 v0x565225726d50_0, 0, 1;
T_21.0 ;
    %load/vec4 v0x565225726e20_0;
    %pad/u 32;
    %cmpi/e 1, 0, 32;
    %jmp/0xz  T_21.2, 4;
    %load/vec4 v0x565225726bb0_0;
    %store/vec4 v0x565225726d50_0, 0, 1;
T_21.2 ;
    %jmp T_21;
    .thread T_21, $push;
    .scope S_0x565225726f90;
T_22 ;
    %wait E_0x5652257271d0;
    %load/vec4 v0x5652257274c0_0;
    %pad/u 32;
    %cmpi/e 0, 0, 32;
    %jmp/0xz  T_22.0, 4;
    %load/vec4 v0x565225727330_0;
    %store/vec4 v0x5652257273f0_0, 0, 1;
T_22.0 ;
    %load/vec4 v0x5652257274c0_0;
    %pad/u 32;
    %cmpi/e 1, 0, 32;
    %jmp/0xz  T_22.2, 4;
    %load/vec4 v0x565225727250_0;
    %store/vec4 v0x5652257273f0_0, 0, 1;
T_22.2 ;
    %jmp T_22;
    .thread T_22, $push;
    .scope S_0x565225727630;
T_23 ;
    %wait E_0x565225727870;
    %load/vec4 v0x565225727b60_0;
    %pad/u 32;
    %cmpi/e 0, 0, 32;
    %jmp/0xz  T_23.0, 4;
    %load/vec4 v0x5652257279d0_0;
    %store/vec4 v0x565225727a90_0, 0, 1;
T_23.0 ;
    %load/vec4 v0x565225727b60_0;
    %pad/u 32;
    %cmpi/e 1, 0, 32;
    %jmp/0xz  T_23.2, 4;
    %load/vec4 v0x5652257278f0_0;
    %store/vec4 v0x565225727a90_0, 0, 1;
T_23.2 ;
    %jmp T_23;
    .thread T_23, $push;
    .scope S_0x565225727cd0;
T_24 ;
    %wait E_0x565225727f10;
    %load/vec4 v0x565225728200_0;
    %pad/u 32;
    %cmpi/e 0, 0, 32;
    %jmp/0xz  T_24.0, 4;
    %load/vec4 v0x565225728070_0;
    %store/vec4 v0x565225728130_0, 0, 1;
T_24.0 ;
    %load/vec4 v0x565225728200_0;
    %pad/u 32;
    %cmpi/e 1, 0, 32;
    %jmp/0xz  T_24.2, 4;
    %load/vec4 v0x565225727f90_0;
    %store/vec4 v0x565225728130_0, 0, 1;
T_24.2 ;
    %jmp T_24;
    .thread T_24, $push;
    .scope S_0x565225728370;
T_25 ;
    %wait E_0x5652257285b0;
    %load/vec4 v0x5652257288a0_0;
    %pad/u 32;
    %cmpi/e 0, 0, 32;
    %jmp/0xz  T_25.0, 4;
    %load/vec4 v0x565225728710_0;
    %store/vec4 v0x5652257287d0_0, 0, 1;
T_25.0 ;
    %load/vec4 v0x5652257288a0_0;
    %pad/u 32;
    %cmpi/e 1, 0, 32;
    %jmp/0xz  T_25.2, 4;
    %load/vec4 v0x565225728630_0;
    %store/vec4 v0x5652257287d0_0, 0, 1;
T_25.2 ;
    %jmp T_25;
    .thread T_25, $push;
    .scope S_0x565225728a10;
T_26 ;
    %wait E_0x565225728c50;
    %load/vec4 v0x565225728f40_0;
    %pad/u 32;
    %cmpi/e 0, 0, 32;
    %jmp/0xz  T_26.0, 4;
    %load/vec4 v0x565225728db0_0;
    %store/vec4 v0x565225728e70_0, 0, 1;
T_26.0 ;
    %load/vec4 v0x565225728f40_0;
    %pad/u 32;
    %cmpi/e 1, 0, 32;
    %jmp/0xz  T_26.2, 4;
    %load/vec4 v0x565225728cd0_0;
    %store/vec4 v0x565225728e70_0, 0, 1;
T_26.2 ;
    %jmp T_26;
    .thread T_26, $push;
    .scope S_0x5652257290b0;
T_27 ;
    %wait E_0x5652257292f0;
    %load/vec4 v0x5652257295e0_0;
    %pad/u 32;
    %cmpi/e 0, 0, 32;
    %jmp/0xz  T_27.0, 4;
    %load/vec4 v0x565225729450_0;
    %store/vec4 v0x565225729510_0, 0, 1;
T_27.0 ;
    %load/vec4 v0x5652257295e0_0;
    %pad/u 32;
    %cmpi/e 1, 0, 32;
    %jmp/0xz  T_27.2, 4;
    %load/vec4 v0x565225729370_0;
    %store/vec4 v0x565225729510_0, 0, 1;
T_27.2 ;
    %jmp T_27;
    .thread T_27, $push;
    .scope S_0x565225729750;
T_28 ;
    %wait E_0x565225729990;
    %load/vec4 v0x565225729c80_0;
    %pad/u 32;
    %cmpi/e 0, 0, 32;
    %jmp/0xz  T_28.0, 4;
    %load/vec4 v0x565225729af0_0;
    %store/vec4 v0x565225729bb0_0, 0, 1;
T_28.0 ;
    %load/vec4 v0x565225729c80_0;
    %pad/u 32;
    %cmpi/e 1, 0, 32;
    %jmp/0xz  T_28.2, 4;
    %load/vec4 v0x565225729a10_0;
    %store/vec4 v0x565225729bb0_0, 0, 1;
T_28.2 ;
    %jmp T_28;
    .thread T_28, $push;
    .scope S_0x565225729df0;
T_29 ;
    %wait E_0x56522572a030;
    %load/vec4 v0x56522572a320_0;
    %pad/u 32;
    %cmpi/e 0, 0, 32;
    %jmp/0xz  T_29.0, 4;
    %load/vec4 v0x56522572a190_0;
    %store/vec4 v0x56522572a250_0, 0, 1;
T_29.0 ;
    %load/vec4 v0x56522572a320_0;
    %pad/u 32;
    %cmpi/e 1, 0, 32;
    %jmp/0xz  T_29.2, 4;
    %load/vec4 v0x56522572a0b0_0;
    %store/vec4 v0x56522572a250_0, 0, 1;
T_29.2 ;
    %jmp T_29;
    .thread T_29, $push;
    .scope S_0x56522572ab30;
T_30 ;
    %wait E_0x56522572ad70;
    %load/vec4 v0x56522572b060_0;
    %pad/u 32;
    %cmpi/e 0, 0, 32;
    %jmp/0xz  T_30.0, 4;
    %load/vec4 v0x56522572aed0_0;
    %store/vec4 v0x56522572af90_0, 0, 1;
T_30.0 ;
    %load/vec4 v0x56522572b060_0;
    %pad/u 32;
    %cmpi/e 1, 0, 32;
    %jmp/0xz  T_30.2, 4;
    %load/vec4 v0x56522572adf0_0;
    %store/vec4 v0x56522572af90_0, 0, 1;
T_30.2 ;
    %jmp T_30;
    .thread T_30, $push;
    .scope S_0x56522572b1d0;
T_31 ;
    %wait E_0x56522572b410;
    %load/vec4 v0x56522572b700_0;
    %pad/u 32;
    %cmpi/e 0, 0, 32;
    %jmp/0xz  T_31.0, 4;
    %load/vec4 v0x56522572b570_0;
    %store/vec4 v0x56522572b630_0, 0, 1;
T_31.0 ;
    %load/vec4 v0x56522572b700_0;
    %pad/u 32;
    %cmpi/e 1, 0, 32;
    %jmp/0xz  T_31.2, 4;
    %load/vec4 v0x56522572b490_0;
    %store/vec4 v0x56522572b630_0, 0, 1;
T_31.2 ;
    %jmp T_31;
    .thread T_31, $push;
    .scope S_0x56522572b870;
T_32 ;
    %wait E_0x56522572bab0;
    %load/vec4 v0x56522572bda0_0;
    %pad/u 32;
    %cmpi/e 0, 0, 32;
    %jmp/0xz  T_32.0, 4;
    %load/vec4 v0x56522572bc10_0;
    %store/vec4 v0x56522572bcd0_0, 0, 1;
T_32.0 ;
    %load/vec4 v0x56522572bda0_0;
    %pad/u 32;
    %cmpi/e 1, 0, 32;
    %jmp/0xz  T_32.2, 4;
    %load/vec4 v0x56522572bb30_0;
    %store/vec4 v0x56522572bcd0_0, 0, 1;
T_32.2 ;
    %jmp T_32;
    .thread T_32, $push;
    .scope S_0x56522572bf10;
T_33 ;
    %wait E_0x56522572c150;
    %load/vec4 v0x56522572c440_0;
    %pad/u 32;
    %cmpi/e 0, 0, 32;
    %jmp/0xz  T_33.0, 4;
    %load/vec4 v0x56522572c2b0_0;
    %store/vec4 v0x56522572c370_0, 0, 1;
T_33.0 ;
    %load/vec4 v0x56522572c440_0;
    %pad/u 32;
    %cmpi/e 1, 0, 32;
    %jmp/0xz  T_33.2, 4;
    %load/vec4 v0x56522572c1d0_0;
    %store/vec4 v0x56522572c370_0, 0, 1;
T_33.2 ;
    %jmp T_33;
    .thread T_33, $push;
    .scope S_0x56522572c5b0;
T_34 ;
    %wait E_0x56522572c7f0;
    %load/vec4 v0x56522572cae0_0;
    %pad/u 32;
    %cmpi/e 0, 0, 32;
    %jmp/0xz  T_34.0, 4;
    %load/vec4 v0x56522572c950_0;
    %store/vec4 v0x56522572ca10_0, 0, 1;
T_34.0 ;
    %load/vec4 v0x56522572cae0_0;
    %pad/u 32;
    %cmpi/e 1, 0, 32;
    %jmp/0xz  T_34.2, 4;
    %load/vec4 v0x56522572c870_0;
    %store/vec4 v0x56522572ca10_0, 0, 1;
T_34.2 ;
    %jmp T_34;
    .thread T_34, $push;
    .scope S_0x56522572cc50;
T_35 ;
    %wait E_0x56522572ce90;
    %load/vec4 v0x56522572d180_0;
    %pad/u 32;
    %cmpi/e 0, 0, 32;
    %jmp/0xz  T_35.0, 4;
    %load/vec4 v0x56522572cff0_0;
    %store/vec4 v0x56522572d0b0_0, 0, 1;
T_35.0 ;
    %load/vec4 v0x56522572d180_0;
    %pad/u 32;
    %cmpi/e 1, 0, 32;
    %jmp/0xz  T_35.2, 4;
    %load/vec4 v0x56522572cf10_0;
    %store/vec4 v0x56522572d0b0_0, 0, 1;
T_35.2 ;
    %jmp T_35;
    .thread T_35, $push;
    .scope S_0x56522572d2f0;
T_36 ;
    %wait E_0x56522572d530;
    %load/vec4 v0x56522572d820_0;
    %pad/u 32;
    %cmpi/e 0, 0, 32;
    %jmp/0xz  T_36.0, 4;
    %load/vec4 v0x56522572d690_0;
    %store/vec4 v0x56522572d750_0, 0, 1;
T_36.0 ;
    %load/vec4 v0x56522572d820_0;
    %pad/u 32;
    %cmpi/e 1, 0, 32;
    %jmp/0xz  T_36.2, 4;
    %load/vec4 v0x56522572d5b0_0;
    %store/vec4 v0x56522572d750_0, 0, 1;
T_36.2 ;
    %jmp T_36;
    .thread T_36, $push;
    .scope S_0x56522572d990;
T_37 ;
    %wait E_0x56522572dbd0;
    %load/vec4 v0x56522572dec0_0;
    %pad/u 32;
    %cmpi/e 0, 0, 32;
    %jmp/0xz  T_37.0, 4;
    %load/vec4 v0x56522572dd30_0;
    %store/vec4 v0x56522572ddf0_0, 0, 1;
T_37.0 ;
    %load/vec4 v0x56522572dec0_0;
    %pad/u 32;
    %cmpi/e 1, 0, 32;
    %jmp/0xz  T_37.2, 4;
    %load/vec4 v0x56522572dc50_0;
    %store/vec4 v0x56522572ddf0_0, 0, 1;
T_37.2 ;
    %jmp T_37;
    .thread T_37, $push;
    .scope S_0x56522572e030;
T_38 ;
    %wait E_0x56522572e480;
    %load/vec4 v0x56522572e770_0;
    %pad/u 32;
    %cmpi/e 0, 0, 32;
    %jmp/0xz  T_38.0, 4;
    %load/vec4 v0x56522572e5e0_0;
    %store/vec4 v0x56522572e6a0_0, 0, 1;
T_38.0 ;
    %load/vec4 v0x56522572e770_0;
    %pad/u 32;
    %cmpi/e 1, 0, 32;
    %jmp/0xz  T_38.2, 4;
    %load/vec4 v0x56522572e500_0;
    %store/vec4 v0x56522572e6a0_0, 0, 1;
T_38.2 ;
    %jmp T_38;
    .thread T_38, $push;
    .scope S_0x56522572e8e0;
T_39 ;
    %wait E_0x56522572eb20;
    %load/vec4 v0x56522572ee10_0;
    %pad/u 32;
    %cmpi/e 0, 0, 32;
    %jmp/0xz  T_39.0, 4;
    %load/vec4 v0x56522572ec80_0;
    %store/vec4 v0x56522572ed40_0, 0, 1;
T_39.0 ;
    %load/vec4 v0x56522572ee10_0;
    %pad/u 32;
    %cmpi/e 1, 0, 32;
    %jmp/0xz  T_39.2, 4;
    %load/vec4 v0x56522572eba0_0;
    %store/vec4 v0x56522572ed40_0, 0, 1;
T_39.2 ;
    %jmp T_39;
    .thread T_39, $push;
    .scope S_0x56522572f620;
T_40 ;
    %wait E_0x56522572f860;
    %load/vec4 v0x56522572fb50_0;
    %pad/u 32;
    %cmpi/e 0, 0, 32;
    %jmp/0xz  T_40.0, 4;
    %load/vec4 v0x56522572f9c0_0;
    %store/vec4 v0x56522572fa80_0, 0, 1;
T_40.0 ;
    %load/vec4 v0x56522572fb50_0;
    %pad/u 32;
    %cmpi/e 1, 0, 32;
    %jmp/0xz  T_40.2, 4;
    %load/vec4 v0x56522572f8e0_0;
    %store/vec4 v0x56522572fa80_0, 0, 1;
T_40.2 ;
    %jmp T_40;
    .thread T_40, $push;
    .scope S_0x56522572fcc0;
T_41 ;
    %wait E_0x56522572ff00;
    %load/vec4 v0x5652257301f0_0;
    %pad/u 32;
    %cmpi/e 0, 0, 32;
    %jmp/0xz  T_41.0, 4;
    %load/vec4 v0x565225730060_0;
    %store/vec4 v0x565225730120_0, 0, 1;
T_41.0 ;
    %load/vec4 v0x5652257301f0_0;
    %pad/u 32;
    %cmpi/e 1, 0, 32;
    %jmp/0xz  T_41.2, 4;
    %load/vec4 v0x56522572ff80_0;
    %store/vec4 v0x565225730120_0, 0, 1;
T_41.2 ;
    %jmp T_41;
    .thread T_41, $push;
    .scope S_0x565225730360;
T_42 ;
    %wait E_0x5652257305a0;
    %load/vec4 v0x565225730890_0;
    %pad/u 32;
    %cmpi/e 0, 0, 32;
    %jmp/0xz  T_42.0, 4;
    %load/vec4 v0x565225730700_0;
    %store/vec4 v0x5652257307c0_0, 0, 1;
T_42.0 ;
    %load/vec4 v0x565225730890_0;
    %pad/u 32;
    %cmpi/e 1, 0, 32;
    %jmp/0xz  T_42.2, 4;
    %load/vec4 v0x565225730620_0;
    %store/vec4 v0x5652257307c0_0, 0, 1;
T_42.2 ;
    %jmp T_42;
    .thread T_42, $push;
    .scope S_0x565225730a00;
T_43 ;
    %wait E_0x565225730c40;
    %load/vec4 v0x565225730f30_0;
    %pad/u 32;
    %cmpi/e 0, 0, 32;
    %jmp/0xz  T_43.0, 4;
    %load/vec4 v0x565225730da0_0;
    %store/vec4 v0x565225730e60_0, 0, 1;
T_43.0 ;
    %load/vec4 v0x565225730f30_0;
    %pad/u 32;
    %cmpi/e 1, 0, 32;
    %jmp/0xz  T_43.2, 4;
    %load/vec4 v0x565225730cc0_0;
    %store/vec4 v0x565225730e60_0, 0, 1;
T_43.2 ;
    %jmp T_43;
    .thread T_43, $push;
    .scope S_0x5652257310a0;
T_44 ;
    %wait E_0x5652257312e0;
    %load/vec4 v0x5652257315d0_0;
    %pad/u 32;
    %cmpi/e 0, 0, 32;
    %jmp/0xz  T_44.0, 4;
    %load/vec4 v0x565225731440_0;
    %store/vec4 v0x565225731500_0, 0, 1;
T_44.0 ;
    %load/vec4 v0x5652257315d0_0;
    %pad/u 32;
    %cmpi/e 1, 0, 32;
    %jmp/0xz  T_44.2, 4;
    %load/vec4 v0x565225731360_0;
    %store/vec4 v0x565225731500_0, 0, 1;
T_44.2 ;
    %jmp T_44;
    .thread T_44, $push;
    .scope S_0x565225731740;
T_45 ;
    %wait E_0x565225731980;
    %load/vec4 v0x565225731c70_0;
    %pad/u 32;
    %cmpi/e 0, 0, 32;
    %jmp/0xz  T_45.0, 4;
    %load/vec4 v0x565225731ae0_0;
    %store/vec4 v0x565225731ba0_0, 0, 1;
T_45.0 ;
    %load/vec4 v0x565225731c70_0;
    %pad/u 32;
    %cmpi/e 1, 0, 32;
    %jmp/0xz  T_45.2, 4;
    %load/vec4 v0x565225731a00_0;
    %store/vec4 v0x565225731ba0_0, 0, 1;
T_45.2 ;
    %jmp T_45;
    .thread T_45, $push;
    .scope S_0x565225731de0;
T_46 ;
    %wait E_0x565225732020;
    %load/vec4 v0x565225732310_0;
    %pad/u 32;
    %cmpi/e 0, 0, 32;
    %jmp/0xz  T_46.0, 4;
    %load/vec4 v0x565225732180_0;
    %store/vec4 v0x565225732240_0, 0, 1;
T_46.0 ;
    %load/vec4 v0x565225732310_0;
    %pad/u 32;
    %cmpi/e 1, 0, 32;
    %jmp/0xz  T_46.2, 4;
    %load/vec4 v0x5652257320a0_0;
    %store/vec4 v0x565225732240_0, 0, 1;
T_46.2 ;
    %jmp T_46;
    .thread T_46, $push;
    .scope S_0x565225732480;
T_47 ;
    %wait E_0x5652257326c0;
    %load/vec4 v0x5652257329b0_0;
    %pad/u 32;
    %cmpi/e 0, 0, 32;
    %jmp/0xz  T_47.0, 4;
    %load/vec4 v0x565225732820_0;
    %store/vec4 v0x5652257328e0_0, 0, 1;
T_47.0 ;
    %load/vec4 v0x5652257329b0_0;
    %pad/u 32;
    %cmpi/e 1, 0, 32;
    %jmp/0xz  T_47.2, 4;
    %load/vec4 v0x565225732740_0;
    %store/vec4 v0x5652257328e0_0, 0, 1;
T_47.2 ;
    %jmp T_47;
    .thread T_47, $push;
    .scope S_0x565225732b20;
T_48 ;
    %wait E_0x565225732d60;
    %load/vec4 v0x565225733050_0;
    %pad/u 32;
    %cmpi/e 0, 0, 32;
    %jmp/0xz  T_48.0, 4;
    %load/vec4 v0x565225732ec0_0;
    %store/vec4 v0x565225732f80_0, 0, 1;
T_48.0 ;
    %load/vec4 v0x565225733050_0;
    %pad/u 32;
    %cmpi/e 1, 0, 32;
    %jmp/0xz  T_48.2, 4;
    %load/vec4 v0x565225732de0_0;
    %store/vec4 v0x565225732f80_0, 0, 1;
T_48.2 ;
    %jmp T_48;
    .thread T_48, $push;
    .scope S_0x5652257331c0;
T_49 ;
    %wait E_0x565225733400;
    %load/vec4 v0x5652257336f0_0;
    %pad/u 32;
    %cmpi/e 0, 0, 32;
    %jmp/0xz  T_49.0, 4;
    %load/vec4 v0x565225733560_0;
    %store/vec4 v0x565225733620_0, 0, 1;
T_49.0 ;
    %load/vec4 v0x5652257336f0_0;
    %pad/u 32;
    %cmpi/e 1, 0, 32;
    %jmp/0xz  T_49.2, 4;
    %load/vec4 v0x565225733480_0;
    %store/vec4 v0x565225733620_0, 0, 1;
T_49.2 ;
    %jmp T_49;
    .thread T_49, $push;
    .scope S_0x565225733f00;
T_50 ;
    %wait E_0x565225734140;
    %load/vec4 v0x565225734430_0;
    %pad/u 32;
    %cmpi/e 0, 0, 32;
    %jmp/0xz  T_50.0, 4;
    %load/vec4 v0x5652257342a0_0;
    %store/vec4 v0x565225734360_0, 0, 1;
T_50.0 ;
    %load/vec4 v0x565225734430_0;
    %pad/u 32;
    %cmpi/e 1, 0, 32;
    %jmp/0xz  T_50.2, 4;
    %load/vec4 v0x5652257341c0_0;
    %store/vec4 v0x565225734360_0, 0, 1;
T_50.2 ;
    %jmp T_50;
    .thread T_50, $push;
    .scope S_0x5652257345a0;
T_51 ;
    %wait E_0x5652257347e0;
    %load/vec4 v0x565225734ad0_0;
    %pad/u 32;
    %cmpi/e 0, 0, 32;
    %jmp/0xz  T_51.0, 4;
    %load/vec4 v0x565225734940_0;
    %store/vec4 v0x565225734a00_0, 0, 1;
T_51.0 ;
    %load/vec4 v0x565225734ad0_0;
    %pad/u 32;
    %cmpi/e 1, 0, 32;
    %jmp/0xz  T_51.2, 4;
    %load/vec4 v0x565225734860_0;
    %store/vec4 v0x565225734a00_0, 0, 1;
T_51.2 ;
    %jmp T_51;
    .thread T_51, $push;
    .scope S_0x565225734c40;
T_52 ;
    %wait E_0x565225734e80;
    %load/vec4 v0x565225735170_0;
    %pad/u 32;
    %cmpi/e 0, 0, 32;
    %jmp/0xz  T_52.0, 4;
    %load/vec4 v0x565225734fe0_0;
    %store/vec4 v0x5652257350a0_0, 0, 1;
T_52.0 ;
    %load/vec4 v0x565225735170_0;
    %pad/u 32;
    %cmpi/e 1, 0, 32;
    %jmp/0xz  T_52.2, 4;
    %load/vec4 v0x565225734f00_0;
    %store/vec4 v0x5652257350a0_0, 0, 1;
T_52.2 ;
    %jmp T_52;
    .thread T_52, $push;
    .scope S_0x5652257352e0;
T_53 ;
    %wait E_0x565225735520;
    %load/vec4 v0x565225735810_0;
    %pad/u 32;
    %cmpi/e 0, 0, 32;
    %jmp/0xz  T_53.0, 4;
    %load/vec4 v0x565225735680_0;
    %store/vec4 v0x565225735740_0, 0, 1;
T_53.0 ;
    %load/vec4 v0x565225735810_0;
    %pad/u 32;
    %cmpi/e 1, 0, 32;
    %jmp/0xz  T_53.2, 4;
    %load/vec4 v0x5652257355a0_0;
    %store/vec4 v0x565225735740_0, 0, 1;
T_53.2 ;
    %jmp T_53;
    .thread T_53, $push;
    .scope S_0x565225735980;
T_54 ;
    %wait E_0x565225735bc0;
    %load/vec4 v0x565225735eb0_0;
    %pad/u 32;
    %cmpi/e 0, 0, 32;
    %jmp/0xz  T_54.0, 4;
    %load/vec4 v0x565225735d20_0;
    %store/vec4 v0x565225735de0_0, 0, 1;
T_54.0 ;
    %load/vec4 v0x565225735eb0_0;
    %pad/u 32;
    %cmpi/e 1, 0, 32;
    %jmp/0xz  T_54.2, 4;
    %load/vec4 v0x565225735c40_0;
    %store/vec4 v0x565225735de0_0, 0, 1;
T_54.2 ;
    %jmp T_54;
    .thread T_54, $push;
    .scope S_0x565225736020;
T_55 ;
    %wait E_0x565225736260;
    %load/vec4 v0x565225736550_0;
    %pad/u 32;
    %cmpi/e 0, 0, 32;
    %jmp/0xz  T_55.0, 4;
    %load/vec4 v0x5652257363c0_0;
    %store/vec4 v0x565225736480_0, 0, 1;
T_55.0 ;
    %load/vec4 v0x565225736550_0;
    %pad/u 32;
    %cmpi/e 1, 0, 32;
    %jmp/0xz  T_55.2, 4;
    %load/vec4 v0x5652257362e0_0;
    %store/vec4 v0x565225736480_0, 0, 1;
T_55.2 ;
    %jmp T_55;
    .thread T_55, $push;
    .scope S_0x5652257366c0;
T_56 ;
    %wait E_0x565225736900;
    %load/vec4 v0x565225736bf0_0;
    %pad/u 32;
    %cmpi/e 0, 0, 32;
    %jmp/0xz  T_56.0, 4;
    %load/vec4 v0x565225736a60_0;
    %store/vec4 v0x565225736b20_0, 0, 1;
T_56.0 ;
    %load/vec4 v0x565225736bf0_0;
    %pad/u 32;
    %cmpi/e 1, 0, 32;
    %jmp/0xz  T_56.2, 4;
    %load/vec4 v0x565225736980_0;
    %store/vec4 v0x565225736b20_0, 0, 1;
T_56.2 ;
    %jmp T_56;
    .thread T_56, $push;
    .scope S_0x565225736d60;
T_57 ;
    %wait E_0x565225736fa0;
    %load/vec4 v0x565225737290_0;
    %pad/u 32;
    %cmpi/e 0, 0, 32;
    %jmp/0xz  T_57.0, 4;
    %load/vec4 v0x565225737100_0;
    %store/vec4 v0x5652257371c0_0, 0, 1;
T_57.0 ;
    %load/vec4 v0x565225737290_0;
    %pad/u 32;
    %cmpi/e 1, 0, 32;
    %jmp/0xz  T_57.2, 4;
    %load/vec4 v0x565225737020_0;
    %store/vec4 v0x5652257371c0_0, 0, 1;
T_57.2 ;
    %jmp T_57;
    .thread T_57, $push;
    .scope S_0x565225737400;
T_58 ;
    %wait E_0x565225737640;
    %load/vec4 v0x565225737930_0;
    %pad/u 32;
    %cmpi/e 0, 0, 32;
    %jmp/0xz  T_58.0, 4;
    %load/vec4 v0x5652257377a0_0;
    %store/vec4 v0x565225737860_0, 0, 1;
T_58.0 ;
    %load/vec4 v0x565225737930_0;
    %pad/u 32;
    %cmpi/e 1, 0, 32;
    %jmp/0xz  T_58.2, 4;
    %load/vec4 v0x5652257376c0_0;
    %store/vec4 v0x565225737860_0, 0, 1;
T_58.2 ;
    %jmp T_58;
    .thread T_58, $push;
    .scope S_0x565225737aa0;
T_59 ;
    %wait E_0x565225737ce0;
    %load/vec4 v0x565225737fd0_0;
    %pad/u 32;
    %cmpi/e 0, 0, 32;
    %jmp/0xz  T_59.0, 4;
    %load/vec4 v0x565225737e40_0;
    %store/vec4 v0x565225737f00_0, 0, 1;
T_59.0 ;
    %load/vec4 v0x565225737fd0_0;
    %pad/u 32;
    %cmpi/e 1, 0, 32;
    %jmp/0xz  T_59.2, 4;
    %load/vec4 v0x565225737d60_0;
    %store/vec4 v0x565225737f00_0, 0, 1;
T_59.2 ;
    %jmp T_59;
    .thread T_59, $push;
    .scope S_0x5652257387e0;
T_60 ;
    %wait E_0x565225738a20;
    %load/vec4 v0x565225738d10_0;
    %pad/u 32;
    %cmpi/e 0, 0, 32;
    %jmp/0xz  T_60.0, 4;
    %load/vec4 v0x565225738b80_0;
    %store/vec4 v0x565225738c40_0, 0, 1;
T_60.0 ;
    %load/vec4 v0x565225738d10_0;
    %pad/u 32;
    %cmpi/e 1, 0, 32;
    %jmp/0xz  T_60.2, 4;
    %load/vec4 v0x565225738aa0_0;
    %store/vec4 v0x565225738c40_0, 0, 1;
T_60.2 ;
    %jmp T_60;
    .thread T_60, $push;
    .scope S_0x565225738e80;
T_61 ;
    %wait E_0x5652257390c0;
    %load/vec4 v0x5652257393b0_0;
    %pad/u 32;
    %cmpi/e 0, 0, 32;
    %jmp/0xz  T_61.0, 4;
    %load/vec4 v0x565225739220_0;
    %store/vec4 v0x5652257392e0_0, 0, 1;
T_61.0 ;
    %load/vec4 v0x5652257393b0_0;
    %pad/u 32;
    %cmpi/e 1, 0, 32;
    %jmp/0xz  T_61.2, 4;
    %load/vec4 v0x565225739140_0;
    %store/vec4 v0x5652257392e0_0, 0, 1;
T_61.2 ;
    %jmp T_61;
    .thread T_61, $push;
    .scope S_0x565225739520;
T_62 ;
    %wait E_0x565225739760;
    %load/vec4 v0x565225739a50_0;
    %pad/u 32;
    %cmpi/e 0, 0, 32;
    %jmp/0xz  T_62.0, 4;
    %load/vec4 v0x5652257398c0_0;
    %store/vec4 v0x565225739980_0, 0, 1;
T_62.0 ;
    %load/vec4 v0x565225739a50_0;
    %pad/u 32;
    %cmpi/e 1, 0, 32;
    %jmp/0xz  T_62.2, 4;
    %load/vec4 v0x5652257397e0_0;
    %store/vec4 v0x565225739980_0, 0, 1;
T_62.2 ;
    %jmp T_62;
    .thread T_62, $push;
    .scope S_0x565225739bc0;
T_63 ;
    %wait E_0x565225739e00;
    %load/vec4 v0x56522573a0f0_0;
    %pad/u 32;
    %cmpi/e 0, 0, 32;
    %jmp/0xz  T_63.0, 4;
    %load/vec4 v0x565225739f60_0;
    %store/vec4 v0x56522573a020_0, 0, 1;
T_63.0 ;
    %load/vec4 v0x56522573a0f0_0;
    %pad/u 32;
    %cmpi/e 1, 0, 32;
    %jmp/0xz  T_63.2, 4;
    %load/vec4 v0x565225739e80_0;
    %store/vec4 v0x56522573a020_0, 0, 1;
T_63.2 ;
    %jmp T_63;
    .thread T_63, $push;
    .scope S_0x5652256caf10;
T_64 ;
    %delay 4, 0;
    %delay 3, 0;
    %pushi/vec4 16384, 0, 16;
    %store/vec4 v0x56522573bc50_0, 0, 16;
    %pushi/vec4 3, 0, 4;
    %store/vec4 v0x56522573bde0_0, 0, 4;
    %delay 4, 0;
    %pushi/vec4 16384, 0, 16;
    %store/vec4 v0x56522573bc50_0, 0, 16;
    %pushi/vec4 15, 0, 4;
    %store/vec4 v0x56522573bde0_0, 0, 4;
    %end;
    .thread T_64;
    .scope S_0x5652256caf10;
T_65 ;
    %vpi_call 2 25 "$monitor", "Input %b : Output %b", v0x56522573bc50_0, v0x56522573bd10_0 {0 0 0};
    %end;
    .thread T_65;
# The file index is used to find the file name in the following table.
:file_names 5;
    "N/A";
    "<interactive>";
    "mux2-1_tb.vl";
    "./barrel16r.vl";
    "./mux2-1.vl";
