#! /usr/local/bin/vvp
:ivl_version "10.2 (stable)" "(v10_2)";
:ivl_delay_selection "TYPICAL";
:vpi_time_precision + 0;
:vpi_module "system";
:vpi_module "vhdl_sys";
:vpi_module "v2005_math";
:vpi_module "va_math";
S_0x55f373dcf120 .scope module, "instruction_set" "instruction_set" 2 1;
 .timescale 0 0;
o0x7f914f5a9018 .functor BUFZ 6, C4<zzzzzz>; HiZ drive
v0x55f373dcf2a0_0 .net "Rdst1", 5 0, o0x7f914f5a9018;  0 drivers
o0x7f914f5a9048 .functor BUFZ 6, C4<zzzzzz>; HiZ drive
v0x55f373e4a250_0 .net "Rdst2", 5 0, o0x7f914f5a9048;  0 drivers
o0x7f914f5a9078 .functor BUFZ 9, C4<zzzzzzzzz>; HiZ drive
v0x55f373e4a330_0 .net "RdstAdd", 8 0, o0x7f914f5a9078;  0 drivers
o0x7f914f5a90a8 .functor BUFZ 6, C4<zzzzzz>; HiZ drive
v0x55f373e4a3f0_0 .net "Rsrc1", 5 0, o0x7f914f5a90a8;  0 drivers
o0x7f914f5a90d8 .functor BUFZ 6, C4<zzzzzz>; HiZ drive
v0x55f373e4a4d0_0 .net "Rsrc2", 5 0, o0x7f914f5a90d8;  0 drivers
o0x7f914f5a9108 .functor BUFZ 9, C4<zzzzzzzzz>; HiZ drive
v0x55f373e4a600_0 .net "RsrcAdd", 8 0, o0x7f914f5a9108;  0 drivers
o0x7f914f5a9138 .functor BUFZ 16, C4<zzzzzzzzzzzzzzzz>; HiZ drive
v0x55f373e4a6e0_0 .net "immediate", 15 0, o0x7f914f5a9138;  0 drivers
v0x55f373e4a7c0_0 .var "in", 2047 0;
o0x7f914f5a9198 .functor BUFZ 6, C4<zzzzzz>; HiZ drive
v0x55f373e4a880_0 .net "opcode", 5 0, o0x7f914f5a9198;  0 drivers
v0x55f373e4a960_0 .net "select", 0 0, L_0x55f373e4aa20;  1 drivers
E_0x55f373e04c00 .event edge, v0x55f373e4a960_0;
L_0x55f373e4aa20 .part o0x7f914f5a9198, 0, 1;
    .scope S_0x55f373dcf120;
T_0 ;
    %wait E_0x55f373e04c00;
    %load/vec4 v0x55f373e4a960_0;
    %pad/u 14;
    %dup/vec4;
    %pushi/vec4 0, 0, 14;
    %cmp/u;
    %jmp/1 T_0.0, 6;
    %dup/vec4;
    %pushi/vec4 1, 0, 14;
    %cmp/u;
    %jmp/1 T_0.1, 6;
    %dup/vec4;
    %pushi/vec4 10, 0, 14;
    %cmp/u;
    %jmp/1 T_0.2, 6;
    %dup/vec4;
    %pushi/vec4 11, 0, 14;
    %cmp/u;
    %jmp/1 T_0.3, 6;
    %dup/vec4;
    %pushi/vec4 100, 0, 14;
    %cmp/u;
    %jmp/1 T_0.4, 6;
    %dup/vec4;
    %pushi/vec4 101, 0, 14;
    %cmp/u;
    %jmp/1 T_0.5, 6;
    %dup/vec4;
    %pushi/vec4 110, 0, 14;
    %cmp/u;
    %jmp/1 T_0.6, 6;
    %dup/vec4;
    %pushi/vec4 111, 0, 14;
    %cmp/u;
    %jmp/1 T_0.7, 6;
    %dup/vec4;
    %pushi/vec4 1000, 0, 14;
    %cmp/u;
    %jmp/1 T_0.8, 6;
    %dup/vec4;
    %pushi/vec4 1001, 0, 14;
    %cmp/u;
    %jmp/1 T_0.9, 6;
    %dup/vec4;
    %pushi/vec4 1010, 0, 14;
    %cmp/u;
    %jmp/1 T_0.10, 6;
    %dup/vec4;
    %pushi/vec4 1011, 0, 14;
    %cmp/u;
    %jmp/1 T_0.11, 6;
    %dup/vec4;
    %pushi/vec4 1100, 0, 14;
    %cmp/u;
    %jmp/1 T_0.12, 6;
    %dup/vec4;
    %pushi/vec4 1101, 0, 14;
    %cmp/u;
    %jmp/1 T_0.13, 6;
    %dup/vec4;
    %pushi/vec4 1110, 0, 14;
    %cmp/u;
    %jmp/1 T_0.14, 6;
    %dup/vec4;
    %pushi/vec4 1111, 0, 14;
    %cmp/u;
    %jmp/1 T_0.15, 6;
    %dup/vec4;
    %pushi/vec4 10000, 0, 14;
    %cmp/u;
    %jmp/1 T_0.16, 6;
    %jmp T_0.17;
T_0.0 ;
    %load/vec4 v0x55f373e4a880_0;
    %ix/load 4, 2042, 0;
    %flag_set/imm 4, 0;
    %store/vec4 v0x55f373e4a7c0_0, 4, 6;
    %load/vec4 v0x55f373e4a250_0;
    %pad/u 5;
    %ix/load 4, 2037, 0;
    %flag_set/imm 4, 0;
    %store/vec4 v0x55f373e4a7c0_0, 4, 5;
    %load/vec4 v0x55f373e4a6e0_0;
    %ix/load 4, 2016, 0;
    %flag_set/imm 4, 0;
    %store/vec4 v0x55f373e4a7c0_0, 4, 16;
    %jmp T_0.17;
T_0.1 ;
    %load/vec4 v0x55f373e4a880_0;
    %ix/load 4, 2042, 0;
    %flag_set/imm 4, 0;
    %store/vec4 v0x55f373e4a7c0_0, 4, 6;
    %load/vec4 v0x55f373e4a250_0;
    %pad/u 5;
    %ix/load 4, 2037, 0;
    %flag_set/imm 4, 0;
    %store/vec4 v0x55f373e4a7c0_0, 4, 5;
    %load/vec4 v0x55f373e4a4d0_0;
    %pad/u 5;
    %ix/load 4, 2016, 0;
    %flag_set/imm 4, 0;
    %store/vec4 v0x55f373e4a7c0_0, 4, 5;
    %jmp T_0.17;
T_0.2 ;
    %load/vec4 v0x55f373e4a880_0;
    %ix/load 4, 2042, 0;
    %flag_set/imm 4, 0;
    %store/vec4 v0x55f373e4a7c0_0, 4, 6;
    %load/vec4 v0x55f373e4a250_0;
    %pad/u 5;
    %ix/load 4, 2037, 0;
    %flag_set/imm 4, 0;
    %store/vec4 v0x55f373e4a7c0_0, 4, 5;
    %load/vec4 v0x55f373e4a600_0;
    %pad/u 8;
    %ix/load 4, 2016, 0;
    %flag_set/imm 4, 0;
    %store/vec4 v0x55f373e4a7c0_0, 4, 8;
    %jmp T_0.17;
T_0.3 ;
    %load/vec4 v0x55f373e4a880_0;
    %ix/load 4, 2042, 0;
    %flag_set/imm 4, 0;
    %store/vec4 v0x55f373e4a7c0_0, 4, 6;
    %load/vec4 v0x55f373e4a330_0;
    %pad/u 8;
    %ix/load 4, 2034, 0;
    %flag_set/imm 4, 0;
    %store/vec4 v0x55f373e4a7c0_0, 4, 8;
    %load/vec4 v0x55f373e4a4d0_0;
    %pad/u 5;
    %ix/load 4, 2016, 0;
    %flag_set/imm 4, 0;
    %store/vec4 v0x55f373e4a7c0_0, 4, 5;
    %jmp T_0.17;
T_0.4 ;
    %load/vec4 v0x55f373e4a880_0;
    %ix/load 4, 2042, 0;
    %flag_set/imm 4, 0;
    %store/vec4 v0x55f373e4a7c0_0, 4, 6;
    %load/vec4 v0x55f373e4a250_0;
    %pad/u 5;
    %ix/load 4, 2037, 0;
    %flag_set/imm 4, 0;
    %store/vec4 v0x55f373e4a7c0_0, 4, 5;
    %load/vec4 v0x55f373dcf2a0_0;
    %pad/u 5;
    %ix/load 4, 2032, 0;
    %flag_set/imm 4, 0;
    %store/vec4 v0x55f373e4a7c0_0, 4, 5;
    %load/vec4 v0x55f373e4a4d0_0;
    %pad/u 5;
    %ix/load 4, 2021, 0;
    %flag_set/imm 4, 0;
    %store/vec4 v0x55f373e4a7c0_0, 4, 5;
    %load/vec4 v0x55f373e4a3f0_0;
    %pad/u 5;
    %ix/load 4, 2016, 0;
    %flag_set/imm 4, 0;
    %store/vec4 v0x55f373e4a7c0_0, 4, 5;
    %jmp T_0.17;
T_0.5 ;
    %load/vec4 v0x55f373e4a880_0;
    %ix/load 4, 2042, 0;
    %flag_set/imm 4, 0;
    %store/vec4 v0x55f373e4a7c0_0, 4, 6;
    %load/vec4 v0x55f373e4a250_0;
    %pad/u 5;
    %ix/load 4, 2037, 0;
    %flag_set/imm 4, 0;
    %store/vec4 v0x55f373e4a7c0_0, 4, 5;
    %load/vec4 v0x55f373dcf2a0_0;
    %pad/u 5;
    %ix/load 4, 2032, 0;
    %flag_set/imm 4, 0;
    %store/vec4 v0x55f373e4a7c0_0, 4, 5;
    %load/vec4 v0x55f373e4a4d0_0;
    %pad/u 5;
    %ix/load 4, 2021, 0;
    %flag_set/imm 4, 0;
    %store/vec4 v0x55f373e4a7c0_0, 4, 5;
    %load/vec4 v0x55f373e4a3f0_0;
    %pad/u 5;
    %ix/load 4, 2016, 0;
    %flag_set/imm 4, 0;
    %store/vec4 v0x55f373e4a7c0_0, 4, 5;
    %jmp T_0.17;
T_0.6 ;
    %load/vec4 v0x55f373e4a880_0;
    %ix/load 4, 2042, 0;
    %flag_set/imm 4, 0;
    %store/vec4 v0x55f373e4a7c0_0, 4, 6;
    %load/vec4 v0x55f373e4a250_0;
    %pad/u 5;
    %ix/load 4, 2037, 0;
    %flag_set/imm 4, 0;
    %store/vec4 v0x55f373e4a7c0_0, 4, 5;
    %load/vec4 v0x55f373dcf2a0_0;
    %pad/u 5;
    %ix/load 4, 2032, 0;
    %flag_set/imm 4, 0;
    %store/vec4 v0x55f373e4a7c0_0, 4, 5;
    %load/vec4 v0x55f373e4a4d0_0;
    %pad/u 5;
    %ix/load 4, 2021, 0;
    %flag_set/imm 4, 0;
    %store/vec4 v0x55f373e4a7c0_0, 4, 5;
    %load/vec4 v0x55f373e4a3f0_0;
    %pad/u 5;
    %ix/load 4, 2016, 0;
    %flag_set/imm 4, 0;
    %store/vec4 v0x55f373e4a7c0_0, 4, 5;
    %jmp T_0.17;
T_0.7 ;
    %load/vec4 v0x55f373e4a880_0;
    %ix/load 4, 2042, 0;
    %flag_set/imm 4, 0;
    %store/vec4 v0x55f373e4a7c0_0, 4, 6;
    %load/vec4 v0x55f373e4a250_0;
    %pad/u 5;
    %ix/load 4, 2037, 0;
    %flag_set/imm 4, 0;
    %store/vec4 v0x55f373e4a7c0_0, 4, 5;
    %load/vec4 v0x55f373dcf2a0_0;
    %pad/u 5;
    %ix/load 4, 2032, 0;
    %flag_set/imm 4, 0;
    %store/vec4 v0x55f373e4a7c0_0, 4, 5;
    %load/vec4 v0x55f373e4a4d0_0;
    %pad/u 5;
    %ix/load 4, 2021, 0;
    %flag_set/imm 4, 0;
    %store/vec4 v0x55f373e4a7c0_0, 4, 5;
    %load/vec4 v0x55f373e4a3f0_0;
    %pad/u 5;
    %ix/load 4, 2016, 0;
    %flag_set/imm 4, 0;
    %store/vec4 v0x55f373e4a7c0_0, 4, 5;
    %jmp T_0.17;
T_0.8 ;
    %load/vec4 v0x55f373e4a880_0;
    %ix/load 4, 2042, 0;
    %flag_set/imm 4, 0;
    %store/vec4 v0x55f373e4a7c0_0, 4, 6;
    %load/vec4 v0x55f373e4a250_0;
    %pad/u 5;
    %ix/load 4, 2037, 0;
    %flag_set/imm 4, 0;
    %store/vec4 v0x55f373e4a7c0_0, 4, 5;
    %load/vec4 v0x55f373dcf2a0_0;
    %pad/u 5;
    %ix/load 4, 2032, 0;
    %flag_set/imm 4, 0;
    %store/vec4 v0x55f373e4a7c0_0, 4, 5;
    %load/vec4 v0x55f373e4a4d0_0;
    %pad/u 5;
    %ix/load 4, 2021, 0;
    %flag_set/imm 4, 0;
    %store/vec4 v0x55f373e4a7c0_0, 4, 5;
    %load/vec4 v0x55f373e4a3f0_0;
    %pad/u 5;
    %ix/load 4, 2016, 0;
    %flag_set/imm 4, 0;
    %store/vec4 v0x55f373e4a7c0_0, 4, 5;
    %jmp T_0.17;
T_0.9 ;
    %load/vec4 v0x55f373e4a880_0;
    %ix/load 4, 2042, 0;
    %flag_set/imm 4, 0;
    %store/vec4 v0x55f373e4a7c0_0, 4, 6;
    %load/vec4 v0x55f373e4a250_0;
    %pad/u 5;
    %ix/load 4, 2037, 0;
    %flag_set/imm 4, 0;
    %store/vec4 v0x55f373e4a7c0_0, 4, 5;
    %load/vec4 v0x55f373dcf2a0_0;
    %pad/u 5;
    %ix/load 4, 2032, 0;
    %flag_set/imm 4, 0;
    %store/vec4 v0x55f373e4a7c0_0, 4, 5;
    %load/vec4 v0x55f373e4a4d0_0;
    %pad/u 5;
    %ix/load 4, 2021, 0;
    %flag_set/imm 4, 0;
    %store/vec4 v0x55f373e4a7c0_0, 4, 5;
    %load/vec4 v0x55f373e4a3f0_0;
    %pad/u 5;
    %ix/load 4, 2016, 0;
    %flag_set/imm 4, 0;
    %store/vec4 v0x55f373e4a7c0_0, 4, 5;
    %jmp T_0.17;
T_0.10 ;
    %load/vec4 v0x55f373e4a880_0;
    %ix/load 4, 2042, 0;
    %flag_set/imm 4, 0;
    %store/vec4 v0x55f373e4a7c0_0, 4, 6;
    %load/vec4 v0x55f373e4a250_0;
    %pad/u 5;
    %ix/load 4, 2037, 0;
    %flag_set/imm 4, 0;
    %store/vec4 v0x55f373e4a7c0_0, 4, 5;
    %load/vec4 v0x55f373dcf2a0_0;
    %pad/u 5;
    %ix/load 4, 2032, 0;
    %flag_set/imm 4, 0;
    %store/vec4 v0x55f373e4a7c0_0, 4, 5;
    %load/vec4 v0x55f373e4a4d0_0;
    %pad/u 5;
    %ix/load 4, 2021, 0;
    %flag_set/imm 4, 0;
    %store/vec4 v0x55f373e4a7c0_0, 4, 5;
    %load/vec4 v0x55f373e4a3f0_0;
    %pad/u 5;
    %ix/load 4, 2016, 0;
    %flag_set/imm 4, 0;
    %store/vec4 v0x55f373e4a7c0_0, 4, 5;
    %jmp T_0.17;
T_0.11 ;
    %load/vec4 v0x55f373e4a880_0;
    %ix/load 4, 2042, 0;
    %flag_set/imm 4, 0;
    %store/vec4 v0x55f373e4a7c0_0, 4, 6;
    %load/vec4 v0x55f373e4a250_0;
    %pad/u 5;
    %ix/load 4, 2037, 0;
    %flag_set/imm 4, 0;
    %store/vec4 v0x55f373e4a7c0_0, 4, 5;
    %load/vec4 v0x55f373dcf2a0_0;
    %pad/u 5;
    %ix/load 4, 2032, 0;
    %flag_set/imm 4, 0;
    %store/vec4 v0x55f373e4a7c0_0, 4, 5;
    %load/vec4 v0x55f373e4a4d0_0;
    %pad/u 5;
    %ix/load 4, 2021, 0;
    %flag_set/imm 4, 0;
    %store/vec4 v0x55f373e4a7c0_0, 4, 5;
    %load/vec4 v0x55f373e4a3f0_0;
    %pad/u 5;
    %ix/load 4, 2016, 0;
    %flag_set/imm 4, 0;
    %store/vec4 v0x55f373e4a7c0_0, 4, 5;
    %jmp T_0.17;
T_0.12 ;
    %load/vec4 v0x55f373e4a880_0;
    %ix/load 4, 2042, 0;
    %flag_set/imm 4, 0;
    %store/vec4 v0x55f373e4a7c0_0, 4, 6;
    %load/vec4 v0x55f373e4a250_0;
    %pad/u 5;
    %ix/load 4, 2037, 0;
    %flag_set/imm 4, 0;
    %store/vec4 v0x55f373e4a7c0_0, 4, 5;
    %load/vec4 v0x55f373dcf2a0_0;
    %pad/u 5;
    %ix/load 4, 2032, 0;
    %flag_set/imm 4, 0;
    %store/vec4 v0x55f373e4a7c0_0, 4, 5;
    %load/vec4 v0x55f373e4a4d0_0;
    %pad/u 5;
    %ix/load 4, 2021, 0;
    %flag_set/imm 4, 0;
    %store/vec4 v0x55f373e4a7c0_0, 4, 5;
    %load/vec4 v0x55f373e4a3f0_0;
    %pad/u 5;
    %ix/load 4, 2016, 0;
    %flag_set/imm 4, 0;
    %store/vec4 v0x55f373e4a7c0_0, 4, 5;
    %jmp T_0.17;
T_0.13 ;
    %load/vec4 v0x55f373e4a880_0;
    %ix/load 4, 2042, 0;
    %flag_set/imm 4, 0;
    %store/vec4 v0x55f373e4a7c0_0, 4, 6;
    %load/vec4 v0x55f373e4a250_0;
    %pad/u 5;
    %ix/load 4, 2037, 0;
    %flag_set/imm 4, 0;
    %store/vec4 v0x55f373e4a7c0_0, 4, 5;
    %load/vec4 v0x55f373dcf2a0_0;
    %pad/u 5;
    %ix/load 4, 2032, 0;
    %flag_set/imm 4, 0;
    %store/vec4 v0x55f373e4a7c0_0, 4, 5;
    %load/vec4 v0x55f373e4a4d0_0;
    %pad/u 5;
    %ix/load 4, 2021, 0;
    %flag_set/imm 4, 0;
    %store/vec4 v0x55f373e4a7c0_0, 4, 5;
    %load/vec4 v0x55f373e4a3f0_0;
    %pad/u 5;
    %ix/load 4, 2016, 0;
    %flag_set/imm 4, 0;
    %store/vec4 v0x55f373e4a7c0_0, 4, 5;
    %jmp T_0.17;
T_0.14 ;
    %load/vec4 v0x55f373e4a880_0;
    %ix/load 4, 2042, 0;
    %flag_set/imm 4, 0;
    %store/vec4 v0x55f373e4a7c0_0, 4, 6;
    %load/vec4 v0x55f373e4a250_0;
    %pad/u 5;
    %ix/load 4, 2037, 0;
    %flag_set/imm 4, 0;
    %store/vec4 v0x55f373e4a7c0_0, 4, 5;
    %load/vec4 v0x55f373dcf2a0_0;
    %pad/u 5;
    %ix/load 4, 2032, 0;
    %flag_set/imm 4, 0;
    %store/vec4 v0x55f373e4a7c0_0, 4, 5;
    %load/vec4 v0x55f373e4a4d0_0;
    %pad/u 5;
    %ix/load 4, 2021, 0;
    %flag_set/imm 4, 0;
    %store/vec4 v0x55f373e4a7c0_0, 4, 5;
    %load/vec4 v0x55f373e4a3f0_0;
    %pad/u 5;
    %ix/load 4, 2016, 0;
    %flag_set/imm 4, 0;
    %store/vec4 v0x55f373e4a7c0_0, 4, 5;
    %jmp T_0.17;
T_0.15 ;
    %load/vec4 v0x55f373e4a880_0;
    %ix/load 4, 2042, 0;
    %flag_set/imm 4, 0;
    %store/vec4 v0x55f373e4a7c0_0, 4, 6;
    %load/vec4 v0x55f373e4a250_0;
    %pad/u 5;
    %ix/load 4, 2037, 0;
    %flag_set/imm 4, 0;
    %store/vec4 v0x55f373e4a7c0_0, 4, 5;
    %load/vec4 v0x55f373dcf2a0_0;
    %pad/u 5;
    %ix/load 4, 2032, 0;
    %flag_set/imm 4, 0;
    %store/vec4 v0x55f373e4a7c0_0, 4, 5;
    %load/vec4 v0x55f373e4a4d0_0;
    %pad/u 5;
    %ix/load 4, 2021, 0;
    %flag_set/imm 4, 0;
    %store/vec4 v0x55f373e4a7c0_0, 4, 5;
    %load/vec4 v0x55f373e4a3f0_0;
    %pad/u 5;
    %ix/load 4, 2016, 0;
    %flag_set/imm 4, 0;
    %store/vec4 v0x55f373e4a7c0_0, 4, 5;
    %jmp T_0.17;
T_0.16 ;
    %load/vec4 v0x55f373e4a880_0;
    %ix/load 4, 2042, 0;
    %flag_set/imm 4, 0;
    %store/vec4 v0x55f373e4a7c0_0, 4, 6;
    %load/vec4 v0x55f373e4a250_0;
    %pad/u 5;
    %ix/load 4, 2037, 0;
    %flag_set/imm 4, 0;
    %store/vec4 v0x55f373e4a7c0_0, 4, 5;
    %load/vec4 v0x55f373dcf2a0_0;
    %pad/u 5;
    %ix/load 4, 2032, 0;
    %flag_set/imm 4, 0;
    %store/vec4 v0x55f373e4a7c0_0, 4, 5;
    %load/vec4 v0x55f373e4a4d0_0;
    %pad/u 5;
    %ix/load 4, 2021, 0;
    %flag_set/imm 4, 0;
    %store/vec4 v0x55f373e4a7c0_0, 4, 5;
    %load/vec4 v0x55f373e4a3f0_0;
    %pad/u 5;
    %ix/load 4, 2016, 0;
    %flag_set/imm 4, 0;
    %store/vec4 v0x55f373e4a7c0_0, 4, 5;
    %jmp T_0.17;
T_0.17 ;
    %pop/vec4 1;
    %jmp T_0;
    .thread T_0, $push;
# The file index is used to find the file name in the following table.
:file_names 3;
    "N/A";
    "<interactive>";
    "ins.v";
