#! /usr/local/bin/vvp
:ivl_version "10.2 (stable)" "(v10_2)";
:ivl_delay_selection "TYPICAL";
:vpi_time_precision + 0;
:vpi_module "system";
:vpi_module "vhdl_sys";
:vpi_module "v2005_math";
:vpi_module "va_math";
S_0x561256ca09d0 .scope module, "tb" "tb" 2 2;
 .timescale 0 0;
v0x561256cc44f0_0 .var "a", 3 0;
v0x561256cc45e0_0 .net "out", 3 0, L_0x561256cc4730;  1 drivers
S_0x561256ca0b50 .scope module, "nott" "com" 2 5, 3 1 0, S_0x561256ca09d0;
 .timescale 0 0;
    .port_info 0 /INPUT 4 "a"
    .port_info 1 /OUTPUT 4 "b"
L_0x561256ca2d50 .functor NOT 4, v0x561256cc44f0_0, C4<0000>, C4<0000>, C4<0000>;
v0x561256c6b0c0_0 .net *"_s0", 3 0, L_0x561256ca2d50;  1 drivers
L_0x7fa2ffbbc018 .functor BUFT 1, C4<0001>, C4<0>, C4<0>, C4<0>;
v0x561256cc4210_0 .net/2u *"_s2", 3 0, L_0x7fa2ffbbc018;  1 drivers
v0x561256cc42f0_0 .net "a", 3 0, v0x561256cc44f0_0;  1 drivers
v0x561256cc43b0_0 .net "b", 3 0, L_0x561256cc4730;  alias, 1 drivers
L_0x561256cc4730 .arith/sum 4, L_0x561256ca2d50, L_0x7fa2ffbbc018;
    .scope S_0x561256ca09d0;
T_0 ;
    %pushi/vec4 0, 0, 4;
    %store/vec4 v0x561256cc44f0_0, 0, 4;
    %delay 100, 0;
    %pushi/vec4 14, 0, 4;
    %store/vec4 v0x561256cc44f0_0, 0, 4;
    %delay 200, 0;
    %pushi/vec4 3, 0, 4;
    %store/vec4 v0x561256cc44f0_0, 0, 4;
    %delay 300, 0;
    %end;
    .thread T_0;
    .scope S_0x561256ca09d0;
T_1 ;
    %vpi_call 2 13 "$monitor", "A= %b  :: Output= %b", v0x561256cc44f0_0, v0x561256cc45e0_0 {0 0 0};
    %end;
    .thread T_1;
# The file index is used to find the file name in the following table.
:file_names 4;
    "N/A";
    "<interactive>";
    "testbench.v";
    "./compl.v";
