#! /usr/local/bin/vvp
:ivl_version "10.2 (stable)" "(v10_2)";
:ivl_delay_selection "TYPICAL";
:vpi_time_precision + 0;
:vpi_module "system";
:vpi_module "vhdl_sys";
:vpi_module "v2005_math";
:vpi_module "va_math";
S_0x560ebc1bfd90 .scope module, "inverse" "inverse" 2 3;
 .timescale 0 0;
    .port_info 0 /INPUT 16 "a"
    .port_info 1 /OUTPUT 16 "k"
L_0x560ebc1dcf50 .functor NOT 1, L_0x560ebc1dce80, C4<0>, C4<0>, C4<0>;
L_0x560ebc1dd0e0 .functor NOT 1, L_0x560ebc1dcff0, C4<0>, C4<0>, C4<0>;
L_0x560ebc1dd240 .functor NOT 1, L_0x560ebc1dd1a0, C4<0>, C4<0>, C4<0>;
L_0x560ebc1dd400 .functor NOT 1, L_0x560ebc1dd330, C4<0>, C4<0>, C4<0>;
L_0x560ebc1dd570 .functor NOT 1, L_0x560ebc1dd4d0, C4<0>, C4<0>, C4<0>;
L_0x560ebc1dd740 .functor NOT 1, L_0x560ebc1dd660, C4<0>, C4<0>, C4<0>;
L_0x560ebc1dd8e0 .functor NOT 1, L_0x560ebc1dd840, C4<0>, C4<0>, C4<0>;
L_0x560ebc1dda90 .functor NOT 1, L_0x560ebc1dd9a0, C4<0>, C4<0>, C4<0>;
L_0x560ebc1ddc70 .functor NOT 1, L_0x560ebc1ddbd0, C4<0>, C4<0>, C4<0>;
L_0x560ebc1dde60 .functor NOT 1, L_0x560ebc1ddd60, C4<0>, C4<0>, C4<0>;
L_0x560ebc1de000 .functor NOT 1, L_0x560ebc1ddf60, C4<0>, C4<0>, C4<0>;
L_0x560ebc1de1b0 .functor NOT 1, L_0x560ebc1de0a0, C4<0>, C4<0>, C4<0>;
L_0x560ebc1de3b0 .functor NOT 1, L_0x560ebc1de310, C4<0>, C4<0>, C4<0>;
L_0x560ebc1de140 .functor NOT 1, L_0x560ebc1de4a0, C4<0>, C4<0>, C4<0>;
L_0x560ebc1de2a0 .functor NOT 1, L_0x560ebc1de6c0, C4<0>, C4<0>, C4<0>;
L_0x560ebc1df070 .functor NOT 1, L_0x560ebc1dedc0, C4<0>, C4<0>, C4<0>;
v0x560ebc1daaa0_0 .net *"_s10", 0 0, L_0x560ebc1dd0e0;  1 drivers
v0x560ebc1daba0_0 .net *"_s15", 0 0, L_0x560ebc1dd1a0;  1 drivers
v0x560ebc1dac80_0 .net *"_s16", 0 0, L_0x560ebc1dd240;  1 drivers
v0x560ebc1dad40_0 .net *"_s21", 0 0, L_0x560ebc1dd330;  1 drivers
v0x560ebc1dae20_0 .net *"_s22", 0 0, L_0x560ebc1dd400;  1 drivers
v0x560ebc1daf50_0 .net *"_s27", 0 0, L_0x560ebc1dd4d0;  1 drivers
v0x560ebc1db030_0 .net *"_s28", 0 0, L_0x560ebc1dd570;  1 drivers
v0x560ebc1db110_0 .net *"_s3", 0 0, L_0x560ebc1dce80;  1 drivers
v0x560ebc1db1f0_0 .net *"_s33", 0 0, L_0x560ebc1dd660;  1 drivers
v0x560ebc1db360_0 .net *"_s34", 0 0, L_0x560ebc1dd740;  1 drivers
v0x560ebc1db440_0 .net *"_s39", 0 0, L_0x560ebc1dd840;  1 drivers
v0x560ebc1db520_0 .net *"_s4", 0 0, L_0x560ebc1dcf50;  1 drivers
v0x560ebc1db600_0 .net *"_s40", 0 0, L_0x560ebc1dd8e0;  1 drivers
v0x560ebc1db6e0_0 .net *"_s45", 0 0, L_0x560ebc1dd9a0;  1 drivers
v0x560ebc1db7c0_0 .net *"_s46", 0 0, L_0x560ebc1dda90;  1 drivers
v0x560ebc1db8a0_0 .net *"_s51", 0 0, L_0x560ebc1ddbd0;  1 drivers
v0x560ebc1db980_0 .net *"_s52", 0 0, L_0x560ebc1ddc70;  1 drivers
v0x560ebc1dbb70_0 .net *"_s57", 0 0, L_0x560ebc1ddd60;  1 drivers
v0x560ebc1dbc50_0 .net *"_s58", 0 0, L_0x560ebc1dde60;  1 drivers
v0x560ebc1dbd30_0 .net *"_s63", 0 0, L_0x560ebc1ddf60;  1 drivers
v0x560ebc1dbe10_0 .net *"_s64", 0 0, L_0x560ebc1de000;  1 drivers
v0x560ebc1dbef0_0 .net *"_s69", 0 0, L_0x560ebc1de0a0;  1 drivers
v0x560ebc1dbfd0_0 .net *"_s70", 0 0, L_0x560ebc1de1b0;  1 drivers
v0x560ebc1dc0b0_0 .net *"_s75", 0 0, L_0x560ebc1de310;  1 drivers
v0x560ebc1dc190_0 .net *"_s76", 0 0, L_0x560ebc1de3b0;  1 drivers
v0x560ebc1dc270_0 .net *"_s81", 0 0, L_0x560ebc1de4a0;  1 drivers
v0x560ebc1dc350_0 .net *"_s82", 0 0, L_0x560ebc1de140;  1 drivers
v0x560ebc1dc430_0 .net *"_s87", 0 0, L_0x560ebc1de6c0;  1 drivers
v0x560ebc1dc510_0 .net *"_s88", 0 0, L_0x560ebc1de2a0;  1 drivers
v0x560ebc1dc5f0_0 .net *"_s9", 0 0, L_0x560ebc1dcff0;  1 drivers
v0x560ebc1dc6d0_0 .net *"_s94", 0 0, L_0x560ebc1dedc0;  1 drivers
v0x560ebc1dc7b0_0 .net *"_s95", 0 0, L_0x560ebc1df070;  1 drivers
o0x7f3ba7f18e18 .functor BUFZ 16, C4<zzzzzzzzzzzzzzzz>; HiZ drive
v0x560ebc1dc890_0 .net "a", 15 0, o0x7f3ba7f18e18;  0 drivers
v0x560ebc1dcb80_0 .net "b", 15 0, L_0x560ebc1de7e0;  1 drivers
v0x560ebc1dcc60_0 .net "c", 15 0, L_0x560ebc1e3450;  1 drivers
v0x560ebc1dcd40_0 .net "k", 15 0, L_0x560ebc1e3c00;  1 drivers
L_0x560ebc1dce80 .part o0x7f3ba7f18e18, 0, 1;
L_0x560ebc1dcff0 .part o0x7f3ba7f18e18, 1, 1;
L_0x560ebc1dd1a0 .part o0x7f3ba7f18e18, 2, 1;
L_0x560ebc1dd330 .part o0x7f3ba7f18e18, 3, 1;
L_0x560ebc1dd4d0 .part o0x7f3ba7f18e18, 4, 1;
L_0x560ebc1dd660 .part o0x7f3ba7f18e18, 5, 1;
L_0x560ebc1dd840 .part o0x7f3ba7f18e18, 6, 1;
L_0x560ebc1dd9a0 .part o0x7f3ba7f18e18, 7, 1;
L_0x560ebc1ddbd0 .part o0x7f3ba7f18e18, 8, 1;
L_0x560ebc1ddd60 .part o0x7f3ba7f18e18, 9, 1;
L_0x560ebc1ddf60 .part o0x7f3ba7f18e18, 10, 1;
L_0x560ebc1de0a0 .part o0x7f3ba7f18e18, 11, 1;
L_0x560ebc1de310 .part o0x7f3ba7f18e18, 12, 1;
L_0x560ebc1de4a0 .part o0x7f3ba7f18e18, 13, 1;
L_0x560ebc1de6c0 .part o0x7f3ba7f18e18, 14, 1;
LS_0x560ebc1de7e0_0_0 .concat8 [ 1 1 1 1], L_0x560ebc1dcf50, L_0x560ebc1dd0e0, L_0x560ebc1dd240, L_0x560ebc1dd400;
LS_0x560ebc1de7e0_0_4 .concat8 [ 1 1 1 1], L_0x560ebc1dd570, L_0x560ebc1dd740, L_0x560ebc1dd8e0, L_0x560ebc1dda90;
LS_0x560ebc1de7e0_0_8 .concat8 [ 1 1 1 1], L_0x560ebc1ddc70, L_0x560ebc1dde60, L_0x560ebc1de000, L_0x560ebc1de1b0;
LS_0x560ebc1de7e0_0_12 .concat8 [ 1 1 1 1], L_0x560ebc1de3b0, L_0x560ebc1de140, L_0x560ebc1de2a0, L_0x560ebc1df070;
L_0x560ebc1de7e0 .concat8 [ 4 4 4 4], LS_0x560ebc1de7e0_0_0, LS_0x560ebc1de7e0_0_4, LS_0x560ebc1de7e0_0_8, LS_0x560ebc1de7e0_0_12;
L_0x560ebc1dedc0 .part o0x7f3ba7f18e18, 15, 1;
L_0x560ebc1df390 .part L_0x560ebc1de7e0, 0, 1;
L_0x560ebc1df6a0 .part L_0x560ebc1de7e0, 1, 1;
L_0x560ebc1df740 .part L_0x560ebc1e3450, 0, 1;
L_0x560ebc1df480 .part L_0x560ebc1de7e0, 2, 1;
L_0x560ebc1dfa10 .part L_0x560ebc1e3450, 1, 1;
L_0x560ebc1dfcf0 .part L_0x560ebc1de7e0, 3, 1;
L_0x560ebc1dfd90 .part L_0x560ebc1e3450, 2, 1;
L_0x560ebc1e0080 .part L_0x560ebc1de7e0, 4, 1;
L_0x560ebc1e0120 .part L_0x560ebc1e3450, 3, 1;
L_0x560ebc1e0460 .part L_0x560ebc1de7e0, 5, 1;
L_0x560ebc1e0500 .part L_0x560ebc1e3450, 4, 1;
L_0x560ebc1e0810 .part L_0x560ebc1de7e0, 6, 1;
L_0x560ebc1e08b0 .part L_0x560ebc1e3450, 5, 1;
L_0x560ebc1e0c30 .part L_0x560ebc1de7e0, 7, 1;
L_0x560ebc1e0cd0 .part L_0x560ebc1e3450, 6, 1;
L_0x560ebc1e1060 .part L_0x560ebc1de7e0, 8, 1;
L_0x560ebc1e1100 .part L_0x560ebc1e3450, 7, 1;
L_0x560ebc1e15b0 .part L_0x560ebc1de7e0, 9, 1;
L_0x560ebc1e1650 .part L_0x560ebc1e3450, 8, 1;
L_0x560ebc1e18f0 .part L_0x560ebc1de7e0, 10, 1;
L_0x560ebc1e1990 .part L_0x560ebc1e3450, 9, 1;
L_0x560ebc1e1d50 .part L_0x560ebc1de7e0, 11, 1;
L_0x560ebc1e1df0 .part L_0x560ebc1e3450, 10, 1;
L_0x560ebc1e21c0 .part L_0x560ebc1de7e0, 12, 1;
L_0x560ebc1e2260 .part L_0x560ebc1e3450, 11, 1;
L_0x560ebc1e2640 .part L_0x560ebc1de7e0, 13, 1;
L_0x560ebc1e26e0 .part L_0x560ebc1e3450, 12, 1;
L_0x560ebc1e2ad0 .part L_0x560ebc1de7e0, 14, 1;
L_0x560ebc1e2d80 .part L_0x560ebc1e3450, 13, 1;
L_0x560ebc1e3180 .part L_0x560ebc1de7e0, 15, 1;
L_0x560ebc1e3220 .part L_0x560ebc1e3450, 14, 1;
LS_0x560ebc1e3450_0_0 .concat8 [ 1 1 1 1], L_0x560ebc1df210, L_0x560ebc1df520, L_0x560ebc1df890, L_0x560ebc1dfb70;
LS_0x560ebc1e3450_0_4 .concat8 [ 1 1 1 1], L_0x560ebc1dff00, L_0x560ebc1e0330, L_0x560ebc1e0690, L_0x560ebc1e0a50;
LS_0x560ebc1e3450_0_8 .concat8 [ 1 1 1 1], L_0x560ebc1e0e80, L_0x560ebc1e13d0, L_0x560ebc1e12b0, L_0x560ebc1e1b70;
LS_0x560ebc1e3450_0_12 .concat8 [ 1 1 1 1], L_0x560ebc1e1fe0, L_0x560ebc1e2460, L_0x560ebc1e28f0, L_0x560ebc1e2fa0;
L_0x560ebc1e3450 .concat8 [ 4 4 4 4], LS_0x560ebc1e3450_0_0, LS_0x560ebc1e3450_0_4, LS_0x560ebc1e3450_0_8, LS_0x560ebc1e3450_0_12;
LS_0x560ebc1e3c00_0_0 .concat8 [ 1 1 1 1], L_0x560ebc1df280, L_0x560ebc1df590, L_0x560ebc1df900, L_0x560ebc1dfbe0;
LS_0x560ebc1e3c00_0_4 .concat8 [ 1 1 1 1], L_0x560ebc1dff70, L_0x560ebc1e03a0, L_0x560ebc1e0700, L_0x560ebc1e0af0;
LS_0x560ebc1e3c00_0_8 .concat8 [ 1 1 1 1], L_0x560ebc1e0f20, L_0x560ebc1e1470, L_0x560ebc1e1350, L_0x560ebc1e1c10;
LS_0x560ebc1e3c00_0_12 .concat8 [ 1 1 1 1], L_0x560ebc1e2080, L_0x560ebc1e2500, L_0x560ebc1e2990, L_0x560ebc1e3040;
L_0x560ebc1e3c00 .concat8 [ 4 4 4 4], LS_0x560ebc1e3c00_0_0, LS_0x560ebc1e3c00_0_4, LS_0x560ebc1e3c00_0_8, LS_0x560ebc1e3c00_0_12;
S_0x560ebc1be630 .scope module, "mod0" "half_adder" 2 26, 3 1 0, S_0x560ebc1bfd90;
 .timescale 0 0;
    .port_info 0 /INPUT 1 "a"
    .port_info 1 /INPUT 1 "b"
    .port_info 2 /OUTPUT 1 "sum"
    .port_info 3 /OUTPUT 1 "carry"
L_0x7f3ba7ece018 .functor BUFT 1, C4<1>, C4<0>, C4<0>, C4<0>;
L_0x560ebc1df210 .functor XOR 1, L_0x560ebc1df390, L_0x7f3ba7ece018, C4<0>, C4<0>;
L_0x560ebc1df280 .functor AND 1, L_0x560ebc1df390, L_0x7f3ba7ece018, C4<1>, C4<1>;
v0x560ebc1aa6e0_0 .net "a", 0 0, L_0x560ebc1df390;  1 drivers
v0x560ebc1b17f0_0 .net "b", 0 0, L_0x7f3ba7ece018;  1 drivers
v0x560ebc1b0090_0 .net "carry", 0 0, L_0x560ebc1df280;  1 drivers
v0x560ebc1ae930_0 .net "sum", 0 0, L_0x560ebc1df210;  1 drivers
S_0x560ebc1d5610 .scope module, "mod1" "half_adder" 2 27, 3 1 0, S_0x560ebc1bfd90;
 .timescale 0 0;
    .port_info 0 /INPUT 1 "a"
    .port_info 1 /INPUT 1 "b"
    .port_info 2 /OUTPUT 1 "sum"
    .port_info 3 /OUTPUT 1 "carry"
L_0x560ebc1df520 .functor XOR 1, L_0x560ebc1df6a0, L_0x560ebc1df740, C4<0>, C4<0>;
L_0x560ebc1df590 .functor AND 1, L_0x560ebc1df6a0, L_0x560ebc1df740, C4<1>, C4<1>;
v0x560ebc1ad1d0_0 .net "a", 0 0, L_0x560ebc1df6a0;  1 drivers
v0x560ebc1aba70_0 .net "b", 0 0, L_0x560ebc1df740;  1 drivers
v0x560ebc1a01d0_0 .net "carry", 0 0, L_0x560ebc1df590;  1 drivers
v0x560ebc1d57f0_0 .net "sum", 0 0, L_0x560ebc1df520;  1 drivers
S_0x560ebc1d5930 .scope module, "mod10" "half_adder" 2 36, 3 1 0, S_0x560ebc1bfd90;
 .timescale 0 0;
    .port_info 0 /INPUT 1 "a"
    .port_info 1 /INPUT 1 "b"
    .port_info 2 /OUTPUT 1 "sum"
    .port_info 3 /OUTPUT 1 "carry"
L_0x560ebc1e12b0 .functor XOR 1, L_0x560ebc1e18f0, L_0x560ebc1e1990, C4<0>, C4<0>;
L_0x560ebc1e1350 .functor AND 1, L_0x560ebc1e18f0, L_0x560ebc1e1990, C4<1>, C4<1>;
v0x560ebc1d5ae0_0 .net "a", 0 0, L_0x560ebc1e18f0;  1 drivers
v0x560ebc1d5ba0_0 .net "b", 0 0, L_0x560ebc1e1990;  1 drivers
v0x560ebc1d5c60_0 .net "carry", 0 0, L_0x560ebc1e1350;  1 drivers
v0x560ebc1d5d30_0 .net "sum", 0 0, L_0x560ebc1e12b0;  1 drivers
S_0x560ebc1d5ea0 .scope module, "mod11" "half_adder" 2 37, 3 1 0, S_0x560ebc1bfd90;
 .timescale 0 0;
    .port_info 0 /INPUT 1 "a"
    .port_info 1 /INPUT 1 "b"
    .port_info 2 /OUTPUT 1 "sum"
    .port_info 3 /OUTPUT 1 "carry"
L_0x560ebc1e1b70 .functor XOR 1, L_0x560ebc1e1d50, L_0x560ebc1e1df0, C4<0>, C4<0>;
L_0x560ebc1e1c10 .functor AND 1, L_0x560ebc1e1d50, L_0x560ebc1e1df0, C4<1>, C4<1>;
v0x560ebc1d6020_0 .net "a", 0 0, L_0x560ebc1e1d50;  1 drivers
v0x560ebc1d6100_0 .net "b", 0 0, L_0x560ebc1e1df0;  1 drivers
v0x560ebc1d61c0_0 .net "carry", 0 0, L_0x560ebc1e1c10;  1 drivers
v0x560ebc1d6290_0 .net "sum", 0 0, L_0x560ebc1e1b70;  1 drivers
S_0x560ebc1d6400 .scope module, "mod12" "half_adder" 2 38, 3 1 0, S_0x560ebc1bfd90;
 .timescale 0 0;
    .port_info 0 /INPUT 1 "a"
    .port_info 1 /INPUT 1 "b"
    .port_info 2 /OUTPUT 1 "sum"
    .port_info 3 /OUTPUT 1 "carry"
L_0x560ebc1e1fe0 .functor XOR 1, L_0x560ebc1e21c0, L_0x560ebc1e2260, C4<0>, C4<0>;
L_0x560ebc1e2080 .functor AND 1, L_0x560ebc1e21c0, L_0x560ebc1e2260, C4<1>, C4<1>;
v0x560ebc1d6580_0 .net "a", 0 0, L_0x560ebc1e21c0;  1 drivers
v0x560ebc1d6660_0 .net "b", 0 0, L_0x560ebc1e2260;  1 drivers
v0x560ebc1d6720_0 .net "carry", 0 0, L_0x560ebc1e2080;  1 drivers
v0x560ebc1d67c0_0 .net "sum", 0 0, L_0x560ebc1e1fe0;  1 drivers
S_0x560ebc1d6930 .scope module, "mod13" "half_adder" 2 39, 3 1 0, S_0x560ebc1bfd90;
 .timescale 0 0;
    .port_info 0 /INPUT 1 "a"
    .port_info 1 /INPUT 1 "b"
    .port_info 2 /OUTPUT 1 "sum"
    .port_info 3 /OUTPUT 1 "carry"
L_0x560ebc1e2460 .functor XOR 1, L_0x560ebc1e2640, L_0x560ebc1e26e0, C4<0>, C4<0>;
L_0x560ebc1e2500 .functor AND 1, L_0x560ebc1e2640, L_0x560ebc1e26e0, C4<1>, C4<1>;
v0x560ebc1d6ab0_0 .net "a", 0 0, L_0x560ebc1e2640;  1 drivers
v0x560ebc1d6b90_0 .net "b", 0 0, L_0x560ebc1e26e0;  1 drivers
v0x560ebc1d6c50_0 .net "carry", 0 0, L_0x560ebc1e2500;  1 drivers
v0x560ebc1d6d20_0 .net "sum", 0 0, L_0x560ebc1e2460;  1 drivers
S_0x560ebc1d6e90 .scope module, "mod14" "half_adder" 2 40, 3 1 0, S_0x560ebc1bfd90;
 .timescale 0 0;
    .port_info 0 /INPUT 1 "a"
    .port_info 1 /INPUT 1 "b"
    .port_info 2 /OUTPUT 1 "sum"
    .port_info 3 /OUTPUT 1 "carry"
L_0x560ebc1e28f0 .functor XOR 1, L_0x560ebc1e2ad0, L_0x560ebc1e2d80, C4<0>, C4<0>;
L_0x560ebc1e2990 .functor AND 1, L_0x560ebc1e2ad0, L_0x560ebc1e2d80, C4<1>, C4<1>;
v0x560ebc1d7060_0 .net "a", 0 0, L_0x560ebc1e2ad0;  1 drivers
v0x560ebc1d7140_0 .net "b", 0 0, L_0x560ebc1e2d80;  1 drivers
v0x560ebc1d7200_0 .net "carry", 0 0, L_0x560ebc1e2990;  1 drivers
v0x560ebc1d72d0_0 .net "sum", 0 0, L_0x560ebc1e28f0;  1 drivers
S_0x560ebc1d7440 .scope module, "mod16" "half_adder" 2 41, 3 1 0, S_0x560ebc1bfd90;
 .timescale 0 0;
    .port_info 0 /INPUT 1 "a"
    .port_info 1 /INPUT 1 "b"
    .port_info 2 /OUTPUT 1 "sum"
    .port_info 3 /OUTPUT 1 "carry"
L_0x560ebc1e2fa0 .functor XOR 1, L_0x560ebc1e3180, L_0x560ebc1e3220, C4<0>, C4<0>;
L_0x560ebc1e3040 .functor AND 1, L_0x560ebc1e3180, L_0x560ebc1e3220, C4<1>, C4<1>;
v0x560ebc1d7610_0 .net "a", 0 0, L_0x560ebc1e3180;  1 drivers
v0x560ebc1d76f0_0 .net "b", 0 0, L_0x560ebc1e3220;  1 drivers
v0x560ebc1d77b0_0 .net "carry", 0 0, L_0x560ebc1e3040;  1 drivers
v0x560ebc1d7880_0 .net "sum", 0 0, L_0x560ebc1e2fa0;  1 drivers
S_0x560ebc1d79f0 .scope module, "mod2" "half_adder" 2 28, 3 1 0, S_0x560ebc1bfd90;
 .timescale 0 0;
    .port_info 0 /INPUT 1 "a"
    .port_info 1 /INPUT 1 "b"
    .port_info 2 /OUTPUT 1 "sum"
    .port_info 3 /OUTPUT 1 "carry"
L_0x560ebc1df890 .functor XOR 1, L_0x560ebc1df480, L_0x560ebc1dfa10, C4<0>, C4<0>;
L_0x560ebc1df900 .functor AND 1, L_0x560ebc1df480, L_0x560ebc1dfa10, C4<1>, C4<1>;
v0x560ebc1d7c30_0 .net "a", 0 0, L_0x560ebc1df480;  1 drivers
v0x560ebc1d7d10_0 .net "b", 0 0, L_0x560ebc1dfa10;  1 drivers
v0x560ebc1d7dd0_0 .net "carry", 0 0, L_0x560ebc1df900;  1 drivers
v0x560ebc1d7ea0_0 .net "sum", 0 0, L_0x560ebc1df890;  1 drivers
S_0x560ebc1d8010 .scope module, "mod3" "half_adder" 2 29, 3 1 0, S_0x560ebc1bfd90;
 .timescale 0 0;
    .port_info 0 /INPUT 1 "a"
    .port_info 1 /INPUT 1 "b"
    .port_info 2 /OUTPUT 1 "sum"
    .port_info 3 /OUTPUT 1 "carry"
L_0x560ebc1dfb70 .functor XOR 1, L_0x560ebc1dfcf0, L_0x560ebc1dfd90, C4<0>, C4<0>;
L_0x560ebc1dfbe0 .functor AND 1, L_0x560ebc1dfcf0, L_0x560ebc1dfd90, C4<1>, C4<1>;
v0x560ebc1d8200_0 .net "a", 0 0, L_0x560ebc1dfcf0;  1 drivers
v0x560ebc1d82e0_0 .net "b", 0 0, L_0x560ebc1dfd90;  1 drivers
v0x560ebc1d83a0_0 .net "carry", 0 0, L_0x560ebc1dfbe0;  1 drivers
v0x560ebc1d8470_0 .net "sum", 0 0, L_0x560ebc1dfb70;  1 drivers
S_0x560ebc1d85e0 .scope module, "mod4" "half_adder" 2 30, 3 1 0, S_0x560ebc1bfd90;
 .timescale 0 0;
    .port_info 0 /INPUT 1 "a"
    .port_info 1 /INPUT 1 "b"
    .port_info 2 /OUTPUT 1 "sum"
    .port_info 3 /OUTPUT 1 "carry"
L_0x560ebc1dff00 .functor XOR 1, L_0x560ebc1e0080, L_0x560ebc1e0120, C4<0>, C4<0>;
L_0x560ebc1dff70 .functor AND 1, L_0x560ebc1e0080, L_0x560ebc1e0120, C4<1>, C4<1>;
v0x560ebc1d8820_0 .net "a", 0 0, L_0x560ebc1e0080;  1 drivers
v0x560ebc1d8900_0 .net "b", 0 0, L_0x560ebc1e0120;  1 drivers
v0x560ebc1d89c0_0 .net "carry", 0 0, L_0x560ebc1dff70;  1 drivers
v0x560ebc1d8a90_0 .net "sum", 0 0, L_0x560ebc1dff00;  1 drivers
S_0x560ebc1d8c00 .scope module, "mod5" "half_adder" 2 31, 3 1 0, S_0x560ebc1bfd90;
 .timescale 0 0;
    .port_info 0 /INPUT 1 "a"
    .port_info 1 /INPUT 1 "b"
    .port_info 2 /OUTPUT 1 "sum"
    .port_info 3 /OUTPUT 1 "carry"
L_0x560ebc1e0330 .functor XOR 1, L_0x560ebc1e0460, L_0x560ebc1e0500, C4<0>, C4<0>;
L_0x560ebc1e03a0 .functor AND 1, L_0x560ebc1e0460, L_0x560ebc1e0500, C4<1>, C4<1>;
v0x560ebc1d8e40_0 .net "a", 0 0, L_0x560ebc1e0460;  1 drivers
v0x560ebc1d8f20_0 .net "b", 0 0, L_0x560ebc1e0500;  1 drivers
v0x560ebc1d8fe0_0 .net "carry", 0 0, L_0x560ebc1e03a0;  1 drivers
v0x560ebc1d90b0_0 .net "sum", 0 0, L_0x560ebc1e0330;  1 drivers
S_0x560ebc1d9220 .scope module, "mod6" "half_adder" 2 32, 3 1 0, S_0x560ebc1bfd90;
 .timescale 0 0;
    .port_info 0 /INPUT 1 "a"
    .port_info 1 /INPUT 1 "b"
    .port_info 2 /OUTPUT 1 "sum"
    .port_info 3 /OUTPUT 1 "carry"
L_0x560ebc1e0690 .functor XOR 1, L_0x560ebc1e0810, L_0x560ebc1e08b0, C4<0>, C4<0>;
L_0x560ebc1e0700 .functor AND 1, L_0x560ebc1e0810, L_0x560ebc1e08b0, C4<1>, C4<1>;
v0x560ebc1d9460_0 .net "a", 0 0, L_0x560ebc1e0810;  1 drivers
v0x560ebc1d9540_0 .net "b", 0 0, L_0x560ebc1e08b0;  1 drivers
v0x560ebc1d9600_0 .net "carry", 0 0, L_0x560ebc1e0700;  1 drivers
v0x560ebc1d96d0_0 .net "sum", 0 0, L_0x560ebc1e0690;  1 drivers
S_0x560ebc1d9840 .scope module, "mod7" "half_adder" 2 33, 3 1 0, S_0x560ebc1bfd90;
 .timescale 0 0;
    .port_info 0 /INPUT 1 "a"
    .port_info 1 /INPUT 1 "b"
    .port_info 2 /OUTPUT 1 "sum"
    .port_info 3 /OUTPUT 1 "carry"
L_0x560ebc1e0a50 .functor XOR 1, L_0x560ebc1e0c30, L_0x560ebc1e0cd0, C4<0>, C4<0>;
L_0x560ebc1e0af0 .functor AND 1, L_0x560ebc1e0c30, L_0x560ebc1e0cd0, C4<1>, C4<1>;
v0x560ebc1d9a80_0 .net "a", 0 0, L_0x560ebc1e0c30;  1 drivers
v0x560ebc1d9b60_0 .net "b", 0 0, L_0x560ebc1e0cd0;  1 drivers
v0x560ebc1d9c20_0 .net "carry", 0 0, L_0x560ebc1e0af0;  1 drivers
v0x560ebc1d9cf0_0 .net "sum", 0 0, L_0x560ebc1e0a50;  1 drivers
S_0x560ebc1d9e60 .scope module, "mod8" "half_adder" 2 34, 3 1 0, S_0x560ebc1bfd90;
 .timescale 0 0;
    .port_info 0 /INPUT 1 "a"
    .port_info 1 /INPUT 1 "b"
    .port_info 2 /OUTPUT 1 "sum"
    .port_info 3 /OUTPUT 1 "carry"
L_0x560ebc1e0e80 .functor XOR 1, L_0x560ebc1e1060, L_0x560ebc1e1100, C4<0>, C4<0>;
L_0x560ebc1e0f20 .functor AND 1, L_0x560ebc1e1060, L_0x560ebc1e1100, C4<1>, C4<1>;
v0x560ebc1da0a0_0 .net "a", 0 0, L_0x560ebc1e1060;  1 drivers
v0x560ebc1da180_0 .net "b", 0 0, L_0x560ebc1e1100;  1 drivers
v0x560ebc1da240_0 .net "carry", 0 0, L_0x560ebc1e0f20;  1 drivers
v0x560ebc1da310_0 .net "sum", 0 0, L_0x560ebc1e0e80;  1 drivers
S_0x560ebc1da480 .scope module, "mod9" "half_adder" 2 35, 3 1 0, S_0x560ebc1bfd90;
 .timescale 0 0;
    .port_info 0 /INPUT 1 "a"
    .port_info 1 /INPUT 1 "b"
    .port_info 2 /OUTPUT 1 "sum"
    .port_info 3 /OUTPUT 1 "carry"
L_0x560ebc1e13d0 .functor XOR 1, L_0x560ebc1e15b0, L_0x560ebc1e1650, C4<0>, C4<0>;
L_0x560ebc1e1470 .functor AND 1, L_0x560ebc1e15b0, L_0x560ebc1e1650, C4<1>, C4<1>;
v0x560ebc1da6c0_0 .net "a", 0 0, L_0x560ebc1e15b0;  1 drivers
v0x560ebc1da7a0_0 .net "b", 0 0, L_0x560ebc1e1650;  1 drivers
v0x560ebc1da860_0 .net "carry", 0 0, L_0x560ebc1e1470;  1 drivers
v0x560ebc1da930_0 .net "sum", 0 0, L_0x560ebc1e13d0;  1 drivers
# The file index is used to find the file name in the following table.
:file_names 4;
    "N/A";
    "<interactive>";
    "./P_compdiv.vl";
    "./hadd.v";
