#! /usr/local/bin/vvp
:ivl_version "10.2 (stable)" "(v10_2)";
:ivl_delay_selection "TYPICAL";
:vpi_time_precision + 0;
:vpi_module "system";
:vpi_module "vhdl_sys";
:vpi_module "v2005_math";
:vpi_module "va_math";
S_0x557dc5ac0180 .scope module, "up_counter" "up_counter" 2 1;
 .timescale 0 0;
    .port_info 0 /INPUT 1 "clk"
    .port_info 1 /INPUT 1 "reset"
    .port_info 2 /OUTPUT 4 "counter"
L_0x557dc5b175c0 .functor BUFZ 4, v0x557dc5b173c0_0, C4<0000>, C4<0000>, C4<0000>;
o0x7f4dbaab3018 .functor BUFZ 1, C4<z>; HiZ drive
v0x557dc5ac0370_0 .net "clk", 0 0, o0x7f4dbaab3018;  0 drivers
v0x557dc5b172e0_0 .net "counter", 3 0, L_0x557dc5b175c0;  1 drivers
v0x557dc5b173c0_0 .var "counter_up", 3 0;
o0x7f4dbaab30a8 .functor BUFZ 1, C4<z>; HiZ drive
v0x557dc5b17480_0 .net "reset", 0 0, o0x7f4dbaab30a8;  0 drivers
E_0x557dc5ac06a0 .event posedge, v0x557dc5b17480_0, v0x557dc5ac0370_0;
    .scope S_0x557dc5ac0180;
T_0 ;
    %wait E_0x557dc5ac06a0;
    %load/vec4 v0x557dc5b17480_0;
    %flag_set/vec4 8;
    %jmp/0xz  T_0.0, 8;
    %pushi/vec4 0, 0, 4;
    %assign/vec4 v0x557dc5b173c0_0, 0;
    %jmp T_0.1;
T_0.0 ;
    %load/vec4 v0x557dc5b173c0_0;
    %addi 1, 0, 4;
    %assign/vec4 v0x557dc5b173c0_0, 0;
T_0.1 ;
    %jmp T_0;
    .thread T_0;
# The file index is used to find the file name in the following table.
:file_names 3;
    "N/A";
    "<interactive>";
    "pc.v";
