#! /usr/local/bin/vvp
:ivl_version "10.2 (stable)" "(v10_2)";
:ivl_delay_selection "TYPICAL";
:vpi_time_precision + 0;
:vpi_module "system";
:vpi_module "vhdl_sys";
:vpi_module "v2005_math";
:vpi_module "va_math";
S_0x55f1185d7160 .scope module, "tb" "tb" 2 2;
 .timescale 0 0;
v0x55f118632a50_0 .var "a", 15 0;
v0x55f118632b10_0 .var "b", 15 0;
v0x55f118632be0_0 .net "out", 15 0, L_0x55f118633040;  1 drivers
S_0x55f1185d72e0 .scope module, "nott" "xor_gate" 2 6, 3 1 0, S_0x55f1185d7160;
 .timescale 0 0;
    .port_info 0 /INPUT 16 "A"
    .port_info 1 /INPUT 16 "B"
    .port_info 2 /OUTPUT 16 "XOR"
L_0x55f118632ce0 .functor NOT 16, v0x55f118632a50_0, C4<0000000000000000>, C4<0000000000000000>, C4<0000000000000000>;
L_0x55f118632dd0 .functor AND 16, L_0x55f118632ce0, v0x55f118632b10_0, C4<1111111111111111>, C4<1111111111111111>;
L_0x55f118632ee0 .functor NOT 16, v0x55f118632b10_0, C4<0000000000000000>, C4<0000000000000000>, C4<0000000000000000>;
L_0x55f118632f50 .functor AND 16, v0x55f118632a50_0, L_0x55f118632ee0, C4<1111111111111111>, C4<1111111111111111>;
L_0x55f118633040 .functor OR 16, L_0x55f118632dd0, L_0x55f118632f50, C4<0000000000000000>, C4<0000000000000000>;
v0x55f11860cf30_0 .net "A", 15 0, v0x55f118632a50_0;  1 drivers
v0x55f118632460_0 .net "B", 15 0, v0x55f118632b10_0;  1 drivers
v0x55f118632540_0 .net "XOR", 15 0, L_0x55f118633040;  alias, 1 drivers
v0x55f118632600_0 .net *"_s0", 15 0, L_0x55f118632ce0;  1 drivers
v0x55f1186326e0_0 .net *"_s2", 15 0, L_0x55f118632dd0;  1 drivers
v0x55f118632810_0 .net *"_s4", 15 0, L_0x55f118632ee0;  1 drivers
v0x55f1186328f0_0 .net *"_s6", 15 0, L_0x55f118632f50;  1 drivers
    .scope S_0x55f1185d7160;
T_0 ;
    %pushi/vec4 0, 0, 16;
    %store/vec4 v0x55f118632a50_0, 0, 16;
    %pushi/vec4 1, 0, 16;
    %store/vec4 v0x55f118632b10_0, 0, 16;
    %delay 100, 0;
    %pushi/vec4 14, 0, 16;
    %store/vec4 v0x55f118632a50_0, 0, 16;
    %pushi/vec4 21, 0, 16;
    %store/vec4 v0x55f118632b10_0, 0, 16;
    %delay 200, 0;
    %pushi/vec4 3, 0, 16;
    %store/vec4 v0x55f118632a50_0, 0, 16;
    %pushi/vec4 221, 0, 16;
    %store/vec4 v0x55f118632b10_0, 0, 16;
    %delay 300, 0;
    %end;
    .thread T_0;
    .scope S_0x55f1185d7160;
T_1 ;
    %vpi_call 2 14 "$monitor", "A= %b :: B= %b :: Output= %b", v0x55f118632a50_0, v0x55f118632b10_0, v0x55f118632be0_0 {0 0 0};
    %end;
    .thread T_1;
# The file index is used to find the file name in the following table.
:file_names 4;
    "N/A";
    "<interactive>";
    "testbench.v";
    "./xor.v";
