#! /usr/local/bin/vvp
:ivl_version "10.2 (stable)" "(v10_2)";
:ivl_delay_selection "TYPICAL";
:vpi_time_precision + 0;
:vpi_module "system";
:vpi_module "vhdl_sys";
:vpi_module "v2005_math";
:vpi_module "va_math";
S_0x55f09732c830 .scope module, "mux21_tb" "mux21_tb" 2 3;
 .timescale 0 0;
v0x55f09739d2a0_0 .var "in", 15 0;
v0x55f09739d360_0 .net "out", 15 0, L_0x55f0973aff80;  1 drivers
v0x55f09739d430_0 .var "shft", 3 0;
S_0x55f09732c450 .scope module, "mod0" "barrel_left" 2 9, 3 2 0, S_0x55f09732c830;
 .timescale 0 0;
    .port_info 0 /INPUT 16 "in"
    .port_info 1 /INPUT 4 "shft"
    .port_info 2 /OUTPUT 16 "out"
v0x55f09739cc90_0 .net "in", 15 0, v0x55f09739d2a0_0;  1 drivers
v0x55f09739cd90_0 .net "l1", 15 0, L_0x55f0973a1660;  1 drivers
v0x55f09739ce70_0 .net "l2", 15 0, L_0x55f0973a7760;  1 drivers
v0x55f09739cf30_0 .net "l3", 15 0, L_0x55f0973ad880;  1 drivers
v0x55f09739d010_0 .net "out", 15 0, L_0x55f0973aff80;  alias, 1 drivers
v0x55f09739d140_0 .net "shft", 3 0, v0x55f09739d430_0;  1 drivers
L_0x55f09739d530 .part v0x55f09739d430_0, 0, 1;
L_0x55f09739d650 .part v0x55f09739d2a0_0, 0, 1;
L_0x55f09739d770 .part v0x55f09739d430_0, 0, 1;
L_0x55f09739d810 .part v0x55f09739d2a0_0, 0, 1;
L_0x55f09739d910 .part v0x55f09739d2a0_0, 1, 1;
L_0x55f09739d9e0 .part v0x55f09739d430_0, 0, 1;
L_0x55f09739db80 .part v0x55f09739d2a0_0, 1, 1;
L_0x55f09739dc20 .part v0x55f09739d2a0_0, 2, 1;
L_0x55f09739dd40 .part v0x55f09739d430_0, 0, 1;
L_0x55f09739de10 .part v0x55f09739d2a0_0, 2, 1;
L_0x55f09739df40 .part v0x55f09739d2a0_0, 3, 1;
L_0x55f09739e010 .part v0x55f09739d430_0, 0, 1;
L_0x55f09739e150 .part v0x55f09739d2a0_0, 3, 1;
L_0x55f09739e220 .part v0x55f09739d2a0_0, 4, 1;
L_0x55f09739e370 .part v0x55f09739d430_0, 0, 1;
L_0x55f09739e440 .part v0x55f09739d2a0_0, 4, 1;
L_0x55f09739e5a0 .part v0x55f09739d2a0_0, 5, 1;
L_0x55f09739e670 .part v0x55f09739d430_0, 0, 1;
L_0x55f09739e8f0 .part v0x55f09739d2a0_0, 5, 1;
L_0x55f09739e9c0 .part v0x55f09739d2a0_0, 6, 1;
L_0x55f09739e850 .part v0x55f09739d430_0, 0, 1;
L_0x55f09739eb70 .part v0x55f09739d2a0_0, 6, 1;
L_0x55f09739ed00 .part v0x55f09739d2a0_0, 7, 1;
L_0x55f09739efe0 .part v0x55f09739d430_0, 0, 1;
L_0x55f09739f180 .part v0x55f09739d2a0_0, 7, 1;
L_0x55f09739f250 .part v0x55f09739d2a0_0, 8, 1;
L_0x55f09739f400 .part v0x55f09739d430_0, 0, 1;
L_0x55f09739f4d0 .part v0x55f09739d2a0_0, 8, 1;
L_0x55f09739f690 .part v0x55f09739d2a0_0, 9, 1;
L_0x55f09739f760 .part v0x55f09739d430_0, 0, 1;
L_0x55f09739f930 .part v0x55f09739d2a0_0, 9, 1;
L_0x55f09739fa00 .part v0x55f09739d2a0_0, 10, 1;
L_0x55f09739fbe0 .part v0x55f09739d430_0, 0, 1;
L_0x55f09739fcb0 .part v0x55f09739d2a0_0, 10, 1;
L_0x55f09739fea0 .part v0x55f09739d2a0_0, 11, 1;
L_0x55f09739ff70 .part v0x55f09739d430_0, 0, 1;
L_0x55f09739fd80 .part v0x55f09739d2a0_0, 11, 1;
L_0x55f0973a0170 .part v0x55f09739d2a0_0, 12, 1;
L_0x55f0973a0350 .part v0x55f09739d430_0, 0, 1;
L_0x55f0973a0420 .part v0x55f09739d2a0_0, 12, 1;
L_0x55f0973a0640 .part v0x55f09739d2a0_0, 13, 1;
L_0x55f0973a0710 .part v0x55f09739d430_0, 0, 1;
L_0x55f0973a0b50 .part v0x55f09739d2a0_0, 13, 1;
L_0x55f0973a0c20 .part v0x55f09739d2a0_0, 14, 1;
L_0x55f0973a0e60 .part v0x55f09739d430_0, 0, 1;
L_0x55f0973a0f30 .part v0x55f09739d2a0_0, 14, 1;
L_0x55f0973a1180 .part v0x55f09739d2a0_0, 15, 1;
LS_0x55f0973a1660_0_0 .concat8 [ 1 1 1 1], v0x55f09736c5e0_0, v0x55f097319200_0, v0x55f097387550_0, v0x55f09738bf40_0;
LS_0x55f0973a1660_0_4 .concat8 [ 1 1 1 1], v0x55f097390a30_0, v0x55f097395310_0, v0x55f097399bf0_0, v0x55f09739bd10_0;
LS_0x55f0973a1660_0_8 .concat8 [ 1 1 1 1], v0x55f09739c3b0_0, v0x55f09739ca50_0, v0x55f097383630_0, v0x55f097383c20_0;
LS_0x55f0973a1660_0_12 .concat8 [ 1 1 1 1], v0x55f097384260_0, v0x55f097384820_0, v0x55f097384e50_0, v0x55f097385480_0;
L_0x55f0973a1660 .concat8 [ 4 4 4 4], LS_0x55f0973a1660_0_0, LS_0x55f0973a1660_0_4, LS_0x55f0973a1660_0_8, LS_0x55f0973a1660_0_12;
L_0x55f0973a1920 .part v0x55f09739d430_0, 1, 1;
L_0x55f0973a1a20 .part L_0x55f0973a1660, 0, 1;
L_0x55f0973a1c90 .part v0x55f09739d430_0, 1, 1;
L_0x55f0973a1dc0 .part L_0x55f0973a1660, 1, 1;
L_0x55f0973a2040 .part v0x55f09739d430_0, 1, 1;
L_0x55f0973a2110 .part L_0x55f0973a1660, 0, 1;
L_0x55f0973a23a0 .part L_0x55f0973a1660, 2, 1;
L_0x55f0973a2470 .part v0x55f09739d430_0, 1, 1;
L_0x55f0973a2710 .part L_0x55f0973a1660, 1, 1;
L_0x55f0973a27e0 .part L_0x55f0973a1660, 3, 1;
L_0x55f0973a2a90 .part v0x55f09739d430_0, 1, 1;
L_0x55f0973a2b60 .part L_0x55f0973a1660, 2, 1;
L_0x55f0973a2e20 .part L_0x55f0973a1660, 4, 1;
L_0x55f0973a2ef0 .part v0x55f09739d430_0, 1, 1;
L_0x55f0973a31c0 .part L_0x55f0973a1660, 3, 1;
L_0x55f0973a3290 .part L_0x55f0973a1660, 5, 1;
L_0x55f0973a3570 .part v0x55f09739d430_0, 1, 1;
L_0x55f0973a3640 .part L_0x55f0973a1660, 4, 1;
L_0x55f0973a3930 .part L_0x55f0973a1660, 6, 1;
L_0x55f0973a3a00 .part v0x55f09739d430_0, 1, 1;
L_0x55f0973a3d00 .part L_0x55f0973a1660, 5, 1;
L_0x55f0973a3dd0 .part L_0x55f0973a1660, 7, 1;
L_0x55f0973a40e0 .part v0x55f09739d430_0, 1, 1;
L_0x55f0973a41b0 .part L_0x55f0973a1660, 6, 1;
L_0x55f0973a44d0 .part L_0x55f0973a1660, 8, 1;
L_0x55f0973a45a0 .part v0x55f09739d430_0, 1, 1;
L_0x55f0973a48d0 .part L_0x55f0973a1660, 7, 1;
L_0x55f0973a49a0 .part L_0x55f0973a1660, 9, 1;
L_0x55f0973a4ce0 .part v0x55f09739d430_0, 1, 1;
L_0x55f0973a4db0 .part L_0x55f0973a1660, 8, 1;
L_0x55f0973a5100 .part L_0x55f0973a1660, 10, 1;
L_0x55f0973a51d0 .part v0x55f09739d430_0, 1, 1;
L_0x55f0973a5530 .part L_0x55f0973a1660, 9, 1;
L_0x55f0973a5600 .part L_0x55f0973a1660, 11, 1;
L_0x55f0973a5970 .part v0x55f09739d430_0, 1, 1;
L_0x55f0973a5a40 .part L_0x55f0973a1660, 10, 1;
L_0x55f0973a5dc0 .part L_0x55f0973a1660, 12, 1;
L_0x55f0973a5e90 .part v0x55f09739d430_0, 1, 1;
L_0x55f0973a6220 .part L_0x55f0973a1660, 11, 1;
L_0x55f0973a62f0 .part L_0x55f0973a1660, 13, 1;
L_0x55f0973a6690 .part v0x55f09739d430_0, 1, 1;
L_0x55f0973a6b70 .part L_0x55f0973a1660, 12, 1;
L_0x55f0973a6ef0 .part L_0x55f0973a1660, 14, 1;
L_0x55f0973a6f90 .part v0x55f09739d430_0, 1, 1;
L_0x55f0973a7320 .part L_0x55f0973a1660, 13, 1;
L_0x55f0973a73c0 .part L_0x55f0973a1660, 15, 1;
LS_0x55f0973a7760_0_0 .concat8 [ 1 1 1 1], v0x55f097385b20_0, v0x55f097386170_0, v0x55f097386810_0, v0x55f097386eb0_0;
LS_0x55f0973a7760_0_4 .concat8 [ 1 1 1 1], v0x55f097387bf0_0, v0x55f097388290_0, v0x55f097388930_0, v0x55f0973890e0_0;
LS_0x55f0973a7760_0_8 .concat8 [ 1 1 1 1], v0x55f097389780_0, v0x55f097389e20_0, v0x55f09738a4c0_0, v0x55f09738ab60_0;
LS_0x55f0973a7760_0_12 .concat8 [ 1 1 1 1], v0x55f09738b200_0, v0x55f09738b8a0_0, v0x55f09738c5e0_0, v0x55f09738cc80_0;
L_0x55f0973a7760 .concat8 [ 4 4 4 4], LS_0x55f0973a7760_0_0, LS_0x55f0973a7760_0_4, LS_0x55f0973a7760_0_8, LS_0x55f0973a7760_0_12;
L_0x55f0973a7980 .part v0x55f09739d430_0, 2, 1;
L_0x55f0973a7d90 .part L_0x55f0973a7760, 0, 1;
L_0x55f0973a7e60 .part v0x55f09739d430_0, 2, 1;
L_0x55f0973a8280 .part L_0x55f0973a7760, 1, 1;
L_0x55f0973a8320 .part v0x55f09739d430_0, 2, 1;
L_0x55f0973a8750 .part L_0x55f0973a7760, 2, 1;
L_0x55f0973a8820 .part v0x55f09739d430_0, 2, 1;
L_0x55f0973a8c60 .part L_0x55f0973a7760, 3, 1;
L_0x55f0973a8d30 .part v0x55f09739d430_0, 2, 1;
L_0x55f0973a9150 .part L_0x55f0973a7760, 0, 1;
L_0x55f0973a9220 .part L_0x55f0973a7760, 4, 1;
L_0x55f0973a9650 .part v0x55f09739d430_0, 2, 1;
L_0x55f0973a9720 .part L_0x55f0973a7760, 1, 1;
L_0x55f0973a9b60 .part L_0x55f0973a7760, 5, 1;
L_0x55f0973a9c30 .part v0x55f09739d430_0, 2, 1;
L_0x55f0973aa080 .part L_0x55f0973a7760, 2, 1;
L_0x55f0973aa150 .part L_0x55f0973a7760, 6, 1;
L_0x55f0973aa5b0 .part v0x55f09739d430_0, 2, 1;
L_0x55f0973aa680 .part L_0x55f0973a7760, 3, 1;
L_0x55f0973aaaf0 .part L_0x55f0973a7760, 7, 1;
L_0x55f0973aabc0 .part v0x55f09739d430_0, 2, 1;
L_0x55f0973ab040 .part L_0x55f0973a7760, 4, 1;
L_0x55f0973ab110 .part L_0x55f0973a7760, 8, 1;
L_0x55f0973ab5a0 .part v0x55f09739d430_0, 2, 1;
L_0x55f0973ab670 .part L_0x55f0973a7760, 5, 1;
L_0x55f0973abb10 .part L_0x55f0973a7760, 9, 1;
L_0x55f0973abbe0 .part v0x55f09739d430_0, 2, 1;
L_0x55f0973ac090 .part L_0x55f0973a7760, 6, 1;
L_0x55f0973ac160 .part L_0x55f0973a7760, 10, 1;
L_0x55f0973ac620 .part v0x55f09739d430_0, 2, 1;
L_0x55f0973ac6f0 .part L_0x55f0973a7760, 7, 1;
L_0x55f0973acbc0 .part L_0x55f0973a7760, 11, 1;
L_0x55f0973acc60 .part v0x55f09739d430_0, 2, 1;
L_0x55f0973ad110 .part L_0x55f0973a7760, 8, 1;
L_0x55f0973ad1b0 .part L_0x55f0973a7760, 12, 1;
L_0x55f0973ad670 .part v0x55f09739d430_0, 2, 1;
L_0x55f0973ad710 .part L_0x55f0973a7760, 9, 1;
L_0x55f0973ad250 .part L_0x55f0973a7760, 13, 1;
L_0x55f0973ad320 .part v0x55f09739d430_0, 2, 1;
L_0x55f0973ad3f0 .part L_0x55f0973a7760, 10, 1;
L_0x55f0973ad4c0 .part L_0x55f0973a7760, 14, 1;
L_0x55f0973ad590 .part v0x55f09739d430_0, 2, 1;
L_0x55f0973adc00 .part L_0x55f0973a7760, 11, 1;
L_0x55f0973ad7b0 .part L_0x55f0973a7760, 15, 1;
LS_0x55f0973ad880_0_0 .concat8 [ 1 1 1 1], v0x55f09738d320_0, v0x55f09738d9c0_0, v0x55f09738e060_0, v0x55f09738e700_0;
LS_0x55f0973ad880_0_4 .concat8 [ 1 1 1 1], v0x55f09738eda0_0, v0x55f09738f440_0, v0x55f09738fcf0_0, v0x55f097390390_0;
LS_0x55f0973ad880_0_8 .concat8 [ 1 1 1 1], v0x55f0973910d0_0, v0x55f097391770_0, v0x55f097391e10_0, v0x55f0973924b0_0;
LS_0x55f0973ad880_0_12 .concat8 [ 1 1 1 1], v0x55f097392b50_0, v0x55f0973931f0_0, v0x55f097393890_0, v0x55f097393f30_0;
L_0x55f0973ad880 .concat8 [ 4 4 4 4], LS_0x55f0973ad880_0_0, LS_0x55f0973ad880_0_4, LS_0x55f0973ad880_0_8, LS_0x55f0973ad880_0_12;
L_0x55f0973ae110 .part v0x55f09739d430_0, 3, 1;
L_0x55f0973ae1b0 .part L_0x55f0973ad880, 0, 1;
L_0x55f0973adca0 .part v0x55f09739d430_0, 3, 1;
L_0x55f0973ade00 .part L_0x55f0973ad880, 1, 1;
L_0x55f0973aded0 .part v0x55f09739d430_0, 3, 1;
L_0x55f0973adfd0 .part L_0x55f0973ad880, 2, 1;
L_0x55f0973ae250 .part v0x55f09739d430_0, 3, 1;
L_0x55f0973ae350 .part L_0x55f0973ad880, 3, 1;
L_0x55f0973ae420 .part v0x55f09739d430_0, 3, 1;
L_0x55f0973ae520 .part L_0x55f0973ad880, 4, 1;
L_0x55f0973ae5f0 .part v0x55f09739d430_0, 3, 1;
L_0x55f0973aec30 .part L_0x55f0973ad880, 5, 1;
L_0x55f0973ae770 .part v0x55f09739d430_0, 3, 1;
L_0x55f0973ae870 .part L_0x55f0973ad880, 6, 1;
L_0x55f0973ae940 .part v0x55f09739d430_0, 3, 1;
L_0x55f0973aea40 .part L_0x55f0973ad880, 7, 1;
L_0x55f0973aeb10 .part v0x55f09739d430_0, 3, 1;
L_0x55f0973af1c0 .part L_0x55f0973ad880, 0, 1;
L_0x55f0973aecd0 .part L_0x55f0973ad880, 8, 1;
L_0x55f0973aeda0 .part v0x55f09739d430_0, 3, 1;
L_0x55f0973aee70 .part L_0x55f0973ad880, 1, 1;
L_0x55f0973aef40 .part L_0x55f0973ad880, 9, 1;
L_0x55f0973af010 .part v0x55f09739d430_0, 3, 1;
L_0x55f0973af0e0 .part L_0x55f0973ad880, 2, 1;
L_0x55f0973af790 .part L_0x55f0973ad880, 10, 1;
L_0x55f0973af830 .part v0x55f09739d430_0, 3, 1;
L_0x55f0973af260 .part L_0x55f0973ad880, 3, 1;
L_0x55f0973af330 .part L_0x55f0973ad880, 11, 1;
L_0x55f0973af400 .part v0x55f09739d430_0, 3, 1;
L_0x55f0973af4d0 .part L_0x55f0973ad880, 4, 1;
L_0x55f0973af5a0 .part L_0x55f0973ad880, 12, 1;
L_0x55f0973af670 .part v0x55f09739d430_0, 3, 1;
L_0x55f0973afe40 .part L_0x55f0973ad880, 5, 1;
L_0x55f0973afee0 .part L_0x55f0973ad880, 13, 1;
L_0x55f0973af8d0 .part v0x55f09739d430_0, 3, 1;
L_0x55f0973af9a0 .part L_0x55f0973ad880, 6, 1;
L_0x55f0973afa70 .part L_0x55f0973ad880, 14, 1;
L_0x55f0973afb40 .part v0x55f09739d430_0, 3, 1;
L_0x55f0973afc10 .part L_0x55f0973ad880, 7, 1;
L_0x55f0973afce0 .part L_0x55f0973ad880, 15, 1;
LS_0x55f0973aff80_0_0 .concat8 [ 1 1 1 1], v0x55f0973945d0_0, v0x55f097394c70_0, v0x55f0973959b0_0, v0x55f097396050_0;
LS_0x55f0973aff80_0_4 .concat8 [ 1 1 1 1], v0x55f0973966f0_0, v0x55f097396d90_0, v0x55f097397430_0, v0x55f097397ad0_0;
LS_0x55f0973aff80_0_8 .concat8 [ 1 1 1 1], v0x55f097398170_0, v0x55f097398810_0, v0x55f097398eb0_0, v0x55f097399550_0;
LS_0x55f0973aff80_0_12 .concat8 [ 1 1 1 1], v0x55f09739a290_0, v0x55f09739a930_0, v0x55f09739afd0_0, v0x55f09739b670_0;
L_0x55f0973aff80 .concat8 [ 4 4 4 4], LS_0x55f0973aff80_0_0, LS_0x55f0973aff80_0_4, LS_0x55f0973aff80_0_8, LS_0x55f0973aff80_0_12;
S_0x55f09732b1a0 .scope module, "mod0" "mux21" 3 9, 4 1 0, S_0x55f09732c450;
 .timescale 0 0;
    .port_info 0 /INPUT 1 "select"
    .port_info 1 /INPUT 1 "in"
    .port_info 2 /INPUT 1 "in1"
    .port_info 3 /OUTPUT 1 "out"
L_0x7f82364cf018 .functor BUFT 1, C4<0>, C4<0>, C4<0>, C4<0>;
v0x55f09736f940_0 .net "in", 0 0, L_0x7f82364cf018;  1 drivers
v0x55f09736df90_0 .net "in1", 0 0, L_0x55f09739d650;  1 drivers
v0x55f09736c5e0_0 .var "out", 0 0;
v0x55f09736ac30_0 .net "select", 0 0, L_0x55f09739d530;  1 drivers
E_0x55f0972d0630 .event edge, v0x55f09736df90_0, v0x55f09736f940_0, v0x55f09736ac30_0;
S_0x55f097382ec0 .scope module, "mod1" "mux21" 3 10, 4 1 0, S_0x55f09732c450;
 .timescale 0 0;
    .port_info 0 /INPUT 1 "select"
    .port_info 1 /INPUT 1 "in"
    .port_info 2 /INPUT 1 "in1"
    .port_info 3 /OUTPUT 1 "out"
v0x55f097369280_0 .net "in", 0 0, L_0x55f09739d810;  1 drivers
v0x55f0973678d0_0 .net "in1", 0 0, L_0x55f09739d910;  1 drivers
v0x55f097319200_0 .var "out", 0 0;
v0x55f097383130_0 .net "select", 0 0, L_0x55f09739d770;  1 drivers
E_0x55f0972d0760 .event edge, v0x55f0973678d0_0, v0x55f097369280_0, v0x55f097383130_0;
S_0x55f097383270 .scope module, "mod10" "mux21" 3 19, 4 1 0, S_0x55f09732c450;
 .timescale 0 0;
    .port_info 0 /INPUT 1 "select"
    .port_info 1 /INPUT 1 "in"
    .port_info 2 /INPUT 1 "in1"
    .port_info 3 /OUTPUT 1 "out"
v0x55f097383490_0 .net "in", 0 0, L_0x55f09739f930;  1 drivers
v0x55f097383570_0 .net "in1", 0 0, L_0x55f09739fa00;  1 drivers
v0x55f097383630_0 .var "out", 0 0;
v0x55f097383700_0 .net "select", 0 0, L_0x55f09739f760;  1 drivers
E_0x55f0972d02c0 .event edge, v0x55f097383570_0, v0x55f097383490_0, v0x55f097383700_0;
S_0x55f097383870 .scope module, "mod11" "mux21" 3 20, 4 1 0, S_0x55f09732c450;
 .timescale 0 0;
    .port_info 0 /INPUT 1 "select"
    .port_info 1 /INPUT 1 "in"
    .port_info 2 /INPUT 1 "in1"
    .port_info 3 /OUTPUT 1 "out"
v0x55f097383a80_0 .net "in", 0 0, L_0x55f09739fcb0;  1 drivers
v0x55f097383b60_0 .net "in1", 0 0, L_0x55f09739fea0;  1 drivers
v0x55f097383c20_0 .var "out", 0 0;
v0x55f097383cf0_0 .net "select", 0 0, L_0x55f09739fbe0;  1 drivers
E_0x55f0972cfe40 .event edge, v0x55f097383b60_0, v0x55f097383a80_0, v0x55f097383cf0_0;
S_0x55f097383e60 .scope module, "mod12" "mux21" 3 21, 4 1 0, S_0x55f09732c450;
 .timescale 0 0;
    .port_info 0 /INPUT 1 "select"
    .port_info 1 /INPUT 1 "in"
    .port_info 2 /INPUT 1 "in1"
    .port_info 3 /OUTPUT 1 "out"
v0x55f0973840c0_0 .net "in", 0 0, L_0x55f09739fd80;  1 drivers
v0x55f0973841a0_0 .net "in1", 0 0, L_0x55f0973a0170;  1 drivers
v0x55f097384260_0 .var "out", 0 0;
v0x55f097384300_0 .net "select", 0 0, L_0x55f09739ff70;  1 drivers
E_0x55f097372dd0 .event edge, v0x55f0973841a0_0, v0x55f0973840c0_0, v0x55f097384300_0;
S_0x55f097384470 .scope module, "mod13" "mux21" 3 22, 4 1 0, S_0x55f09732c450;
 .timescale 0 0;
    .port_info 0 /INPUT 1 "select"
    .port_info 1 /INPUT 1 "in"
    .port_info 2 /INPUT 1 "in1"
    .port_info 3 /OUTPUT 1 "out"
v0x55f097384680_0 .net "in", 0 0, L_0x55f0973a0420;  1 drivers
v0x55f097384760_0 .net "in1", 0 0, L_0x55f0973a0640;  1 drivers
v0x55f097384820_0 .var "out", 0 0;
v0x55f0973848f0_0 .net "select", 0 0, L_0x55f0973a0350;  1 drivers
E_0x55f0973762d0 .event edge, v0x55f097384760_0, v0x55f097384680_0, v0x55f0973848f0_0;
S_0x55f097384a60 .scope module, "mod14" "mux21" 3 23, 4 1 0, S_0x55f09732c450;
 .timescale 0 0;
    .port_info 0 /INPUT 1 "select"
    .port_info 1 /INPUT 1 "in"
    .port_info 2 /INPUT 1 "in1"
    .port_info 3 /OUTPUT 1 "out"
v0x55f097384cb0_0 .net "in", 0 0, L_0x55f0973a0b50;  1 drivers
v0x55f097384d90_0 .net "in1", 0 0, L_0x55f0973a0c20;  1 drivers
v0x55f097384e50_0 .var "out", 0 0;
v0x55f097384f20_0 .net "select", 0 0, L_0x55f0973a0710;  1 drivers
E_0x55f097384c30 .event edge, v0x55f097384d90_0, v0x55f097384cb0_0, v0x55f097384f20_0;
S_0x55f097385090 .scope module, "mod15" "mux21" 3 24, 4 1 0, S_0x55f09732c450;
 .timescale 0 0;
    .port_info 0 /INPUT 1 "select"
    .port_info 1 /INPUT 1 "in"
    .port_info 2 /INPUT 1 "in1"
    .port_info 3 /OUTPUT 1 "out"
v0x55f0973852e0_0 .net "in", 0 0, L_0x55f0973a0f30;  1 drivers
v0x55f0973853c0_0 .net "in1", 0 0, L_0x55f0973a1180;  1 drivers
v0x55f097385480_0 .var "out", 0 0;
v0x55f097385550_0 .net "select", 0 0, L_0x55f0973a0e60;  1 drivers
E_0x55f097385260 .event edge, v0x55f0973853c0_0, v0x55f0973852e0_0, v0x55f097385550_0;
S_0x55f0973856c0 .scope module, "mod16" "mux21" 3 28, 4 1 0, S_0x55f09732c450;
 .timescale 0 0;
    .port_info 0 /INPUT 1 "select"
    .port_info 1 /INPUT 1 "in"
    .port_info 2 /INPUT 1 "in1"
    .port_info 3 /OUTPUT 1 "out"
L_0x7f82364cf060 .functor BUFT 1, C4<0>, C4<0>, C4<0>, C4<0>;
v0x55f097385980_0 .net "in", 0 0, L_0x7f82364cf060;  1 drivers
v0x55f097385a60_0 .net "in1", 0 0, L_0x55f0973a1a20;  1 drivers
v0x55f097385b20_0 .var "out", 0 0;
v0x55f097385bf0_0 .net "select", 0 0, L_0x55f0973a1920;  1 drivers
E_0x55f097385900 .event edge, v0x55f097385a60_0, v0x55f097385980_0, v0x55f097385bf0_0;
S_0x55f097385d60 .scope module, "mod17" "mux21" 3 29, 4 1 0, S_0x55f09732c450;
 .timescale 0 0;
    .port_info 0 /INPUT 1 "select"
    .port_info 1 /INPUT 1 "in"
    .port_info 2 /INPUT 1 "in1"
    .port_info 3 /OUTPUT 1 "out"
L_0x7f82364cf0a8 .functor BUFT 1, C4<0>, C4<0>, C4<0>, C4<0>;
v0x55f097385fd0_0 .net "in", 0 0, L_0x7f82364cf0a8;  1 drivers
v0x55f0973860b0_0 .net "in1", 0 0, L_0x55f0973a1dc0;  1 drivers
v0x55f097386170_0 .var "out", 0 0;
v0x55f097386240_0 .net "select", 0 0, L_0x55f0973a1c90;  1 drivers
E_0x55f097385f50 .event edge, v0x55f0973860b0_0, v0x55f097385fd0_0, v0x55f097386240_0;
S_0x55f0973863b0 .scope module, "mod18" "mux21" 3 30, 4 1 0, S_0x55f09732c450;
 .timescale 0 0;
    .port_info 0 /INPUT 1 "select"
    .port_info 1 /INPUT 1 "in"
    .port_info 2 /INPUT 1 "in1"
    .port_info 3 /OUTPUT 1 "out"
v0x55f097386670_0 .net "in", 0 0, L_0x55f0973a2110;  1 drivers
v0x55f097386750_0 .net "in1", 0 0, L_0x55f0973a23a0;  1 drivers
v0x55f097386810_0 .var "out", 0 0;
v0x55f0973868e0_0 .net "select", 0 0, L_0x55f0973a2040;  1 drivers
E_0x55f0973865f0 .event edge, v0x55f097386750_0, v0x55f097386670_0, v0x55f0973868e0_0;
S_0x55f097386a50 .scope module, "mod19" "mux21" 3 31, 4 1 0, S_0x55f09732c450;
 .timescale 0 0;
    .port_info 0 /INPUT 1 "select"
    .port_info 1 /INPUT 1 "in"
    .port_info 2 /INPUT 1 "in1"
    .port_info 3 /OUTPUT 1 "out"
v0x55f097386d10_0 .net "in", 0 0, L_0x55f0973a2710;  1 drivers
v0x55f097386df0_0 .net "in1", 0 0, L_0x55f0973a27e0;  1 drivers
v0x55f097386eb0_0 .var "out", 0 0;
v0x55f097386f80_0 .net "select", 0 0, L_0x55f0973a2470;  1 drivers
E_0x55f097386c90 .event edge, v0x55f097386df0_0, v0x55f097386d10_0, v0x55f097386f80_0;
S_0x55f0973870f0 .scope module, "mod2" "mux21" 3 11, 4 1 0, S_0x55f09732c450;
 .timescale 0 0;
    .port_info 0 /INPUT 1 "select"
    .port_info 1 /INPUT 1 "in"
    .port_info 2 /INPUT 1 "in1"
    .port_info 3 /OUTPUT 1 "out"
v0x55f0973873b0_0 .net "in", 0 0, L_0x55f09739db80;  1 drivers
v0x55f097387490_0 .net "in1", 0 0, L_0x55f09739dc20;  1 drivers
v0x55f097387550_0 .var "out", 0 0;
v0x55f097387620_0 .net "select", 0 0, L_0x55f09739d9e0;  1 drivers
E_0x55f097387330 .event edge, v0x55f097387490_0, v0x55f0973873b0_0, v0x55f097387620_0;
S_0x55f097387790 .scope module, "mod20" "mux21" 3 32, 4 1 0, S_0x55f09732c450;
 .timescale 0 0;
    .port_info 0 /INPUT 1 "select"
    .port_info 1 /INPUT 1 "in"
    .port_info 2 /INPUT 1 "in1"
    .port_info 3 /OUTPUT 1 "out"
v0x55f097387a50_0 .net "in", 0 0, L_0x55f0973a2b60;  1 drivers
v0x55f097387b30_0 .net "in1", 0 0, L_0x55f0973a2e20;  1 drivers
v0x55f097387bf0_0 .var "out", 0 0;
v0x55f097387cc0_0 .net "select", 0 0, L_0x55f0973a2a90;  1 drivers
E_0x55f0973879d0 .event edge, v0x55f097387b30_0, v0x55f097387a50_0, v0x55f097387cc0_0;
S_0x55f097387e30 .scope module, "mod21" "mux21" 3 33, 4 1 0, S_0x55f09732c450;
 .timescale 0 0;
    .port_info 0 /INPUT 1 "select"
    .port_info 1 /INPUT 1 "in"
    .port_info 2 /INPUT 1 "in1"
    .port_info 3 /OUTPUT 1 "out"
v0x55f0973880f0_0 .net "in", 0 0, L_0x55f0973a31c0;  1 drivers
v0x55f0973881d0_0 .net "in1", 0 0, L_0x55f0973a3290;  1 drivers
v0x55f097388290_0 .var "out", 0 0;
v0x55f097388360_0 .net "select", 0 0, L_0x55f0973a2ef0;  1 drivers
E_0x55f097388070 .event edge, v0x55f0973881d0_0, v0x55f0973880f0_0, v0x55f097388360_0;
S_0x55f0973884d0 .scope module, "mod22" "mux21" 3 34, 4 1 0, S_0x55f09732c450;
 .timescale 0 0;
    .port_info 0 /INPUT 1 "select"
    .port_info 1 /INPUT 1 "in"
    .port_info 2 /INPUT 1 "in1"
    .port_info 3 /OUTPUT 1 "out"
v0x55f097388790_0 .net "in", 0 0, L_0x55f0973a3640;  1 drivers
v0x55f097388870_0 .net "in1", 0 0, L_0x55f0973a3930;  1 drivers
v0x55f097388930_0 .var "out", 0 0;
v0x55f097388a00_0 .net "select", 0 0, L_0x55f0973a3570;  1 drivers
E_0x55f097388710 .event edge, v0x55f097388870_0, v0x55f097388790_0, v0x55f097388a00_0;
S_0x55f097388b70 .scope module, "mod23" "mux21" 3 35, 4 1 0, S_0x55f09732c450;
 .timescale 0 0;
    .port_info 0 /INPUT 1 "select"
    .port_info 1 /INPUT 1 "in"
    .port_info 2 /INPUT 1 "in1"
    .port_info 3 /OUTPUT 1 "out"
v0x55f097388f40_0 .net "in", 0 0, L_0x55f0973a3d00;  1 drivers
v0x55f097389020_0 .net "in1", 0 0, L_0x55f0973a3dd0;  1 drivers
v0x55f0973890e0_0 .var "out", 0 0;
v0x55f0973891b0_0 .net "select", 0 0, L_0x55f0973a3a00;  1 drivers
E_0x55f097388ec0 .event edge, v0x55f097389020_0, v0x55f097388f40_0, v0x55f0973891b0_0;
S_0x55f097389320 .scope module, "mod24" "mux21" 3 36, 4 1 0, S_0x55f09732c450;
 .timescale 0 0;
    .port_info 0 /INPUT 1 "select"
    .port_info 1 /INPUT 1 "in"
    .port_info 2 /INPUT 1 "in1"
    .port_info 3 /OUTPUT 1 "out"
v0x55f0973895e0_0 .net "in", 0 0, L_0x55f0973a41b0;  1 drivers
v0x55f0973896c0_0 .net "in1", 0 0, L_0x55f0973a44d0;  1 drivers
v0x55f097389780_0 .var "out", 0 0;
v0x55f097389850_0 .net "select", 0 0, L_0x55f0973a40e0;  1 drivers
E_0x55f097389560 .event edge, v0x55f0973896c0_0, v0x55f0973895e0_0, v0x55f097389850_0;
S_0x55f0973899c0 .scope module, "mod25" "mux21" 3 37, 4 1 0, S_0x55f09732c450;
 .timescale 0 0;
    .port_info 0 /INPUT 1 "select"
    .port_info 1 /INPUT 1 "in"
    .port_info 2 /INPUT 1 "in1"
    .port_info 3 /OUTPUT 1 "out"
v0x55f097389c80_0 .net "in", 0 0, L_0x55f0973a48d0;  1 drivers
v0x55f097389d60_0 .net "in1", 0 0, L_0x55f0973a49a0;  1 drivers
v0x55f097389e20_0 .var "out", 0 0;
v0x55f097389ef0_0 .net "select", 0 0, L_0x55f0973a45a0;  1 drivers
E_0x55f097389c00 .event edge, v0x55f097389d60_0, v0x55f097389c80_0, v0x55f097389ef0_0;
S_0x55f09738a060 .scope module, "mod26" "mux21" 3 38, 4 1 0, S_0x55f09732c450;
 .timescale 0 0;
    .port_info 0 /INPUT 1 "select"
    .port_info 1 /INPUT 1 "in"
    .port_info 2 /INPUT 1 "in1"
    .port_info 3 /OUTPUT 1 "out"
v0x55f09738a320_0 .net "in", 0 0, L_0x55f0973a4db0;  1 drivers
v0x55f09738a400_0 .net "in1", 0 0, L_0x55f0973a5100;  1 drivers
v0x55f09738a4c0_0 .var "out", 0 0;
v0x55f09738a590_0 .net "select", 0 0, L_0x55f0973a4ce0;  1 drivers
E_0x55f09738a2a0 .event edge, v0x55f09738a400_0, v0x55f09738a320_0, v0x55f09738a590_0;
S_0x55f09738a700 .scope module, "mod27" "mux21" 3 39, 4 1 0, S_0x55f09732c450;
 .timescale 0 0;
    .port_info 0 /INPUT 1 "select"
    .port_info 1 /INPUT 1 "in"
    .port_info 2 /INPUT 1 "in1"
    .port_info 3 /OUTPUT 1 "out"
v0x55f09738a9c0_0 .net "in", 0 0, L_0x55f0973a5530;  1 drivers
v0x55f09738aaa0_0 .net "in1", 0 0, L_0x55f0973a5600;  1 drivers
v0x55f09738ab60_0 .var "out", 0 0;
v0x55f09738ac30_0 .net "select", 0 0, L_0x55f0973a51d0;  1 drivers
E_0x55f09738a940 .event edge, v0x55f09738aaa0_0, v0x55f09738a9c0_0, v0x55f09738ac30_0;
S_0x55f09738ada0 .scope module, "mod28" "mux21" 3 40, 4 1 0, S_0x55f09732c450;
 .timescale 0 0;
    .port_info 0 /INPUT 1 "select"
    .port_info 1 /INPUT 1 "in"
    .port_info 2 /INPUT 1 "in1"
    .port_info 3 /OUTPUT 1 "out"
v0x55f09738b060_0 .net "in", 0 0, L_0x55f0973a5a40;  1 drivers
v0x55f09738b140_0 .net "in1", 0 0, L_0x55f0973a5dc0;  1 drivers
v0x55f09738b200_0 .var "out", 0 0;
v0x55f09738b2d0_0 .net "select", 0 0, L_0x55f0973a5970;  1 drivers
E_0x55f09738afe0 .event edge, v0x55f09738b140_0, v0x55f09738b060_0, v0x55f09738b2d0_0;
S_0x55f09738b440 .scope module, "mod29" "mux21" 3 41, 4 1 0, S_0x55f09732c450;
 .timescale 0 0;
    .port_info 0 /INPUT 1 "select"
    .port_info 1 /INPUT 1 "in"
    .port_info 2 /INPUT 1 "in1"
    .port_info 3 /OUTPUT 1 "out"
v0x55f09738b700_0 .net "in", 0 0, L_0x55f0973a6220;  1 drivers
v0x55f09738b7e0_0 .net "in1", 0 0, L_0x55f0973a62f0;  1 drivers
v0x55f09738b8a0_0 .var "out", 0 0;
v0x55f09738b970_0 .net "select", 0 0, L_0x55f0973a5e90;  1 drivers
E_0x55f09738b680 .event edge, v0x55f09738b7e0_0, v0x55f09738b700_0, v0x55f09738b970_0;
S_0x55f09738bae0 .scope module, "mod3" "mux21" 3 12, 4 1 0, S_0x55f09732c450;
 .timescale 0 0;
    .port_info 0 /INPUT 1 "select"
    .port_info 1 /INPUT 1 "in"
    .port_info 2 /INPUT 1 "in1"
    .port_info 3 /OUTPUT 1 "out"
v0x55f09738bda0_0 .net "in", 0 0, L_0x55f09739de10;  1 drivers
v0x55f09738be80_0 .net "in1", 0 0, L_0x55f09739df40;  1 drivers
v0x55f09738bf40_0 .var "out", 0 0;
v0x55f09738c010_0 .net "select", 0 0, L_0x55f09739dd40;  1 drivers
E_0x55f09738bd20 .event edge, v0x55f09738be80_0, v0x55f09738bda0_0, v0x55f09738c010_0;
S_0x55f09738c180 .scope module, "mod30" "mux21" 3 42, 4 1 0, S_0x55f09732c450;
 .timescale 0 0;
    .port_info 0 /INPUT 1 "select"
    .port_info 1 /INPUT 1 "in"
    .port_info 2 /INPUT 1 "in1"
    .port_info 3 /OUTPUT 1 "out"
v0x55f09738c440_0 .net "in", 0 0, L_0x55f0973a6b70;  1 drivers
v0x55f09738c520_0 .net "in1", 0 0, L_0x55f0973a6ef0;  1 drivers
v0x55f09738c5e0_0 .var "out", 0 0;
v0x55f09738c6b0_0 .net "select", 0 0, L_0x55f0973a6690;  1 drivers
E_0x55f09738c3c0 .event edge, v0x55f09738c520_0, v0x55f09738c440_0, v0x55f09738c6b0_0;
S_0x55f09738c820 .scope module, "mod31" "mux21" 3 43, 4 1 0, S_0x55f09732c450;
 .timescale 0 0;
    .port_info 0 /INPUT 1 "select"
    .port_info 1 /INPUT 1 "in"
    .port_info 2 /INPUT 1 "in1"
    .port_info 3 /OUTPUT 1 "out"
v0x55f09738cae0_0 .net "in", 0 0, L_0x55f0973a7320;  1 drivers
v0x55f09738cbc0_0 .net "in1", 0 0, L_0x55f0973a73c0;  1 drivers
v0x55f09738cc80_0 .var "out", 0 0;
v0x55f09738cd50_0 .net "select", 0 0, L_0x55f0973a6f90;  1 drivers
E_0x55f09738ca60 .event edge, v0x55f09738cbc0_0, v0x55f09738cae0_0, v0x55f09738cd50_0;
S_0x55f09738cec0 .scope module, "mod32" "mux21" 3 47, 4 1 0, S_0x55f09732c450;
 .timescale 0 0;
    .port_info 0 /INPUT 1 "select"
    .port_info 1 /INPUT 1 "in"
    .port_info 2 /INPUT 1 "in1"
    .port_info 3 /OUTPUT 1 "out"
L_0x7f82364cf0f0 .functor BUFT 1, C4<0>, C4<0>, C4<0>, C4<0>;
v0x55f09738d180_0 .net "in", 0 0, L_0x7f82364cf0f0;  1 drivers
v0x55f09738d260_0 .net "in1", 0 0, L_0x55f0973a7d90;  1 drivers
v0x55f09738d320_0 .var "out", 0 0;
v0x55f09738d3f0_0 .net "select", 0 0, L_0x55f0973a7980;  1 drivers
E_0x55f09738d100 .event edge, v0x55f09738d260_0, v0x55f09738d180_0, v0x55f09738d3f0_0;
S_0x55f09738d560 .scope module, "mod33" "mux21" 3 48, 4 1 0, S_0x55f09732c450;
 .timescale 0 0;
    .port_info 0 /INPUT 1 "select"
    .port_info 1 /INPUT 1 "in"
    .port_info 2 /INPUT 1 "in1"
    .port_info 3 /OUTPUT 1 "out"
L_0x7f82364cf138 .functor BUFT 1, C4<0>, C4<0>, C4<0>, C4<0>;
v0x55f09738d820_0 .net "in", 0 0, L_0x7f82364cf138;  1 drivers
v0x55f09738d900_0 .net "in1", 0 0, L_0x55f0973a8280;  1 drivers
v0x55f09738d9c0_0 .var "out", 0 0;
v0x55f09738da90_0 .net "select", 0 0, L_0x55f0973a7e60;  1 drivers
E_0x55f09738d7a0 .event edge, v0x55f09738d900_0, v0x55f09738d820_0, v0x55f09738da90_0;
S_0x55f09738dc00 .scope module, "mod34" "mux21" 3 49, 4 1 0, S_0x55f09732c450;
 .timescale 0 0;
    .port_info 0 /INPUT 1 "select"
    .port_info 1 /INPUT 1 "in"
    .port_info 2 /INPUT 1 "in1"
    .port_info 3 /OUTPUT 1 "out"
L_0x7f82364cf180 .functor BUFT 1, C4<0>, C4<0>, C4<0>, C4<0>;
v0x55f09738dec0_0 .net "in", 0 0, L_0x7f82364cf180;  1 drivers
v0x55f09738dfa0_0 .net "in1", 0 0, L_0x55f0973a8750;  1 drivers
v0x55f09738e060_0 .var "out", 0 0;
v0x55f09738e130_0 .net "select", 0 0, L_0x55f0973a8320;  1 drivers
E_0x55f09738de40 .event edge, v0x55f09738dfa0_0, v0x55f09738dec0_0, v0x55f09738e130_0;
S_0x55f09738e2a0 .scope module, "mod35" "mux21" 3 50, 4 1 0, S_0x55f09732c450;
 .timescale 0 0;
    .port_info 0 /INPUT 1 "select"
    .port_info 1 /INPUT 1 "in"
    .port_info 2 /INPUT 1 "in1"
    .port_info 3 /OUTPUT 1 "out"
L_0x7f82364cf1c8 .functor BUFT 1, C4<0>, C4<0>, C4<0>, C4<0>;
v0x55f09738e560_0 .net "in", 0 0, L_0x7f82364cf1c8;  1 drivers
v0x55f09738e640_0 .net "in1", 0 0, L_0x55f0973a8c60;  1 drivers
v0x55f09738e700_0 .var "out", 0 0;
v0x55f09738e7d0_0 .net "select", 0 0, L_0x55f0973a8820;  1 drivers
E_0x55f09738e4e0 .event edge, v0x55f09738e640_0, v0x55f09738e560_0, v0x55f09738e7d0_0;
S_0x55f09738e940 .scope module, "mod36" "mux21" 3 51, 4 1 0, S_0x55f09732c450;
 .timescale 0 0;
    .port_info 0 /INPUT 1 "select"
    .port_info 1 /INPUT 1 "in"
    .port_info 2 /INPUT 1 "in1"
    .port_info 3 /OUTPUT 1 "out"
v0x55f09738ec00_0 .net "in", 0 0, L_0x55f0973a9150;  1 drivers
v0x55f09738ece0_0 .net "in1", 0 0, L_0x55f0973a9220;  1 drivers
v0x55f09738eda0_0 .var "out", 0 0;
v0x55f09738ee70_0 .net "select", 0 0, L_0x55f0973a8d30;  1 drivers
E_0x55f09738eb80 .event edge, v0x55f09738ece0_0, v0x55f09738ec00_0, v0x55f09738ee70_0;
S_0x55f09738efe0 .scope module, "mod37" "mux21" 3 52, 4 1 0, S_0x55f09732c450;
 .timescale 0 0;
    .port_info 0 /INPUT 1 "select"
    .port_info 1 /INPUT 1 "in"
    .port_info 2 /INPUT 1 "in1"
    .port_info 3 /OUTPUT 1 "out"
v0x55f09738f2a0_0 .net "in", 0 0, L_0x55f0973a9720;  1 drivers
v0x55f09738f380_0 .net "in1", 0 0, L_0x55f0973a9b60;  1 drivers
v0x55f09738f440_0 .var "out", 0 0;
v0x55f09738f510_0 .net "select", 0 0, L_0x55f0973a9650;  1 drivers
E_0x55f09738f220 .event edge, v0x55f09738f380_0, v0x55f09738f2a0_0, v0x55f09738f510_0;
S_0x55f09738f680 .scope module, "mod38" "mux21" 3 53, 4 1 0, S_0x55f09732c450;
 .timescale 0 0;
    .port_info 0 /INPUT 1 "select"
    .port_info 1 /INPUT 1 "in"
    .port_info 2 /INPUT 1 "in1"
    .port_info 3 /OUTPUT 1 "out"
v0x55f09738fb50_0 .net "in", 0 0, L_0x55f0973aa080;  1 drivers
v0x55f09738fc30_0 .net "in1", 0 0, L_0x55f0973aa150;  1 drivers
v0x55f09738fcf0_0 .var "out", 0 0;
v0x55f09738fdc0_0 .net "select", 0 0, L_0x55f0973a9c30;  1 drivers
E_0x55f09738fad0 .event edge, v0x55f09738fc30_0, v0x55f09738fb50_0, v0x55f09738fdc0_0;
S_0x55f09738ff30 .scope module, "mod39" "mux21" 3 54, 4 1 0, S_0x55f09732c450;
 .timescale 0 0;
    .port_info 0 /INPUT 1 "select"
    .port_info 1 /INPUT 1 "in"
    .port_info 2 /INPUT 1 "in1"
    .port_info 3 /OUTPUT 1 "out"
v0x55f0973901f0_0 .net "in", 0 0, L_0x55f0973aa680;  1 drivers
v0x55f0973902d0_0 .net "in1", 0 0, L_0x55f0973aaaf0;  1 drivers
v0x55f097390390_0 .var "out", 0 0;
v0x55f097390460_0 .net "select", 0 0, L_0x55f0973aa5b0;  1 drivers
E_0x55f097390170 .event edge, v0x55f0973902d0_0, v0x55f0973901f0_0, v0x55f097390460_0;
S_0x55f0973905d0 .scope module, "mod4" "mux21" 3 13, 4 1 0, S_0x55f09732c450;
 .timescale 0 0;
    .port_info 0 /INPUT 1 "select"
    .port_info 1 /INPUT 1 "in"
    .port_info 2 /INPUT 1 "in1"
    .port_info 3 /OUTPUT 1 "out"
v0x55f097390890_0 .net "in", 0 0, L_0x55f09739e150;  1 drivers
v0x55f097390970_0 .net "in1", 0 0, L_0x55f09739e220;  1 drivers
v0x55f097390a30_0 .var "out", 0 0;
v0x55f097390b00_0 .net "select", 0 0, L_0x55f09739e010;  1 drivers
E_0x55f097390810 .event edge, v0x55f097390970_0, v0x55f097390890_0, v0x55f097390b00_0;
S_0x55f097390c70 .scope module, "mod40" "mux21" 3 55, 4 1 0, S_0x55f09732c450;
 .timescale 0 0;
    .port_info 0 /INPUT 1 "select"
    .port_info 1 /INPUT 1 "in"
    .port_info 2 /INPUT 1 "in1"
    .port_info 3 /OUTPUT 1 "out"
v0x55f097390f30_0 .net "in", 0 0, L_0x55f0973ab040;  1 drivers
v0x55f097391010_0 .net "in1", 0 0, L_0x55f0973ab110;  1 drivers
v0x55f0973910d0_0 .var "out", 0 0;
v0x55f0973911a0_0 .net "select", 0 0, L_0x55f0973aabc0;  1 drivers
E_0x55f097390eb0 .event edge, v0x55f097391010_0, v0x55f097390f30_0, v0x55f0973911a0_0;
S_0x55f097391310 .scope module, "mod41" "mux21" 3 56, 4 1 0, S_0x55f09732c450;
 .timescale 0 0;
    .port_info 0 /INPUT 1 "select"
    .port_info 1 /INPUT 1 "in"
    .port_info 2 /INPUT 1 "in1"
    .port_info 3 /OUTPUT 1 "out"
v0x55f0973915d0_0 .net "in", 0 0, L_0x55f0973ab670;  1 drivers
v0x55f0973916b0_0 .net "in1", 0 0, L_0x55f0973abb10;  1 drivers
v0x55f097391770_0 .var "out", 0 0;
v0x55f097391840_0 .net "select", 0 0, L_0x55f0973ab5a0;  1 drivers
E_0x55f097391550 .event edge, v0x55f0973916b0_0, v0x55f0973915d0_0, v0x55f097391840_0;
S_0x55f0973919b0 .scope module, "mod42" "mux21" 3 57, 4 1 0, S_0x55f09732c450;
 .timescale 0 0;
    .port_info 0 /INPUT 1 "select"
    .port_info 1 /INPUT 1 "in"
    .port_info 2 /INPUT 1 "in1"
    .port_info 3 /OUTPUT 1 "out"
v0x55f097391c70_0 .net "in", 0 0, L_0x55f0973ac090;  1 drivers
v0x55f097391d50_0 .net "in1", 0 0, L_0x55f0973ac160;  1 drivers
v0x55f097391e10_0 .var "out", 0 0;
v0x55f097391ee0_0 .net "select", 0 0, L_0x55f0973abbe0;  1 drivers
E_0x55f097391bf0 .event edge, v0x55f097391d50_0, v0x55f097391c70_0, v0x55f097391ee0_0;
S_0x55f097392050 .scope module, "mod43" "mux21" 3 58, 4 1 0, S_0x55f09732c450;
 .timescale 0 0;
    .port_info 0 /INPUT 1 "select"
    .port_info 1 /INPUT 1 "in"
    .port_info 2 /INPUT 1 "in1"
    .port_info 3 /OUTPUT 1 "out"
v0x55f097392310_0 .net "in", 0 0, L_0x55f0973ac6f0;  1 drivers
v0x55f0973923f0_0 .net "in1", 0 0, L_0x55f0973acbc0;  1 drivers
v0x55f0973924b0_0 .var "out", 0 0;
v0x55f097392580_0 .net "select", 0 0, L_0x55f0973ac620;  1 drivers
E_0x55f097392290 .event edge, v0x55f0973923f0_0, v0x55f097392310_0, v0x55f097392580_0;
S_0x55f0973926f0 .scope module, "mod44" "mux21" 3 59, 4 1 0, S_0x55f09732c450;
 .timescale 0 0;
    .port_info 0 /INPUT 1 "select"
    .port_info 1 /INPUT 1 "in"
    .port_info 2 /INPUT 1 "in1"
    .port_info 3 /OUTPUT 1 "out"
v0x55f0973929b0_0 .net "in", 0 0, L_0x55f0973ad110;  1 drivers
v0x55f097392a90_0 .net "in1", 0 0, L_0x55f0973ad1b0;  1 drivers
v0x55f097392b50_0 .var "out", 0 0;
v0x55f097392c20_0 .net "select", 0 0, L_0x55f0973acc60;  1 drivers
E_0x55f097392930 .event edge, v0x55f097392a90_0, v0x55f0973929b0_0, v0x55f097392c20_0;
S_0x55f097392d90 .scope module, "mod45" "mux21" 3 60, 4 1 0, S_0x55f09732c450;
 .timescale 0 0;
    .port_info 0 /INPUT 1 "select"
    .port_info 1 /INPUT 1 "in"
    .port_info 2 /INPUT 1 "in1"
    .port_info 3 /OUTPUT 1 "out"
v0x55f097393050_0 .net "in", 0 0, L_0x55f0973ad710;  1 drivers
v0x55f097393130_0 .net "in1", 0 0, L_0x55f0973ad250;  1 drivers
v0x55f0973931f0_0 .var "out", 0 0;
v0x55f0973932c0_0 .net "select", 0 0, L_0x55f0973ad670;  1 drivers
E_0x55f097392fd0 .event edge, v0x55f097393130_0, v0x55f097393050_0, v0x55f0973932c0_0;
S_0x55f097393430 .scope module, "mod46" "mux21" 3 61, 4 1 0, S_0x55f09732c450;
 .timescale 0 0;
    .port_info 0 /INPUT 1 "select"
    .port_info 1 /INPUT 1 "in"
    .port_info 2 /INPUT 1 "in1"
    .port_info 3 /OUTPUT 1 "out"
v0x55f0973936f0_0 .net "in", 0 0, L_0x55f0973ad3f0;  1 drivers
v0x55f0973937d0_0 .net "in1", 0 0, L_0x55f0973ad4c0;  1 drivers
v0x55f097393890_0 .var "out", 0 0;
v0x55f097393960_0 .net "select", 0 0, L_0x55f0973ad320;  1 drivers
E_0x55f097393670 .event edge, v0x55f0973937d0_0, v0x55f0973936f0_0, v0x55f097393960_0;
S_0x55f097393ad0 .scope module, "mod47" "mux21" 3 62, 4 1 0, S_0x55f09732c450;
 .timescale 0 0;
    .port_info 0 /INPUT 1 "select"
    .port_info 1 /INPUT 1 "in"
    .port_info 2 /INPUT 1 "in1"
    .port_info 3 /OUTPUT 1 "out"
v0x55f097393d90_0 .net "in", 0 0, L_0x55f0973adc00;  1 drivers
v0x55f097393e70_0 .net "in1", 0 0, L_0x55f0973ad7b0;  1 drivers
v0x55f097393f30_0 .var "out", 0 0;
v0x55f097394000_0 .net "select", 0 0, L_0x55f0973ad590;  1 drivers
E_0x55f097393d10 .event edge, v0x55f097393e70_0, v0x55f097393d90_0, v0x55f097394000_0;
S_0x55f097394170 .scope module, "mod48" "mux21" 3 65, 4 1 0, S_0x55f09732c450;
 .timescale 0 0;
    .port_info 0 /INPUT 1 "select"
    .port_info 1 /INPUT 1 "in"
    .port_info 2 /INPUT 1 "in1"
    .port_info 3 /OUTPUT 1 "out"
L_0x7f82364cf210 .functor BUFT 1, C4<0>, C4<0>, C4<0>, C4<0>;
v0x55f097394430_0 .net "in", 0 0, L_0x7f82364cf210;  1 drivers
v0x55f097394510_0 .net "in1", 0 0, L_0x55f0973ae1b0;  1 drivers
v0x55f0973945d0_0 .var "out", 0 0;
v0x55f0973946a0_0 .net "select", 0 0, L_0x55f0973ae110;  1 drivers
E_0x55f0973943b0 .event edge, v0x55f097394510_0, v0x55f097394430_0, v0x55f0973946a0_0;
S_0x55f097394810 .scope module, "mod49" "mux21" 3 66, 4 1 0, S_0x55f09732c450;
 .timescale 0 0;
    .port_info 0 /INPUT 1 "select"
    .port_info 1 /INPUT 1 "in"
    .port_info 2 /INPUT 1 "in1"
    .port_info 3 /OUTPUT 1 "out"
L_0x7f82364cf258 .functor BUFT 1, C4<0>, C4<0>, C4<0>, C4<0>;
v0x55f097394ad0_0 .net "in", 0 0, L_0x7f82364cf258;  1 drivers
v0x55f097394bb0_0 .net "in1", 0 0, L_0x55f0973ade00;  1 drivers
v0x55f097394c70_0 .var "out", 0 0;
v0x55f097394d40_0 .net "select", 0 0, L_0x55f0973adca0;  1 drivers
E_0x55f097394a50 .event edge, v0x55f097394bb0_0, v0x55f097394ad0_0, v0x55f097394d40_0;
S_0x55f097394eb0 .scope module, "mod5" "mux21" 3 14, 4 1 0, S_0x55f09732c450;
 .timescale 0 0;
    .port_info 0 /INPUT 1 "select"
    .port_info 1 /INPUT 1 "in"
    .port_info 2 /INPUT 1 "in1"
    .port_info 3 /OUTPUT 1 "out"
v0x55f097395170_0 .net "in", 0 0, L_0x55f09739e440;  1 drivers
v0x55f097395250_0 .net "in1", 0 0, L_0x55f09739e5a0;  1 drivers
v0x55f097395310_0 .var "out", 0 0;
v0x55f0973953e0_0 .net "select", 0 0, L_0x55f09739e370;  1 drivers
E_0x55f0973950f0 .event edge, v0x55f097395250_0, v0x55f097395170_0, v0x55f0973953e0_0;
S_0x55f097395550 .scope module, "mod50" "mux21" 3 67, 4 1 0, S_0x55f09732c450;
 .timescale 0 0;
    .port_info 0 /INPUT 1 "select"
    .port_info 1 /INPUT 1 "in"
    .port_info 2 /INPUT 1 "in1"
    .port_info 3 /OUTPUT 1 "out"
L_0x7f82364cf2a0 .functor BUFT 1, C4<0>, C4<0>, C4<0>, C4<0>;
v0x55f097395810_0 .net "in", 0 0, L_0x7f82364cf2a0;  1 drivers
v0x55f0973958f0_0 .net "in1", 0 0, L_0x55f0973adfd0;  1 drivers
v0x55f0973959b0_0 .var "out", 0 0;
v0x55f097395a80_0 .net "select", 0 0, L_0x55f0973aded0;  1 drivers
E_0x55f097395790 .event edge, v0x55f0973958f0_0, v0x55f097395810_0, v0x55f097395a80_0;
S_0x55f097395bf0 .scope module, "mod51" "mux21" 3 68, 4 1 0, S_0x55f09732c450;
 .timescale 0 0;
    .port_info 0 /INPUT 1 "select"
    .port_info 1 /INPUT 1 "in"
    .port_info 2 /INPUT 1 "in1"
    .port_info 3 /OUTPUT 1 "out"
L_0x7f82364cf2e8 .functor BUFT 1, C4<0>, C4<0>, C4<0>, C4<0>;
v0x55f097395eb0_0 .net "in", 0 0, L_0x7f82364cf2e8;  1 drivers
v0x55f097395f90_0 .net "in1", 0 0, L_0x55f0973ae350;  1 drivers
v0x55f097396050_0 .var "out", 0 0;
v0x55f097396120_0 .net "select", 0 0, L_0x55f0973ae250;  1 drivers
E_0x55f097395e30 .event edge, v0x55f097395f90_0, v0x55f097395eb0_0, v0x55f097396120_0;
S_0x55f097396290 .scope module, "mod52" "mux21" 3 69, 4 1 0, S_0x55f09732c450;
 .timescale 0 0;
    .port_info 0 /INPUT 1 "select"
    .port_info 1 /INPUT 1 "in"
    .port_info 2 /INPUT 1 "in1"
    .port_info 3 /OUTPUT 1 "out"
L_0x7f82364cf330 .functor BUFT 1, C4<0>, C4<0>, C4<0>, C4<0>;
v0x55f097396550_0 .net "in", 0 0, L_0x7f82364cf330;  1 drivers
v0x55f097396630_0 .net "in1", 0 0, L_0x55f0973ae520;  1 drivers
v0x55f0973966f0_0 .var "out", 0 0;
v0x55f0973967c0_0 .net "select", 0 0, L_0x55f0973ae420;  1 drivers
E_0x55f0973964d0 .event edge, v0x55f097396630_0, v0x55f097396550_0, v0x55f0973967c0_0;
S_0x55f097396930 .scope module, "mod53" "mux21" 3 70, 4 1 0, S_0x55f09732c450;
 .timescale 0 0;
    .port_info 0 /INPUT 1 "select"
    .port_info 1 /INPUT 1 "in"
    .port_info 2 /INPUT 1 "in1"
    .port_info 3 /OUTPUT 1 "out"
L_0x7f82364cf378 .functor BUFT 1, C4<0>, C4<0>, C4<0>, C4<0>;
v0x55f097396bf0_0 .net "in", 0 0, L_0x7f82364cf378;  1 drivers
v0x55f097396cd0_0 .net "in1", 0 0, L_0x55f0973aec30;  1 drivers
v0x55f097396d90_0 .var "out", 0 0;
v0x55f097396e60_0 .net "select", 0 0, L_0x55f0973ae5f0;  1 drivers
E_0x55f097396b70 .event edge, v0x55f097396cd0_0, v0x55f097396bf0_0, v0x55f097396e60_0;
S_0x55f097396fd0 .scope module, "mod54" "mux21" 3 71, 4 1 0, S_0x55f09732c450;
 .timescale 0 0;
    .port_info 0 /INPUT 1 "select"
    .port_info 1 /INPUT 1 "in"
    .port_info 2 /INPUT 1 "in1"
    .port_info 3 /OUTPUT 1 "out"
L_0x7f82364cf3c0 .functor BUFT 1, C4<0>, C4<0>, C4<0>, C4<0>;
v0x55f097397290_0 .net "in", 0 0, L_0x7f82364cf3c0;  1 drivers
v0x55f097397370_0 .net "in1", 0 0, L_0x55f0973ae870;  1 drivers
v0x55f097397430_0 .var "out", 0 0;
v0x55f097397500_0 .net "select", 0 0, L_0x55f0973ae770;  1 drivers
E_0x55f097397210 .event edge, v0x55f097397370_0, v0x55f097397290_0, v0x55f097397500_0;
S_0x55f097397670 .scope module, "mod55" "mux21" 3 72, 4 1 0, S_0x55f09732c450;
 .timescale 0 0;
    .port_info 0 /INPUT 1 "select"
    .port_info 1 /INPUT 1 "in"
    .port_info 2 /INPUT 1 "in1"
    .port_info 3 /OUTPUT 1 "out"
L_0x7f82364cf408 .functor BUFT 1, C4<0>, C4<0>, C4<0>, C4<0>;
v0x55f097397930_0 .net "in", 0 0, L_0x7f82364cf408;  1 drivers
v0x55f097397a10_0 .net "in1", 0 0, L_0x55f0973aea40;  1 drivers
v0x55f097397ad0_0 .var "out", 0 0;
v0x55f097397ba0_0 .net "select", 0 0, L_0x55f0973ae940;  1 drivers
E_0x55f0973978b0 .event edge, v0x55f097397a10_0, v0x55f097397930_0, v0x55f097397ba0_0;
S_0x55f097397d10 .scope module, "mod56" "mux21" 3 73, 4 1 0, S_0x55f09732c450;
 .timescale 0 0;
    .port_info 0 /INPUT 1 "select"
    .port_info 1 /INPUT 1 "in"
    .port_info 2 /INPUT 1 "in1"
    .port_info 3 /OUTPUT 1 "out"
v0x55f097397fd0_0 .net "in", 0 0, L_0x55f0973af1c0;  1 drivers
v0x55f0973980b0_0 .net "in1", 0 0, L_0x55f0973aecd0;  1 drivers
v0x55f097398170_0 .var "out", 0 0;
v0x55f097398240_0 .net "select", 0 0, L_0x55f0973aeb10;  1 drivers
E_0x55f097397f50 .event edge, v0x55f0973980b0_0, v0x55f097397fd0_0, v0x55f097398240_0;
S_0x55f0973983b0 .scope module, "mod57" "mux21" 3 74, 4 1 0, S_0x55f09732c450;
 .timescale 0 0;
    .port_info 0 /INPUT 1 "select"
    .port_info 1 /INPUT 1 "in"
    .port_info 2 /INPUT 1 "in1"
    .port_info 3 /OUTPUT 1 "out"
v0x55f097398670_0 .net "in", 0 0, L_0x55f0973aee70;  1 drivers
v0x55f097398750_0 .net "in1", 0 0, L_0x55f0973aef40;  1 drivers
v0x55f097398810_0 .var "out", 0 0;
v0x55f0973988e0_0 .net "select", 0 0, L_0x55f0973aeda0;  1 drivers
E_0x55f0973985f0 .event edge, v0x55f097398750_0, v0x55f097398670_0, v0x55f0973988e0_0;
S_0x55f097398a50 .scope module, "mod58" "mux21" 3 75, 4 1 0, S_0x55f09732c450;
 .timescale 0 0;
    .port_info 0 /INPUT 1 "select"
    .port_info 1 /INPUT 1 "in"
    .port_info 2 /INPUT 1 "in1"
    .port_info 3 /OUTPUT 1 "out"
v0x55f097398d10_0 .net "in", 0 0, L_0x55f0973af0e0;  1 drivers
v0x55f097398df0_0 .net "in1", 0 0, L_0x55f0973af790;  1 drivers
v0x55f097398eb0_0 .var "out", 0 0;
v0x55f097398f80_0 .net "select", 0 0, L_0x55f0973af010;  1 drivers
E_0x55f097398c90 .event edge, v0x55f097398df0_0, v0x55f097398d10_0, v0x55f097398f80_0;
S_0x55f0973990f0 .scope module, "mod59" "mux21" 3 76, 4 1 0, S_0x55f09732c450;
 .timescale 0 0;
    .port_info 0 /INPUT 1 "select"
    .port_info 1 /INPUT 1 "in"
    .port_info 2 /INPUT 1 "in1"
    .port_info 3 /OUTPUT 1 "out"
v0x55f0973993b0_0 .net "in", 0 0, L_0x55f0973af260;  1 drivers
v0x55f097399490_0 .net "in1", 0 0, L_0x55f0973af330;  1 drivers
v0x55f097399550_0 .var "out", 0 0;
v0x55f097399620_0 .net "select", 0 0, L_0x55f0973af830;  1 drivers
E_0x55f097399330 .event edge, v0x55f097399490_0, v0x55f0973993b0_0, v0x55f097399620_0;
S_0x55f097399790 .scope module, "mod6" "mux21" 3 15, 4 1 0, S_0x55f09732c450;
 .timescale 0 0;
    .port_info 0 /INPUT 1 "select"
    .port_info 1 /INPUT 1 "in"
    .port_info 2 /INPUT 1 "in1"
    .port_info 3 /OUTPUT 1 "out"
v0x55f097399a50_0 .net "in", 0 0, L_0x55f09739e8f0;  1 drivers
v0x55f097399b30_0 .net "in1", 0 0, L_0x55f09739e9c0;  1 drivers
v0x55f097399bf0_0 .var "out", 0 0;
v0x55f097399cc0_0 .net "select", 0 0, L_0x55f09739e670;  1 drivers
E_0x55f0973999d0 .event edge, v0x55f097399b30_0, v0x55f097399a50_0, v0x55f097399cc0_0;
S_0x55f097399e30 .scope module, "mod60" "mux21" 3 77, 4 1 0, S_0x55f09732c450;
 .timescale 0 0;
    .port_info 0 /INPUT 1 "select"
    .port_info 1 /INPUT 1 "in"
    .port_info 2 /INPUT 1 "in1"
    .port_info 3 /OUTPUT 1 "out"
v0x55f09739a0f0_0 .net "in", 0 0, L_0x55f0973af4d0;  1 drivers
v0x55f09739a1d0_0 .net "in1", 0 0, L_0x55f0973af5a0;  1 drivers
v0x55f09739a290_0 .var "out", 0 0;
v0x55f09739a360_0 .net "select", 0 0, L_0x55f0973af400;  1 drivers
E_0x55f09739a070 .event edge, v0x55f09739a1d0_0, v0x55f09739a0f0_0, v0x55f09739a360_0;
S_0x55f09739a4d0 .scope module, "mod61" "mux21" 3 78, 4 1 0, S_0x55f09732c450;
 .timescale 0 0;
    .port_info 0 /INPUT 1 "select"
    .port_info 1 /INPUT 1 "in"
    .port_info 2 /INPUT 1 "in1"
    .port_info 3 /OUTPUT 1 "out"
v0x55f09739a790_0 .net "in", 0 0, L_0x55f0973afe40;  1 drivers
v0x55f09739a870_0 .net "in1", 0 0, L_0x55f0973afee0;  1 drivers
v0x55f09739a930_0 .var "out", 0 0;
v0x55f09739aa00_0 .net "select", 0 0, L_0x55f0973af670;  1 drivers
E_0x55f09739a710 .event edge, v0x55f09739a870_0, v0x55f09739a790_0, v0x55f09739aa00_0;
S_0x55f09739ab70 .scope module, "mod62" "mux21" 3 79, 4 1 0, S_0x55f09732c450;
 .timescale 0 0;
    .port_info 0 /INPUT 1 "select"
    .port_info 1 /INPUT 1 "in"
    .port_info 2 /INPUT 1 "in1"
    .port_info 3 /OUTPUT 1 "out"
v0x55f09739ae30_0 .net "in", 0 0, L_0x55f0973af9a0;  1 drivers
v0x55f09739af10_0 .net "in1", 0 0, L_0x55f0973afa70;  1 drivers
v0x55f09739afd0_0 .var "out", 0 0;
v0x55f09739b0a0_0 .net "select", 0 0, L_0x55f0973af8d0;  1 drivers
E_0x55f09739adb0 .event edge, v0x55f09739af10_0, v0x55f09739ae30_0, v0x55f09739b0a0_0;
S_0x55f09739b210 .scope module, "mod63" "mux21" 3 80, 4 1 0, S_0x55f09732c450;
 .timescale 0 0;
    .port_info 0 /INPUT 1 "select"
    .port_info 1 /INPUT 1 "in"
    .port_info 2 /INPUT 1 "in1"
    .port_info 3 /OUTPUT 1 "out"
v0x55f09739b4d0_0 .net "in", 0 0, L_0x55f0973afc10;  1 drivers
v0x55f09739b5b0_0 .net "in1", 0 0, L_0x55f0973afce0;  1 drivers
v0x55f09739b670_0 .var "out", 0 0;
v0x55f09739b740_0 .net "select", 0 0, L_0x55f0973afb40;  1 drivers
E_0x55f09739b450 .event edge, v0x55f09739b5b0_0, v0x55f09739b4d0_0, v0x55f09739b740_0;
S_0x55f09739b8b0 .scope module, "mod7" "mux21" 3 16, 4 1 0, S_0x55f09732c450;
 .timescale 0 0;
    .port_info 0 /INPUT 1 "select"
    .port_info 1 /INPUT 1 "in"
    .port_info 2 /INPUT 1 "in1"
    .port_info 3 /OUTPUT 1 "out"
v0x55f09739bb70_0 .net "in", 0 0, L_0x55f09739eb70;  1 drivers
v0x55f09739bc50_0 .net "in1", 0 0, L_0x55f09739ed00;  1 drivers
v0x55f09739bd10_0 .var "out", 0 0;
v0x55f09739bde0_0 .net "select", 0 0, L_0x55f09739e850;  1 drivers
E_0x55f09739baf0 .event edge, v0x55f09739bc50_0, v0x55f09739bb70_0, v0x55f09739bde0_0;
S_0x55f09739bf50 .scope module, "mod8" "mux21" 3 17, 4 1 0, S_0x55f09732c450;
 .timescale 0 0;
    .port_info 0 /INPUT 1 "select"
    .port_info 1 /INPUT 1 "in"
    .port_info 2 /INPUT 1 "in1"
    .port_info 3 /OUTPUT 1 "out"
v0x55f09739c210_0 .net "in", 0 0, L_0x55f09739f180;  1 drivers
v0x55f09739c2f0_0 .net "in1", 0 0, L_0x55f09739f250;  1 drivers
v0x55f09739c3b0_0 .var "out", 0 0;
v0x55f09739c480_0 .net "select", 0 0, L_0x55f09739efe0;  1 drivers
E_0x55f09739c190 .event edge, v0x55f09739c2f0_0, v0x55f09739c210_0, v0x55f09739c480_0;
S_0x55f09739c5f0 .scope module, "mod9" "mux21" 3 18, 4 1 0, S_0x55f09732c450;
 .timescale 0 0;
    .port_info 0 /INPUT 1 "select"
    .port_info 1 /INPUT 1 "in"
    .port_info 2 /INPUT 1 "in1"
    .port_info 3 /OUTPUT 1 "out"
v0x55f09739c8b0_0 .net "in", 0 0, L_0x55f09739f4d0;  1 drivers
v0x55f09739c990_0 .net "in1", 0 0, L_0x55f09739f690;  1 drivers
v0x55f09739ca50_0 .var "out", 0 0;
v0x55f09739cb20_0 .net "select", 0 0, L_0x55f09739f400;  1 drivers
E_0x55f09739c830 .event edge, v0x55f09739c990_0, v0x55f09739c8b0_0, v0x55f09739cb20_0;
    .scope S_0x55f09732b1a0;
T_0 ;
    %wait E_0x55f0972d0630;
    %load/vec4 v0x55f09736ac30_0;
    %pad/u 32;
    %cmpi/e 0, 0, 32;
    %jmp/0xz  T_0.0, 4;
    %load/vec4 v0x55f09736df90_0;
    %store/vec4 v0x55f09736c5e0_0, 0, 1;
T_0.0 ;
    %load/vec4 v0x55f09736ac30_0;
    %pad/u 32;
    %cmpi/e 1, 0, 32;
    %jmp/0xz  T_0.2, 4;
    %load/vec4 v0x55f09736f940_0;
    %store/vec4 v0x55f09736c5e0_0, 0, 1;
T_0.2 ;
    %jmp T_0;
    .thread T_0, $push;
    .scope S_0x55f097382ec0;
T_1 ;
    %wait E_0x55f0972d0760;
    %load/vec4 v0x55f097383130_0;
    %pad/u 32;
    %cmpi/e 0, 0, 32;
    %jmp/0xz  T_1.0, 4;
    %load/vec4 v0x55f0973678d0_0;
    %store/vec4 v0x55f097319200_0, 0, 1;
T_1.0 ;
    %load/vec4 v0x55f097383130_0;
    %pad/u 32;
    %cmpi/e 1, 0, 32;
    %jmp/0xz  T_1.2, 4;
    %load/vec4 v0x55f097369280_0;
    %store/vec4 v0x55f097319200_0, 0, 1;
T_1.2 ;
    %jmp T_1;
    .thread T_1, $push;
    .scope S_0x55f0973870f0;
T_2 ;
    %wait E_0x55f097387330;
    %load/vec4 v0x55f097387620_0;
    %pad/u 32;
    %cmpi/e 0, 0, 32;
    %jmp/0xz  T_2.0, 4;
    %load/vec4 v0x55f097387490_0;
    %store/vec4 v0x55f097387550_0, 0, 1;
T_2.0 ;
    %load/vec4 v0x55f097387620_0;
    %pad/u 32;
    %cmpi/e 1, 0, 32;
    %jmp/0xz  T_2.2, 4;
    %load/vec4 v0x55f0973873b0_0;
    %store/vec4 v0x55f097387550_0, 0, 1;
T_2.2 ;
    %jmp T_2;
    .thread T_2, $push;
    .scope S_0x55f09738bae0;
T_3 ;
    %wait E_0x55f09738bd20;
    %load/vec4 v0x55f09738c010_0;
    %pad/u 32;
    %cmpi/e 0, 0, 32;
    %jmp/0xz  T_3.0, 4;
    %load/vec4 v0x55f09738be80_0;
    %store/vec4 v0x55f09738bf40_0, 0, 1;
T_3.0 ;
    %load/vec4 v0x55f09738c010_0;
    %pad/u 32;
    %cmpi/e 1, 0, 32;
    %jmp/0xz  T_3.2, 4;
    %load/vec4 v0x55f09738bda0_0;
    %store/vec4 v0x55f09738bf40_0, 0, 1;
T_3.2 ;
    %jmp T_3;
    .thread T_3, $push;
    .scope S_0x55f0973905d0;
T_4 ;
    %wait E_0x55f097390810;
    %load/vec4 v0x55f097390b00_0;
    %pad/u 32;
    %cmpi/e 0, 0, 32;
    %jmp/0xz  T_4.0, 4;
    %load/vec4 v0x55f097390970_0;
    %store/vec4 v0x55f097390a30_0, 0, 1;
T_4.0 ;
    %load/vec4 v0x55f097390b00_0;
    %pad/u 32;
    %cmpi/e 1, 0, 32;
    %jmp/0xz  T_4.2, 4;
    %load/vec4 v0x55f097390890_0;
    %store/vec4 v0x55f097390a30_0, 0, 1;
T_4.2 ;
    %jmp T_4;
    .thread T_4, $push;
    .scope S_0x55f097394eb0;
T_5 ;
    %wait E_0x55f0973950f0;
    %load/vec4 v0x55f0973953e0_0;
    %pad/u 32;
    %cmpi/e 0, 0, 32;
    %jmp/0xz  T_5.0, 4;
    %load/vec4 v0x55f097395250_0;
    %store/vec4 v0x55f097395310_0, 0, 1;
T_5.0 ;
    %load/vec4 v0x55f0973953e0_0;
    %pad/u 32;
    %cmpi/e 1, 0, 32;
    %jmp/0xz  T_5.2, 4;
    %load/vec4 v0x55f097395170_0;
    %store/vec4 v0x55f097395310_0, 0, 1;
T_5.2 ;
    %jmp T_5;
    .thread T_5, $push;
    .scope S_0x55f097399790;
T_6 ;
    %wait E_0x55f0973999d0;
    %load/vec4 v0x55f097399cc0_0;
    %pad/u 32;
    %cmpi/e 0, 0, 32;
    %jmp/0xz  T_6.0, 4;
    %load/vec4 v0x55f097399b30_0;
    %store/vec4 v0x55f097399bf0_0, 0, 1;
T_6.0 ;
    %load/vec4 v0x55f097399cc0_0;
    %pad/u 32;
    %cmpi/e 1, 0, 32;
    %jmp/0xz  T_6.2, 4;
    %load/vec4 v0x55f097399a50_0;
    %store/vec4 v0x55f097399bf0_0, 0, 1;
T_6.2 ;
    %jmp T_6;
    .thread T_6, $push;
    .scope S_0x55f09739b8b0;
T_7 ;
    %wait E_0x55f09739baf0;
    %load/vec4 v0x55f09739bde0_0;
    %pad/u 32;
    %cmpi/e 0, 0, 32;
    %jmp/0xz  T_7.0, 4;
    %load/vec4 v0x55f09739bc50_0;
    %store/vec4 v0x55f09739bd10_0, 0, 1;
T_7.0 ;
    %load/vec4 v0x55f09739bde0_0;
    %pad/u 32;
    %cmpi/e 1, 0, 32;
    %jmp/0xz  T_7.2, 4;
    %load/vec4 v0x55f09739bb70_0;
    %store/vec4 v0x55f09739bd10_0, 0, 1;
T_7.2 ;
    %jmp T_7;
    .thread T_7, $push;
    .scope S_0x55f09739bf50;
T_8 ;
    %wait E_0x55f09739c190;
    %load/vec4 v0x55f09739c480_0;
    %pad/u 32;
    %cmpi/e 0, 0, 32;
    %jmp/0xz  T_8.0, 4;
    %load/vec4 v0x55f09739c2f0_0;
    %store/vec4 v0x55f09739c3b0_0, 0, 1;
T_8.0 ;
    %load/vec4 v0x55f09739c480_0;
    %pad/u 32;
    %cmpi/e 1, 0, 32;
    %jmp/0xz  T_8.2, 4;
    %load/vec4 v0x55f09739c210_0;
    %store/vec4 v0x55f09739c3b0_0, 0, 1;
T_8.2 ;
    %jmp T_8;
    .thread T_8, $push;
    .scope S_0x55f09739c5f0;
T_9 ;
    %wait E_0x55f09739c830;
    %load/vec4 v0x55f09739cb20_0;
    %pad/u 32;
    %cmpi/e 0, 0, 32;
    %jmp/0xz  T_9.0, 4;
    %load/vec4 v0x55f09739c990_0;
    %store/vec4 v0x55f09739ca50_0, 0, 1;
T_9.0 ;
    %load/vec4 v0x55f09739cb20_0;
    %pad/u 32;
    %cmpi/e 1, 0, 32;
    %jmp/0xz  T_9.2, 4;
    %load/vec4 v0x55f09739c8b0_0;
    %store/vec4 v0x55f09739ca50_0, 0, 1;
T_9.2 ;
    %jmp T_9;
    .thread T_9, $push;
    .scope S_0x55f097383270;
T_10 ;
    %wait E_0x55f0972d02c0;
    %load/vec4 v0x55f097383700_0;
    %pad/u 32;
    %cmpi/e 0, 0, 32;
    %jmp/0xz  T_10.0, 4;
    %load/vec4 v0x55f097383570_0;
    %store/vec4 v0x55f097383630_0, 0, 1;
T_10.0 ;
    %load/vec4 v0x55f097383700_0;
    %pad/u 32;
    %cmpi/e 1, 0, 32;
    %jmp/0xz  T_10.2, 4;
    %load/vec4 v0x55f097383490_0;
    %store/vec4 v0x55f097383630_0, 0, 1;
T_10.2 ;
    %jmp T_10;
    .thread T_10, $push;
    .scope S_0x55f097383870;
T_11 ;
    %wait E_0x55f0972cfe40;
    %load/vec4 v0x55f097383cf0_0;
    %pad/u 32;
    %cmpi/e 0, 0, 32;
    %jmp/0xz  T_11.0, 4;
    %load/vec4 v0x55f097383b60_0;
    %store/vec4 v0x55f097383c20_0, 0, 1;
T_11.0 ;
    %load/vec4 v0x55f097383cf0_0;
    %pad/u 32;
    %cmpi/e 1, 0, 32;
    %jmp/0xz  T_11.2, 4;
    %load/vec4 v0x55f097383a80_0;
    %store/vec4 v0x55f097383c20_0, 0, 1;
T_11.2 ;
    %jmp T_11;
    .thread T_11, $push;
    .scope S_0x55f097383e60;
T_12 ;
    %wait E_0x55f097372dd0;
    %load/vec4 v0x55f097384300_0;
    %pad/u 32;
    %cmpi/e 0, 0, 32;
    %jmp/0xz  T_12.0, 4;
    %load/vec4 v0x55f0973841a0_0;
    %store/vec4 v0x55f097384260_0, 0, 1;
T_12.0 ;
    %load/vec4 v0x55f097384300_0;
    %pad/u 32;
    %cmpi/e 1, 0, 32;
    %jmp/0xz  T_12.2, 4;
    %load/vec4 v0x55f0973840c0_0;
    %store/vec4 v0x55f097384260_0, 0, 1;
T_12.2 ;
    %jmp T_12;
    .thread T_12, $push;
    .scope S_0x55f097384470;
T_13 ;
    %wait E_0x55f0973762d0;
    %load/vec4 v0x55f0973848f0_0;
    %pad/u 32;
    %cmpi/e 0, 0, 32;
    %jmp/0xz  T_13.0, 4;
    %load/vec4 v0x55f097384760_0;
    %store/vec4 v0x55f097384820_0, 0, 1;
T_13.0 ;
    %load/vec4 v0x55f0973848f0_0;
    %pad/u 32;
    %cmpi/e 1, 0, 32;
    %jmp/0xz  T_13.2, 4;
    %load/vec4 v0x55f097384680_0;
    %store/vec4 v0x55f097384820_0, 0, 1;
T_13.2 ;
    %jmp T_13;
    .thread T_13, $push;
    .scope S_0x55f097384a60;
T_14 ;
    %wait E_0x55f097384c30;
    %load/vec4 v0x55f097384f20_0;
    %pad/u 32;
    %cmpi/e 0, 0, 32;
    %jmp/0xz  T_14.0, 4;
    %load/vec4 v0x55f097384d90_0;
    %store/vec4 v0x55f097384e50_0, 0, 1;
T_14.0 ;
    %load/vec4 v0x55f097384f20_0;
    %pad/u 32;
    %cmpi/e 1, 0, 32;
    %jmp/0xz  T_14.2, 4;
    %load/vec4 v0x55f097384cb0_0;
    %store/vec4 v0x55f097384e50_0, 0, 1;
T_14.2 ;
    %jmp T_14;
    .thread T_14, $push;
    .scope S_0x55f097385090;
T_15 ;
    %wait E_0x55f097385260;
    %load/vec4 v0x55f097385550_0;
    %pad/u 32;
    %cmpi/e 0, 0, 32;
    %jmp/0xz  T_15.0, 4;
    %load/vec4 v0x55f0973853c0_0;
    %store/vec4 v0x55f097385480_0, 0, 1;
T_15.0 ;
    %load/vec4 v0x55f097385550_0;
    %pad/u 32;
    %cmpi/e 1, 0, 32;
    %jmp/0xz  T_15.2, 4;
    %load/vec4 v0x55f0973852e0_0;
    %store/vec4 v0x55f097385480_0, 0, 1;
T_15.2 ;
    %jmp T_15;
    .thread T_15, $push;
    .scope S_0x55f0973856c0;
T_16 ;
    %wait E_0x55f097385900;
    %load/vec4 v0x55f097385bf0_0;
    %pad/u 32;
    %cmpi/e 0, 0, 32;
    %jmp/0xz  T_16.0, 4;
    %load/vec4 v0x55f097385a60_0;
    %store/vec4 v0x55f097385b20_0, 0, 1;
T_16.0 ;
    %load/vec4 v0x55f097385bf0_0;
    %pad/u 32;
    %cmpi/e 1, 0, 32;
    %jmp/0xz  T_16.2, 4;
    %load/vec4 v0x55f097385980_0;
    %store/vec4 v0x55f097385b20_0, 0, 1;
T_16.2 ;
    %jmp T_16;
    .thread T_16, $push;
    .scope S_0x55f097385d60;
T_17 ;
    %wait E_0x55f097385f50;
    %load/vec4 v0x55f097386240_0;
    %pad/u 32;
    %cmpi/e 0, 0, 32;
    %jmp/0xz  T_17.0, 4;
    %load/vec4 v0x55f0973860b0_0;
    %store/vec4 v0x55f097386170_0, 0, 1;
T_17.0 ;
    %load/vec4 v0x55f097386240_0;
    %pad/u 32;
    %cmpi/e 1, 0, 32;
    %jmp/0xz  T_17.2, 4;
    %load/vec4 v0x55f097385fd0_0;
    %store/vec4 v0x55f097386170_0, 0, 1;
T_17.2 ;
    %jmp T_17;
    .thread T_17, $push;
    .scope S_0x55f0973863b0;
T_18 ;
    %wait E_0x55f0973865f0;
    %load/vec4 v0x55f0973868e0_0;
    %pad/u 32;
    %cmpi/e 0, 0, 32;
    %jmp/0xz  T_18.0, 4;
    %load/vec4 v0x55f097386750_0;
    %store/vec4 v0x55f097386810_0, 0, 1;
T_18.0 ;
    %load/vec4 v0x55f0973868e0_0;
    %pad/u 32;
    %cmpi/e 1, 0, 32;
    %jmp/0xz  T_18.2, 4;
    %load/vec4 v0x55f097386670_0;
    %store/vec4 v0x55f097386810_0, 0, 1;
T_18.2 ;
    %jmp T_18;
    .thread T_18, $push;
    .scope S_0x55f097386a50;
T_19 ;
    %wait E_0x55f097386c90;
    %load/vec4 v0x55f097386f80_0;
    %pad/u 32;
    %cmpi/e 0, 0, 32;
    %jmp/0xz  T_19.0, 4;
    %load/vec4 v0x55f097386df0_0;
    %store/vec4 v0x55f097386eb0_0, 0, 1;
T_19.0 ;
    %load/vec4 v0x55f097386f80_0;
    %pad/u 32;
    %cmpi/e 1, 0, 32;
    %jmp/0xz  T_19.2, 4;
    %load/vec4 v0x55f097386d10_0;
    %store/vec4 v0x55f097386eb0_0, 0, 1;
T_19.2 ;
    %jmp T_19;
    .thread T_19, $push;
    .scope S_0x55f097387790;
T_20 ;
    %wait E_0x55f0973879d0;
    %load/vec4 v0x55f097387cc0_0;
    %pad/u 32;
    %cmpi/e 0, 0, 32;
    %jmp/0xz  T_20.0, 4;
    %load/vec4 v0x55f097387b30_0;
    %store/vec4 v0x55f097387bf0_0, 0, 1;
T_20.0 ;
    %load/vec4 v0x55f097387cc0_0;
    %pad/u 32;
    %cmpi/e 1, 0, 32;
    %jmp/0xz  T_20.2, 4;
    %load/vec4 v0x55f097387a50_0;
    %store/vec4 v0x55f097387bf0_0, 0, 1;
T_20.2 ;
    %jmp T_20;
    .thread T_20, $push;
    .scope S_0x55f097387e30;
T_21 ;
    %wait E_0x55f097388070;
    %load/vec4 v0x55f097388360_0;
    %pad/u 32;
    %cmpi/e 0, 0, 32;
    %jmp/0xz  T_21.0, 4;
    %load/vec4 v0x55f0973881d0_0;
    %store/vec4 v0x55f097388290_0, 0, 1;
T_21.0 ;
    %load/vec4 v0x55f097388360_0;
    %pad/u 32;
    %cmpi/e 1, 0, 32;
    %jmp/0xz  T_21.2, 4;
    %load/vec4 v0x55f0973880f0_0;
    %store/vec4 v0x55f097388290_0, 0, 1;
T_21.2 ;
    %jmp T_21;
    .thread T_21, $push;
    .scope S_0x55f0973884d0;
T_22 ;
    %wait E_0x55f097388710;
    %load/vec4 v0x55f097388a00_0;
    %pad/u 32;
    %cmpi/e 0, 0, 32;
    %jmp/0xz  T_22.0, 4;
    %load/vec4 v0x55f097388870_0;
    %store/vec4 v0x55f097388930_0, 0, 1;
T_22.0 ;
    %load/vec4 v0x55f097388a00_0;
    %pad/u 32;
    %cmpi/e 1, 0, 32;
    %jmp/0xz  T_22.2, 4;
    %load/vec4 v0x55f097388790_0;
    %store/vec4 v0x55f097388930_0, 0, 1;
T_22.2 ;
    %jmp T_22;
    .thread T_22, $push;
    .scope S_0x55f097388b70;
T_23 ;
    %wait E_0x55f097388ec0;
    %load/vec4 v0x55f0973891b0_0;
    %pad/u 32;
    %cmpi/e 0, 0, 32;
    %jmp/0xz  T_23.0, 4;
    %load/vec4 v0x55f097389020_0;
    %store/vec4 v0x55f0973890e0_0, 0, 1;
T_23.0 ;
    %load/vec4 v0x55f0973891b0_0;
    %pad/u 32;
    %cmpi/e 1, 0, 32;
    %jmp/0xz  T_23.2, 4;
    %load/vec4 v0x55f097388f40_0;
    %store/vec4 v0x55f0973890e0_0, 0, 1;
T_23.2 ;
    %jmp T_23;
    .thread T_23, $push;
    .scope S_0x55f097389320;
T_24 ;
    %wait E_0x55f097389560;
    %load/vec4 v0x55f097389850_0;
    %pad/u 32;
    %cmpi/e 0, 0, 32;
    %jmp/0xz  T_24.0, 4;
    %load/vec4 v0x55f0973896c0_0;
    %store/vec4 v0x55f097389780_0, 0, 1;
T_24.0 ;
    %load/vec4 v0x55f097389850_0;
    %pad/u 32;
    %cmpi/e 1, 0, 32;
    %jmp/0xz  T_24.2, 4;
    %load/vec4 v0x55f0973895e0_0;
    %store/vec4 v0x55f097389780_0, 0, 1;
T_24.2 ;
    %jmp T_24;
    .thread T_24, $push;
    .scope S_0x55f0973899c0;
T_25 ;
    %wait E_0x55f097389c00;
    %load/vec4 v0x55f097389ef0_0;
    %pad/u 32;
    %cmpi/e 0, 0, 32;
    %jmp/0xz  T_25.0, 4;
    %load/vec4 v0x55f097389d60_0;
    %store/vec4 v0x55f097389e20_0, 0, 1;
T_25.0 ;
    %load/vec4 v0x55f097389ef0_0;
    %pad/u 32;
    %cmpi/e 1, 0, 32;
    %jmp/0xz  T_25.2, 4;
    %load/vec4 v0x55f097389c80_0;
    %store/vec4 v0x55f097389e20_0, 0, 1;
T_25.2 ;
    %jmp T_25;
    .thread T_25, $push;
    .scope S_0x55f09738a060;
T_26 ;
    %wait E_0x55f09738a2a0;
    %load/vec4 v0x55f09738a590_0;
    %pad/u 32;
    %cmpi/e 0, 0, 32;
    %jmp/0xz  T_26.0, 4;
    %load/vec4 v0x55f09738a400_0;
    %store/vec4 v0x55f09738a4c0_0, 0, 1;
T_26.0 ;
    %load/vec4 v0x55f09738a590_0;
    %pad/u 32;
    %cmpi/e 1, 0, 32;
    %jmp/0xz  T_26.2, 4;
    %load/vec4 v0x55f09738a320_0;
    %store/vec4 v0x55f09738a4c0_0, 0, 1;
T_26.2 ;
    %jmp T_26;
    .thread T_26, $push;
    .scope S_0x55f09738a700;
T_27 ;
    %wait E_0x55f09738a940;
    %load/vec4 v0x55f09738ac30_0;
    %pad/u 32;
    %cmpi/e 0, 0, 32;
    %jmp/0xz  T_27.0, 4;
    %load/vec4 v0x55f09738aaa0_0;
    %store/vec4 v0x55f09738ab60_0, 0, 1;
T_27.0 ;
    %load/vec4 v0x55f09738ac30_0;
    %pad/u 32;
    %cmpi/e 1, 0, 32;
    %jmp/0xz  T_27.2, 4;
    %load/vec4 v0x55f09738a9c0_0;
    %store/vec4 v0x55f09738ab60_0, 0, 1;
T_27.2 ;
    %jmp T_27;
    .thread T_27, $push;
    .scope S_0x55f09738ada0;
T_28 ;
    %wait E_0x55f09738afe0;
    %load/vec4 v0x55f09738b2d0_0;
    %pad/u 32;
    %cmpi/e 0, 0, 32;
    %jmp/0xz  T_28.0, 4;
    %load/vec4 v0x55f09738b140_0;
    %store/vec4 v0x55f09738b200_0, 0, 1;
T_28.0 ;
    %load/vec4 v0x55f09738b2d0_0;
    %pad/u 32;
    %cmpi/e 1, 0, 32;
    %jmp/0xz  T_28.2, 4;
    %load/vec4 v0x55f09738b060_0;
    %store/vec4 v0x55f09738b200_0, 0, 1;
T_28.2 ;
    %jmp T_28;
    .thread T_28, $push;
    .scope S_0x55f09738b440;
T_29 ;
    %wait E_0x55f09738b680;
    %load/vec4 v0x55f09738b970_0;
    %pad/u 32;
    %cmpi/e 0, 0, 32;
    %jmp/0xz  T_29.0, 4;
    %load/vec4 v0x55f09738b7e0_0;
    %store/vec4 v0x55f09738b8a0_0, 0, 1;
T_29.0 ;
    %load/vec4 v0x55f09738b970_0;
    %pad/u 32;
    %cmpi/e 1, 0, 32;
    %jmp/0xz  T_29.2, 4;
    %load/vec4 v0x55f09738b700_0;
    %store/vec4 v0x55f09738b8a0_0, 0, 1;
T_29.2 ;
    %jmp T_29;
    .thread T_29, $push;
    .scope S_0x55f09738c180;
T_30 ;
    %wait E_0x55f09738c3c0;
    %load/vec4 v0x55f09738c6b0_0;
    %pad/u 32;
    %cmpi/e 0, 0, 32;
    %jmp/0xz  T_30.0, 4;
    %load/vec4 v0x55f09738c520_0;
    %store/vec4 v0x55f09738c5e0_0, 0, 1;
T_30.0 ;
    %load/vec4 v0x55f09738c6b0_0;
    %pad/u 32;
    %cmpi/e 1, 0, 32;
    %jmp/0xz  T_30.2, 4;
    %load/vec4 v0x55f09738c440_0;
    %store/vec4 v0x55f09738c5e0_0, 0, 1;
T_30.2 ;
    %jmp T_30;
    .thread T_30, $push;
    .scope S_0x55f09738c820;
T_31 ;
    %wait E_0x55f09738ca60;
    %load/vec4 v0x55f09738cd50_0;
    %pad/u 32;
    %cmpi/e 0, 0, 32;
    %jmp/0xz  T_31.0, 4;
    %load/vec4 v0x55f09738cbc0_0;
    %store/vec4 v0x55f09738cc80_0, 0, 1;
T_31.0 ;
    %load/vec4 v0x55f09738cd50_0;
    %pad/u 32;
    %cmpi/e 1, 0, 32;
    %jmp/0xz  T_31.2, 4;
    %load/vec4 v0x55f09738cae0_0;
    %store/vec4 v0x55f09738cc80_0, 0, 1;
T_31.2 ;
    %jmp T_31;
    .thread T_31, $push;
    .scope S_0x55f09738cec0;
T_32 ;
    %wait E_0x55f09738d100;
    %load/vec4 v0x55f09738d3f0_0;
    %pad/u 32;
    %cmpi/e 0, 0, 32;
    %jmp/0xz  T_32.0, 4;
    %load/vec4 v0x55f09738d260_0;
    %store/vec4 v0x55f09738d320_0, 0, 1;
T_32.0 ;
    %load/vec4 v0x55f09738d3f0_0;
    %pad/u 32;
    %cmpi/e 1, 0, 32;
    %jmp/0xz  T_32.2, 4;
    %load/vec4 v0x55f09738d180_0;
    %store/vec4 v0x55f09738d320_0, 0, 1;
T_32.2 ;
    %jmp T_32;
    .thread T_32, $push;
    .scope S_0x55f09738d560;
T_33 ;
    %wait E_0x55f09738d7a0;
    %load/vec4 v0x55f09738da90_0;
    %pad/u 32;
    %cmpi/e 0, 0, 32;
    %jmp/0xz  T_33.0, 4;
    %load/vec4 v0x55f09738d900_0;
    %store/vec4 v0x55f09738d9c0_0, 0, 1;
T_33.0 ;
    %load/vec4 v0x55f09738da90_0;
    %pad/u 32;
    %cmpi/e 1, 0, 32;
    %jmp/0xz  T_33.2, 4;
    %load/vec4 v0x55f09738d820_0;
    %store/vec4 v0x55f09738d9c0_0, 0, 1;
T_33.2 ;
    %jmp T_33;
    .thread T_33, $push;
    .scope S_0x55f09738dc00;
T_34 ;
    %wait E_0x55f09738de40;
    %load/vec4 v0x55f09738e130_0;
    %pad/u 32;
    %cmpi/e 0, 0, 32;
    %jmp/0xz  T_34.0, 4;
    %load/vec4 v0x55f09738dfa0_0;
    %store/vec4 v0x55f09738e060_0, 0, 1;
T_34.0 ;
    %load/vec4 v0x55f09738e130_0;
    %pad/u 32;
    %cmpi/e 1, 0, 32;
    %jmp/0xz  T_34.2, 4;
    %load/vec4 v0x55f09738dec0_0;
    %store/vec4 v0x55f09738e060_0, 0, 1;
T_34.2 ;
    %jmp T_34;
    .thread T_34, $push;
    .scope S_0x55f09738e2a0;
T_35 ;
    %wait E_0x55f09738e4e0;
    %load/vec4 v0x55f09738e7d0_0;
    %pad/u 32;
    %cmpi/e 0, 0, 32;
    %jmp/0xz  T_35.0, 4;
    %load/vec4 v0x55f09738e640_0;
    %store/vec4 v0x55f09738e700_0, 0, 1;
T_35.0 ;
    %load/vec4 v0x55f09738e7d0_0;
    %pad/u 32;
    %cmpi/e 1, 0, 32;
    %jmp/0xz  T_35.2, 4;
    %load/vec4 v0x55f09738e560_0;
    %store/vec4 v0x55f09738e700_0, 0, 1;
T_35.2 ;
    %jmp T_35;
    .thread T_35, $push;
    .scope S_0x55f09738e940;
T_36 ;
    %wait E_0x55f09738eb80;
    %load/vec4 v0x55f09738ee70_0;
    %pad/u 32;
    %cmpi/e 0, 0, 32;
    %jmp/0xz  T_36.0, 4;
    %load/vec4 v0x55f09738ece0_0;
    %store/vec4 v0x55f09738eda0_0, 0, 1;
T_36.0 ;
    %load/vec4 v0x55f09738ee70_0;
    %pad/u 32;
    %cmpi/e 1, 0, 32;
    %jmp/0xz  T_36.2, 4;
    %load/vec4 v0x55f09738ec00_0;
    %store/vec4 v0x55f09738eda0_0, 0, 1;
T_36.2 ;
    %jmp T_36;
    .thread T_36, $push;
    .scope S_0x55f09738efe0;
T_37 ;
    %wait E_0x55f09738f220;
    %load/vec4 v0x55f09738f510_0;
    %pad/u 32;
    %cmpi/e 0, 0, 32;
    %jmp/0xz  T_37.0, 4;
    %load/vec4 v0x55f09738f380_0;
    %store/vec4 v0x55f09738f440_0, 0, 1;
T_37.0 ;
    %load/vec4 v0x55f09738f510_0;
    %pad/u 32;
    %cmpi/e 1, 0, 32;
    %jmp/0xz  T_37.2, 4;
    %load/vec4 v0x55f09738f2a0_0;
    %store/vec4 v0x55f09738f440_0, 0, 1;
T_37.2 ;
    %jmp T_37;
    .thread T_37, $push;
    .scope S_0x55f09738f680;
T_38 ;
    %wait E_0x55f09738fad0;
    %load/vec4 v0x55f09738fdc0_0;
    %pad/u 32;
    %cmpi/e 0, 0, 32;
    %jmp/0xz  T_38.0, 4;
    %load/vec4 v0x55f09738fc30_0;
    %store/vec4 v0x55f09738fcf0_0, 0, 1;
T_38.0 ;
    %load/vec4 v0x55f09738fdc0_0;
    %pad/u 32;
    %cmpi/e 1, 0, 32;
    %jmp/0xz  T_38.2, 4;
    %load/vec4 v0x55f09738fb50_0;
    %store/vec4 v0x55f09738fcf0_0, 0, 1;
T_38.2 ;
    %jmp T_38;
    .thread T_38, $push;
    .scope S_0x55f09738ff30;
T_39 ;
    %wait E_0x55f097390170;
    %load/vec4 v0x55f097390460_0;
    %pad/u 32;
    %cmpi/e 0, 0, 32;
    %jmp/0xz  T_39.0, 4;
    %load/vec4 v0x55f0973902d0_0;
    %store/vec4 v0x55f097390390_0, 0, 1;
T_39.0 ;
    %load/vec4 v0x55f097390460_0;
    %pad/u 32;
    %cmpi/e 1, 0, 32;
    %jmp/0xz  T_39.2, 4;
    %load/vec4 v0x55f0973901f0_0;
    %store/vec4 v0x55f097390390_0, 0, 1;
T_39.2 ;
    %jmp T_39;
    .thread T_39, $push;
    .scope S_0x55f097390c70;
T_40 ;
    %wait E_0x55f097390eb0;
    %load/vec4 v0x55f0973911a0_0;
    %pad/u 32;
    %cmpi/e 0, 0, 32;
    %jmp/0xz  T_40.0, 4;
    %load/vec4 v0x55f097391010_0;
    %store/vec4 v0x55f0973910d0_0, 0, 1;
T_40.0 ;
    %load/vec4 v0x55f0973911a0_0;
    %pad/u 32;
    %cmpi/e 1, 0, 32;
    %jmp/0xz  T_40.2, 4;
    %load/vec4 v0x55f097390f30_0;
    %store/vec4 v0x55f0973910d0_0, 0, 1;
T_40.2 ;
    %jmp T_40;
    .thread T_40, $push;
    .scope S_0x55f097391310;
T_41 ;
    %wait E_0x55f097391550;
    %load/vec4 v0x55f097391840_0;
    %pad/u 32;
    %cmpi/e 0, 0, 32;
    %jmp/0xz  T_41.0, 4;
    %load/vec4 v0x55f0973916b0_0;
    %store/vec4 v0x55f097391770_0, 0, 1;
T_41.0 ;
    %load/vec4 v0x55f097391840_0;
    %pad/u 32;
    %cmpi/e 1, 0, 32;
    %jmp/0xz  T_41.2, 4;
    %load/vec4 v0x55f0973915d0_0;
    %store/vec4 v0x55f097391770_0, 0, 1;
T_41.2 ;
    %jmp T_41;
    .thread T_41, $push;
    .scope S_0x55f0973919b0;
T_42 ;
    %wait E_0x55f097391bf0;
    %load/vec4 v0x55f097391ee0_0;
    %pad/u 32;
    %cmpi/e 0, 0, 32;
    %jmp/0xz  T_42.0, 4;
    %load/vec4 v0x55f097391d50_0;
    %store/vec4 v0x55f097391e10_0, 0, 1;
T_42.0 ;
    %load/vec4 v0x55f097391ee0_0;
    %pad/u 32;
    %cmpi/e 1, 0, 32;
    %jmp/0xz  T_42.2, 4;
    %load/vec4 v0x55f097391c70_0;
    %store/vec4 v0x55f097391e10_0, 0, 1;
T_42.2 ;
    %jmp T_42;
    .thread T_42, $push;
    .scope S_0x55f097392050;
T_43 ;
    %wait E_0x55f097392290;
    %load/vec4 v0x55f097392580_0;
    %pad/u 32;
    %cmpi/e 0, 0, 32;
    %jmp/0xz  T_43.0, 4;
    %load/vec4 v0x55f0973923f0_0;
    %store/vec4 v0x55f0973924b0_0, 0, 1;
T_43.0 ;
    %load/vec4 v0x55f097392580_0;
    %pad/u 32;
    %cmpi/e 1, 0, 32;
    %jmp/0xz  T_43.2, 4;
    %load/vec4 v0x55f097392310_0;
    %store/vec4 v0x55f0973924b0_0, 0, 1;
T_43.2 ;
    %jmp T_43;
    .thread T_43, $push;
    .scope S_0x55f0973926f0;
T_44 ;
    %wait E_0x55f097392930;
    %load/vec4 v0x55f097392c20_0;
    %pad/u 32;
    %cmpi/e 0, 0, 32;
    %jmp/0xz  T_44.0, 4;
    %load/vec4 v0x55f097392a90_0;
    %store/vec4 v0x55f097392b50_0, 0, 1;
T_44.0 ;
    %load/vec4 v0x55f097392c20_0;
    %pad/u 32;
    %cmpi/e 1, 0, 32;
    %jmp/0xz  T_44.2, 4;
    %load/vec4 v0x55f0973929b0_0;
    %store/vec4 v0x55f097392b50_0, 0, 1;
T_44.2 ;
    %jmp T_44;
    .thread T_44, $push;
    .scope S_0x55f097392d90;
T_45 ;
    %wait E_0x55f097392fd0;
    %load/vec4 v0x55f0973932c0_0;
    %pad/u 32;
    %cmpi/e 0, 0, 32;
    %jmp/0xz  T_45.0, 4;
    %load/vec4 v0x55f097393130_0;
    %store/vec4 v0x55f0973931f0_0, 0, 1;
T_45.0 ;
    %load/vec4 v0x55f0973932c0_0;
    %pad/u 32;
    %cmpi/e 1, 0, 32;
    %jmp/0xz  T_45.2, 4;
    %load/vec4 v0x55f097393050_0;
    %store/vec4 v0x55f0973931f0_0, 0, 1;
T_45.2 ;
    %jmp T_45;
    .thread T_45, $push;
    .scope S_0x55f097393430;
T_46 ;
    %wait E_0x55f097393670;
    %load/vec4 v0x55f097393960_0;
    %pad/u 32;
    %cmpi/e 0, 0, 32;
    %jmp/0xz  T_46.0, 4;
    %load/vec4 v0x55f0973937d0_0;
    %store/vec4 v0x55f097393890_0, 0, 1;
T_46.0 ;
    %load/vec4 v0x55f097393960_0;
    %pad/u 32;
    %cmpi/e 1, 0, 32;
    %jmp/0xz  T_46.2, 4;
    %load/vec4 v0x55f0973936f0_0;
    %store/vec4 v0x55f097393890_0, 0, 1;
T_46.2 ;
    %jmp T_46;
    .thread T_46, $push;
    .scope S_0x55f097393ad0;
T_47 ;
    %wait E_0x55f097393d10;
    %load/vec4 v0x55f097394000_0;
    %pad/u 32;
    %cmpi/e 0, 0, 32;
    %jmp/0xz  T_47.0, 4;
    %load/vec4 v0x55f097393e70_0;
    %store/vec4 v0x55f097393f30_0, 0, 1;
T_47.0 ;
    %load/vec4 v0x55f097394000_0;
    %pad/u 32;
    %cmpi/e 1, 0, 32;
    %jmp/0xz  T_47.2, 4;
    %load/vec4 v0x55f097393d90_0;
    %store/vec4 v0x55f097393f30_0, 0, 1;
T_47.2 ;
    %jmp T_47;
    .thread T_47, $push;
    .scope S_0x55f097394170;
T_48 ;
    %wait E_0x55f0973943b0;
    %load/vec4 v0x55f0973946a0_0;
    %pad/u 32;
    %cmpi/e 0, 0, 32;
    %jmp/0xz  T_48.0, 4;
    %load/vec4 v0x55f097394510_0;
    %store/vec4 v0x55f0973945d0_0, 0, 1;
T_48.0 ;
    %load/vec4 v0x55f0973946a0_0;
    %pad/u 32;
    %cmpi/e 1, 0, 32;
    %jmp/0xz  T_48.2, 4;
    %load/vec4 v0x55f097394430_0;
    %store/vec4 v0x55f0973945d0_0, 0, 1;
T_48.2 ;
    %jmp T_48;
    .thread T_48, $push;
    .scope S_0x55f097394810;
T_49 ;
    %wait E_0x55f097394a50;
    %load/vec4 v0x55f097394d40_0;
    %pad/u 32;
    %cmpi/e 0, 0, 32;
    %jmp/0xz  T_49.0, 4;
    %load/vec4 v0x55f097394bb0_0;
    %store/vec4 v0x55f097394c70_0, 0, 1;
T_49.0 ;
    %load/vec4 v0x55f097394d40_0;
    %pad/u 32;
    %cmpi/e 1, 0, 32;
    %jmp/0xz  T_49.2, 4;
    %load/vec4 v0x55f097394ad0_0;
    %store/vec4 v0x55f097394c70_0, 0, 1;
T_49.2 ;
    %jmp T_49;
    .thread T_49, $push;
    .scope S_0x55f097395550;
T_50 ;
    %wait E_0x55f097395790;
    %load/vec4 v0x55f097395a80_0;
    %pad/u 32;
    %cmpi/e 0, 0, 32;
    %jmp/0xz  T_50.0, 4;
    %load/vec4 v0x55f0973958f0_0;
    %store/vec4 v0x55f0973959b0_0, 0, 1;
T_50.0 ;
    %load/vec4 v0x55f097395a80_0;
    %pad/u 32;
    %cmpi/e 1, 0, 32;
    %jmp/0xz  T_50.2, 4;
    %load/vec4 v0x55f097395810_0;
    %store/vec4 v0x55f0973959b0_0, 0, 1;
T_50.2 ;
    %jmp T_50;
    .thread T_50, $push;
    .scope S_0x55f097395bf0;
T_51 ;
    %wait E_0x55f097395e30;
    %load/vec4 v0x55f097396120_0;
    %pad/u 32;
    %cmpi/e 0, 0, 32;
    %jmp/0xz  T_51.0, 4;
    %load/vec4 v0x55f097395f90_0;
    %store/vec4 v0x55f097396050_0, 0, 1;
T_51.0 ;
    %load/vec4 v0x55f097396120_0;
    %pad/u 32;
    %cmpi/e 1, 0, 32;
    %jmp/0xz  T_51.2, 4;
    %load/vec4 v0x55f097395eb0_0;
    %store/vec4 v0x55f097396050_0, 0, 1;
T_51.2 ;
    %jmp T_51;
    .thread T_51, $push;
    .scope S_0x55f097396290;
T_52 ;
    %wait E_0x55f0973964d0;
    %load/vec4 v0x55f0973967c0_0;
    %pad/u 32;
    %cmpi/e 0, 0, 32;
    %jmp/0xz  T_52.0, 4;
    %load/vec4 v0x55f097396630_0;
    %store/vec4 v0x55f0973966f0_0, 0, 1;
T_52.0 ;
    %load/vec4 v0x55f0973967c0_0;
    %pad/u 32;
    %cmpi/e 1, 0, 32;
    %jmp/0xz  T_52.2, 4;
    %load/vec4 v0x55f097396550_0;
    %store/vec4 v0x55f0973966f0_0, 0, 1;
T_52.2 ;
    %jmp T_52;
    .thread T_52, $push;
    .scope S_0x55f097396930;
T_53 ;
    %wait E_0x55f097396b70;
    %load/vec4 v0x55f097396e60_0;
    %pad/u 32;
    %cmpi/e 0, 0, 32;
    %jmp/0xz  T_53.0, 4;
    %load/vec4 v0x55f097396cd0_0;
    %store/vec4 v0x55f097396d90_0, 0, 1;
T_53.0 ;
    %load/vec4 v0x55f097396e60_0;
    %pad/u 32;
    %cmpi/e 1, 0, 32;
    %jmp/0xz  T_53.2, 4;
    %load/vec4 v0x55f097396bf0_0;
    %store/vec4 v0x55f097396d90_0, 0, 1;
T_53.2 ;
    %jmp T_53;
    .thread T_53, $push;
    .scope S_0x55f097396fd0;
T_54 ;
    %wait E_0x55f097397210;
    %load/vec4 v0x55f097397500_0;
    %pad/u 32;
    %cmpi/e 0, 0, 32;
    %jmp/0xz  T_54.0, 4;
    %load/vec4 v0x55f097397370_0;
    %store/vec4 v0x55f097397430_0, 0, 1;
T_54.0 ;
    %load/vec4 v0x55f097397500_0;
    %pad/u 32;
    %cmpi/e 1, 0, 32;
    %jmp/0xz  T_54.2, 4;
    %load/vec4 v0x55f097397290_0;
    %store/vec4 v0x55f097397430_0, 0, 1;
T_54.2 ;
    %jmp T_54;
    .thread T_54, $push;
    .scope S_0x55f097397670;
T_55 ;
    %wait E_0x55f0973978b0;
    %load/vec4 v0x55f097397ba0_0;
    %pad/u 32;
    %cmpi/e 0, 0, 32;
    %jmp/0xz  T_55.0, 4;
    %load/vec4 v0x55f097397a10_0;
    %store/vec4 v0x55f097397ad0_0, 0, 1;
T_55.0 ;
    %load/vec4 v0x55f097397ba0_0;
    %pad/u 32;
    %cmpi/e 1, 0, 32;
    %jmp/0xz  T_55.2, 4;
    %load/vec4 v0x55f097397930_0;
    %store/vec4 v0x55f097397ad0_0, 0, 1;
T_55.2 ;
    %jmp T_55;
    .thread T_55, $push;
    .scope S_0x55f097397d10;
T_56 ;
    %wait E_0x55f097397f50;
    %load/vec4 v0x55f097398240_0;
    %pad/u 32;
    %cmpi/e 0, 0, 32;
    %jmp/0xz  T_56.0, 4;
    %load/vec4 v0x55f0973980b0_0;
    %store/vec4 v0x55f097398170_0, 0, 1;
T_56.0 ;
    %load/vec4 v0x55f097398240_0;
    %pad/u 32;
    %cmpi/e 1, 0, 32;
    %jmp/0xz  T_56.2, 4;
    %load/vec4 v0x55f097397fd0_0;
    %store/vec4 v0x55f097398170_0, 0, 1;
T_56.2 ;
    %jmp T_56;
    .thread T_56, $push;
    .scope S_0x55f0973983b0;
T_57 ;
    %wait E_0x55f0973985f0;
    %load/vec4 v0x55f0973988e0_0;
    %pad/u 32;
    %cmpi/e 0, 0, 32;
    %jmp/0xz  T_57.0, 4;
    %load/vec4 v0x55f097398750_0;
    %store/vec4 v0x55f097398810_0, 0, 1;
T_57.0 ;
    %load/vec4 v0x55f0973988e0_0;
    %pad/u 32;
    %cmpi/e 1, 0, 32;
    %jmp/0xz  T_57.2, 4;
    %load/vec4 v0x55f097398670_0;
    %store/vec4 v0x55f097398810_0, 0, 1;
T_57.2 ;
    %jmp T_57;
    .thread T_57, $push;
    .scope S_0x55f097398a50;
T_58 ;
    %wait E_0x55f097398c90;
    %load/vec4 v0x55f097398f80_0;
    %pad/u 32;
    %cmpi/e 0, 0, 32;
    %jmp/0xz  T_58.0, 4;
    %load/vec4 v0x55f097398df0_0;
    %store/vec4 v0x55f097398eb0_0, 0, 1;
T_58.0 ;
    %load/vec4 v0x55f097398f80_0;
    %pad/u 32;
    %cmpi/e 1, 0, 32;
    %jmp/0xz  T_58.2, 4;
    %load/vec4 v0x55f097398d10_0;
    %store/vec4 v0x55f097398eb0_0, 0, 1;
T_58.2 ;
    %jmp T_58;
    .thread T_58, $push;
    .scope S_0x55f0973990f0;
T_59 ;
    %wait E_0x55f097399330;
    %load/vec4 v0x55f097399620_0;
    %pad/u 32;
    %cmpi/e 0, 0, 32;
    %jmp/0xz  T_59.0, 4;
    %load/vec4 v0x55f097399490_0;
    %store/vec4 v0x55f097399550_0, 0, 1;
T_59.0 ;
    %load/vec4 v0x55f097399620_0;
    %pad/u 32;
    %cmpi/e 1, 0, 32;
    %jmp/0xz  T_59.2, 4;
    %load/vec4 v0x55f0973993b0_0;
    %store/vec4 v0x55f097399550_0, 0, 1;
T_59.2 ;
    %jmp T_59;
    .thread T_59, $push;
    .scope S_0x55f097399e30;
T_60 ;
    %wait E_0x55f09739a070;
    %load/vec4 v0x55f09739a360_0;
    %pad/u 32;
    %cmpi/e 0, 0, 32;
    %jmp/0xz  T_60.0, 4;
    %load/vec4 v0x55f09739a1d0_0;
    %store/vec4 v0x55f09739a290_0, 0, 1;
T_60.0 ;
    %load/vec4 v0x55f09739a360_0;
    %pad/u 32;
    %cmpi/e 1, 0, 32;
    %jmp/0xz  T_60.2, 4;
    %load/vec4 v0x55f09739a0f0_0;
    %store/vec4 v0x55f09739a290_0, 0, 1;
T_60.2 ;
    %jmp T_60;
    .thread T_60, $push;
    .scope S_0x55f09739a4d0;
T_61 ;
    %wait E_0x55f09739a710;
    %load/vec4 v0x55f09739aa00_0;
    %pad/u 32;
    %cmpi/e 0, 0, 32;
    %jmp/0xz  T_61.0, 4;
    %load/vec4 v0x55f09739a870_0;
    %store/vec4 v0x55f09739a930_0, 0, 1;
T_61.0 ;
    %load/vec4 v0x55f09739aa00_0;
    %pad/u 32;
    %cmpi/e 1, 0, 32;
    %jmp/0xz  T_61.2, 4;
    %load/vec4 v0x55f09739a790_0;
    %store/vec4 v0x55f09739a930_0, 0, 1;
T_61.2 ;
    %jmp T_61;
    .thread T_61, $push;
    .scope S_0x55f09739ab70;
T_62 ;
    %wait E_0x55f09739adb0;
    %load/vec4 v0x55f09739b0a0_0;
    %pad/u 32;
    %cmpi/e 0, 0, 32;
    %jmp/0xz  T_62.0, 4;
    %load/vec4 v0x55f09739af10_0;
    %store/vec4 v0x55f09739afd0_0, 0, 1;
T_62.0 ;
    %load/vec4 v0x55f09739b0a0_0;
    %pad/u 32;
    %cmpi/e 1, 0, 32;
    %jmp/0xz  T_62.2, 4;
    %load/vec4 v0x55f09739ae30_0;
    %store/vec4 v0x55f09739afd0_0, 0, 1;
T_62.2 ;
    %jmp T_62;
    .thread T_62, $push;
    .scope S_0x55f09739b210;
T_63 ;
    %wait E_0x55f09739b450;
    %load/vec4 v0x55f09739b740_0;
    %pad/u 32;
    %cmpi/e 0, 0, 32;
    %jmp/0xz  T_63.0, 4;
    %load/vec4 v0x55f09739b5b0_0;
    %store/vec4 v0x55f09739b670_0, 0, 1;
T_63.0 ;
    %load/vec4 v0x55f09739b740_0;
    %pad/u 32;
    %cmpi/e 1, 0, 32;
    %jmp/0xz  T_63.2, 4;
    %load/vec4 v0x55f09739b4d0_0;
    %store/vec4 v0x55f09739b670_0, 0, 1;
T_63.2 ;
    %jmp T_63;
    .thread T_63, $push;
    .scope S_0x55f09732c830;
T_64 ;
    %pushi/vec4 2, 0, 16;
    %store/vec4 v0x55f09739d2a0_0, 0, 16;
    %pushi/vec4 4, 0, 4;
    %store/vec4 v0x55f09739d430_0, 0, 4;
    %end;
    .thread T_64;
    .scope S_0x55f09732c830;
T_65 ;
    %vpi_call 2 19 "$monitor", "Original: %b Left Shift: %b", v0x55f09739d2a0_0, v0x55f09739d360_0 {0 0 0};
    %end;
    .thread T_65;
# The file index is used to find the file name in the following table.
:file_names 5;
    "N/A";
    "<interactive>";
    "mux2-1_tb.vl";
    "./barrel16.vl";
    "./mux2-1.vl";
