#! /usr/local/bin/vvp
:ivl_version "10.2 (stable)" "(v10_2)";
:ivl_delay_selection "TYPICAL";
:vpi_time_precision + 0;
:vpi_module "system";
:vpi_module "vhdl_sys";
:vpi_module "v2005_math";
:vpi_module "va_math";
S_0x5592d75421b0 .scope module, "last" "last" 2 1;
 .timescale 0 0;
    .port_info 0 /INPUT 1 "a"
    .port_info 1 /INPUT 1 "b"
    .port_info 2 /OUTPUT 2 "c"
o0x7f9404949018 .functor BUFZ 1, C4<z>; HiZ drive
v0x5592d75423c0_0 .net "a", 0 0, o0x7f9404949018;  0 drivers
o0x7f9404949048 .functor BUFZ 1, C4<z>; HiZ drive
v0x5592d7599800_0 .net "b", 0 0, o0x7f9404949048;  0 drivers
v0x5592d75998c0_0 .var "c", 1 0;
E_0x5592d7542a30 .event edge, v0x5592d7599800_0, v0x5592d75423c0_0;
    .scope S_0x5592d75421b0;
T_0 ;
    %wait E_0x5592d7542a30;
    %load/vec4 v0x5592d75423c0_0;
    %pad/u 32;
    %pushi/vec4 0, 0, 32;
    %cmp/e;
    %flag_get/vec4 4;
    %load/vec4 v0x5592d7599800_0;
    %pad/u 32;
    %pushi/vec4 0, 0, 32;
    %cmp/e;
    %flag_get/vec4 4;
    %and;
    %flag_set/vec4 8;
    %jmp/0xz  T_0.0, 8;
    %pushi/vec4 0, 0, 2;
    %store/vec4 v0x5592d75998c0_0, 0, 2;
    %jmp T_0.1;
T_0.0 ;
    %load/vec4 v0x5592d75423c0_0;
    %pad/u 32;
    %pushi/vec4 1, 0, 32;
    %cmp/e;
    %flag_get/vec4 4;
    %load/vec4 v0x5592d7599800_0;
    %pad/u 32;
    %pushi/vec4 1, 0, 32;
    %cmp/e;
    %flag_get/vec4 4;
    %and;
    %flag_set/vec4 8;
    %jmp/0xz  T_0.2, 8;
    %pushi/vec4 3, 0, 2;
    %store/vec4 v0x5592d75998c0_0, 0, 2;
    %jmp T_0.3;
T_0.2 ;
    %pushi/vec4 1, 0, 2;
    %store/vec4 v0x5592d75998c0_0, 0, 2;
T_0.3 ;
T_0.1 ;
    %jmp T_0;
    .thread T_0, $push;
# The file index is used to find the file name in the following table.
:file_names 3;
    "N/A";
    "<interactive>";
    "P_cla.vl";
